{"meta": {"format": 3, "version": "7.13.5", "timestamp": "2026-06-05T19:17:56.143390", "branch_coverage": false, "show_contexts": false}, "files": {"src/__init__.py": {"executed_lines": [], "summary": {"covered_lines": 0, "num_statements": 0, "percent_covered": 100.0, "percent_covered_display": "100", "missing_lines": 0, "excluded_lines": 0, "percent_statements_covered": 100.0, "percent_statements_covered_display": "100"}, "missing_lines": [], "excluded_lines": [], "functions": {"": {"executed_lines": [], "summary": {"covered_lines": 0, "num_statements": 0, "percent_covered": 100.0, "percent_covered_display": "100", "missing_lines": 0, "excluded_lines": 0, "percent_statements_covered": 100.0, "percent_statements_covered_display": "100"}, "missing_lines": [], "excluded_lines": [], "start_line": 1}}, "classes": {"": {"executed_lines": [], "summary": {"covered_lines": 0, "num_statements": 0, "percent_covered": 100.0, "percent_covered_display": "100", "missing_lines": 0, "excluded_lines": 0, "percent_statements_covered": 100.0, "percent_statements_covered_display": "100"}, "missing_lines": [], "excluded_lines": [], "start_line": 1}}}, "src/asset_convertor/__init__.py": {"executed_lines": [3], "summary": {"covered_lines": 1, "num_statements": 1, "percent_covered": 100.0, "percent_covered_display": "100", "missing_lines": 0, "excluded_lines": 0, "percent_statements_covered": 100.0, "percent_statements_covered_display": "100"}, "missing_lines": [], "excluded_lines": [], "functions": {"": {"executed_lines": [3], "summary": {"covered_lines": 1, "num_statements": 1, "percent_covered": 100.0, "percent_covered_display": "100", "missing_lines": 0, "excluded_lines": 0, "percent_statements_covered": 100.0, "percent_statements_covered_display": "100"}, "missing_lines": [], "excluded_lines": [], "start_line": 1}}, "classes": {"": {"executed_lines": [3], "summary": {"covered_lines": 1, "num_statements": 1, "percent_covered": 100.0, "percent_covered_display": "100", "missing_lines": 0, "excluded_lines": 0, "percent_statements_covered": 100.0, "percent_statements_covered_display": "100"}, "missing_lines": [], "excluded_lines": [], "start_line": 1}}}, "src/asset_convertor/__main__.py": {"executed_lines": [], "summary": {"covered_lines": 0, "num_statements": 6, "percent_covered": 0.0, "percent_covered_display": "0", "missing_lines": 6, "excluded_lines": 0, "percent_statements_covered": 0.0, "percent_statements_covered_display": "0"}, "missing_lines": [1, 4, 5, 6, 8, 9], "excluded_lines": [], "functions": {"main": {"executed_lines": [], "summary": {"covered_lines": 0, "num_statements": 2, "percent_covered": 0.0, "percent_covered_display": "0", "missing_lines": 2, "excluded_lines": 0, "percent_statements_covered": 0.0, "percent_statements_covered_display": "0"}, "missing_lines": [5, 6], "excluded_lines": [], "start_line": 4}, "": {"executed_lines": [], "summary": {"covered_lines": 0, "num_statements": 4, "percent_covered": 0.0, "percent_covered_display": "0", "missing_lines": 4, "excluded_lines": 0, "percent_statements_covered": 0.0, "percent_statements_covered_display": "0"}, "missing_lines": [1, 4, 8, 9], "excluded_lines": [], "start_line": 1}}, "classes": {"": {"executed_lines": [], "summary": {"covered_lines": 0, "num_statements": 6, "percent_covered": 0.0, "percent_covered_display": "0", "missing_lines": 6, "excluded_lines": 0, "percent_statements_covered": 0.0, "percent_statements_covered_display": "0"}, "missing_lines": [1, 4, 5, 6, 8, 9], "excluded_lines": [], "start_line": 1}}}, "src/asset_convertor/config/__init__.py": {"executed_lines": [], "summary": {"covered_lines": 0, "num_statements": 0, "percent_covered": 100.0, "percent_covered_display": "100", "missing_lines": 0, "excluded_lines": 0, "percent_statements_covered": 100.0, "percent_statements_covered_display": "100"}, "missing_lines": [], "excluded_lines": [], "functions": {"": {"executed_lines": [], "summary": {"covered_lines": 0, "num_statements": 0, "percent_covered": 100.0, "percent_covered_display": "100", "missing_lines": 0, "excluded_lines": 0, "percent_statements_covered": 100.0, "percent_statements_covered_display": "100"}, "missing_lines": [], "excluded_lines": [], "start_line": 1}}, "classes": {"": {"executed_lines": [], "summary": {"covered_lines": 0, "num_statements": 0, "percent_covered": 100.0, "percent_covered_display": "100", "missing_lines": 0, "excluded_lines": 0, "percent_statements_covered": 100.0, "percent_statements_covered_display": "100"}, "missing_lines": [], "excluded_lines": [], "start_line": 1}}}, "src/asset_convertor/config/palette_loader.py": {"executed_lines": [1, 4, 10, 11, 13, 14, 15, 16, 18, 20, 21, 22, 23, 24, 25, 27], "summary": {"covered_lines": 16, "num_statements": 16, "percent_covered": 100.0, "percent_covered_display": "100", "missing_lines": 0, "excluded_lines": 0, "percent_statements_covered": 100.0, "percent_statements_covered_display": "100"}, "missing_lines": [], "excluded_lines": [], "functions": {"load_palettes": {"executed_lines": [10, 11, 13, 14, 15, 16, 18, 20, 21, 22, 23, 24, 25, 27], "summary": {"covered_lines": 14, "num_statements": 14, "percent_covered": 100.0, "percent_covered_display": "100", "missing_lines": 0, "excluded_lines": 0, "percent_statements_covered": 100.0, "percent_statements_covered_display": "100"}, "missing_lines": [], "excluded_lines": [], "start_line": 4}, "": {"executed_lines": [1, 4], "summary": {"covered_lines": 2, "num_statements": 2, "percent_covered": 100.0, "percent_covered_display": "100", "missing_lines": 0, "excluded_lines": 0, "percent_statements_covered": 100.0, "percent_statements_covered_display": "100"}, "missing_lines": [], "excluded_lines": [], "start_line": 1}}, "classes": {"": {"executed_lines": [1, 4, 10, 11, 13, 14, 15, 16, 18, 20, 21, 22, 23, 24, 25, 27], "summary": {"covered_lines": 16, "num_statements": 16, "percent_covered": 100.0, "percent_covered_display": "100", "missing_lines": 0, "excluded_lines": 0, "percent_statements_covered": 100.0, "percent_statements_covered_display": "100"}, "missing_lines": [], "excluded_lines": [], "start_line": 1}}}, "src/asset_convertor/core/__init__.py": {"executed_lines": [], "summary": {"covered_lines": 0, "num_statements": 0, "percent_covered": 100.0, "percent_covered_display": "100", "missing_lines": 0, "excluded_lines": 0, "percent_statements_covered": 100.0, "percent_statements_covered_display": "100"}, "missing_lines": [], "excluded_lines": [], "functions": {"": {"executed_lines": [], "summary": {"covered_lines": 0, "num_statements": 0, "percent_covered": 100.0, "percent_covered_display": "100", "missing_lines": 0, "excluded_lines": 0, "percent_statements_covered": 100.0, "percent_statements_covered_display": "100"}, "missing_lines": [], "excluded_lines": [], "start_line": 1}}, "classes": {"": {"executed_lines": [], "summary": {"covered_lines": 0, "num_statements": 0, "percent_covered": 100.0, "percent_covered_display": "100", "missing_lines": 0, "excluded_lines": 0, "percent_statements_covered": 100.0, "percent_statements_covered_display": "100"}, "missing_lines": [], "excluded_lines": [], "start_line": 1}}}, "src/asset_convertor/core/constants.py": {"executed_lines": [4, 5, 8, 62, 69, 76, 85, 86, 87, 90, 91, 92, 95, 96, 99, 106, 115, 122, 131], "summary": {"covered_lines": 19, "num_statements": 19, "percent_covered": 100.0, "percent_covered_display": "100", "missing_lines": 0, "excluded_lines": 0, "percent_statements_covered": 100.0, "percent_statements_covered_display": "100"}, "missing_lines": [], "excluded_lines": [], "functions": {"": {"executed_lines": [4, 5, 8, 62, 69, 76, 85, 86, 87, 90, 91, 92, 95, 96, 99, 106, 115, 122, 131], "summary": {"covered_lines": 19, "num_statements": 19, "percent_covered": 100.0, "percent_covered_display": "100", "missing_lines": 0, "excluded_lines": 0, "percent_statements_covered": 100.0, "percent_statements_covered_display": "100"}, "missing_lines": [], "excluded_lines": [], "start_line": 1}}, "classes": {"": {"executed_lines": [4, 5, 8, 62, 69, 76, 85, 86, 87, 90, 91, 92, 95, 96, 99, 106, 115, 122, 131], "summary": {"covered_lines": 19, "num_statements": 19, "percent_covered": 100.0, "percent_covered_display": "100", "missing_lines": 0, "excluded_lines": 0, "percent_statements_covered": 100.0, "percent_statements_covered_display": "100"}, "missing_lines": [], "excluded_lines": [], "start_line": 1}}}, "src/asset_convertor/core/converter_mv.py": {"executed_lines": [29, 31, 32, 39, 56, 112, 148, 173, 174, 175, 176, 178, 179, 180, 181, 183, 184, 193, 208, 209, 210, 217, 230, 231, 233, 234, 236, 237, 238, 239, 241, 248, 261, 262, 263, 264, 268, 271, 279, 281, 282, 283, 284, 285, 286, 287, 288, 290, 292, 293, 294, 295, 296, 297, 298, 299, 300, 301, 304, 305, 306, 307, 308, 309, 310, 312, 313, 316, 317, 321, 322, 326, 327, 328, 329, 330, 331, 332, 333, 334, 335, 336, 337, 338, 339, 342, 343, 347, 348, 352, 353, 354, 355, 356, 357, 358, 359, 360, 361, 363, 364, 365, 368, 372, 373, 374, 375, 380, 399, 400, 402], "summary": {"covered_lines": 111, "num_statements": 118, "percent_covered": 94.0677966101695, "percent_covered_display": "94", "missing_lines": 7, "excluded_lines": 0, "percent_statements_covered": 94.0677966101695, "percent_statements_covered_display": "94"}, "missing_lines": [311, 318, 323, 344, 349, 362, 377], "excluded_lines": [], "functions": {"_bitmask_to_shape": {"executed_lines": [173, 174, 175, 176, 178, 179, 180, 181, 183, 184], "summary": {"covered_lines": 10, "num_statements": 10, "percent_covered": 100.0, "percent_covered_display": "100", "missing_lines": 0, "excluded_lines": 0, "percent_statements_covered": 100.0, "percent_statements_covered_display": "100"}, "missing_lines": [], "excluded_lines": [], "start_line": 148}, "_get_quadrant": {"executed_lines": [208, 209, 210], "summary": {"covered_lines": 3, "num_statements": 3, "percent_covered": 100.0, "percent_covered_display": "100", "missing_lines": 0, "excluded_lines": 0, "percent_statements_covered": 100.0, "percent_statements_covered_display": "100"}, "missing_lines": [], "excluded_lines": [], "start_line": 193}, "_build_mv_tile": {"executed_lines": [230, 231, 233, 234, 236, 237, 238, 239, 241], "summary": {"covered_lines": 9, "num_statements": 9, "percent_covered": 100.0, "percent_covered_display": "100", "missing_lines": 0, "excluded_lines": 0, "percent_statements_covered": 100.0, "percent_statements_covered_display": "100"}, "missing_lines": [], "excluded_lines": [], "start_line": 217}, "detect_tile_size": {"executed_lines": [261, 262, 263, 264, 268], "summary": {"covered_lines": 5, "num_statements": 5, "percent_covered": 100.0, "percent_covered_display": "100", "missing_lines": 0, "excluded_lines": 0, "percent_statements_covered": 100.0, "percent_statements_covered_display": "100"}, "missing_lines": [], "excluded_lines": [], "start_line": 248}, "_build_waterfall_tile": {"executed_lines": [281, 282, 283, 284, 285, 286, 287, 288, 290, 292, 293, 294, 295, 296, 297, 298, 299, 300, 301], "summary": {"covered_lines": 19, "num_statements": 19, "percent_covered": 100.0, "percent_covered_display": "100", "missing_lines": 0, "excluded_lines": 0, "percent_statements_covered": 100.0, "percent_statements_covered_display": "100"}, "missing_lines": [], "excluded_lines": [], "start_line": 279}, "_convert_mv_static": {"executed_lines": [305, 306, 307, 308, 309, 310, 312, 313], "summary": {"covered_lines": 8, "num_statements": 9, "percent_covered": 88.88888888888889, "percent_covered_display": "89", "missing_lines": 1, "excluded_lines": 0, "percent_statements_covered": 88.88888888888889, "percent_statements_covered_display": "89"}, "missing_lines": [311], "excluded_lines": [], "start_line": 304}, "_convert_mv_animated_horizontal": {"executed_lines": [317, 321, 322, 326, 327, 328, 329, 330, 331, 332, 333, 334, 335, 336, 337, 338, 339], "summary": {"covered_lines": 17, "num_statements": 19, "percent_covered": 89.47368421052632, "percent_covered_display": "89", "missing_lines": 2, "excluded_lines": 0, "percent_statements_covered": 89.47368421052632, "percent_statements_covered_display": "89"}, "missing_lines": [318, 323], "excluded_lines": [], "start_line": 316}, "_convert_mv_animated_vertical": {"executed_lines": [343, 347, 348, 352, 353, 354, 355, 356, 357, 358, 359, 360, 361, 363, 364, 365], "summary": {"covered_lines": 16, "num_statements": 19, "percent_covered": 84.21052631578948, "percent_covered_display": "84", "missing_lines": 3, "excluded_lines": 0, "percent_statements_covered": 84.21052631578948, "percent_statements_covered_display": "84"}, "missing_lines": [344, 349, 362], "excluded_lines": [], "start_line": 342}, "_convert_mv_animated": {"executed_lines": [372, 373, 374, 375], "summary": {"covered_lines": 4, "num_statements": 5, "percent_covered": 80.0, "percent_covered_display": "80", "missing_lines": 1, "excluded_lines": 0, "percent_statements_covered": 80.0, "percent_statements_covered_display": "80"}, "missing_lines": [377], "excluded_lines": [], "start_line": 368}, "convert_mv": {"executed_lines": [399, 400, 402], "summary": {"covered_lines": 3, "num_statements": 3, "percent_covered": 100.0, "percent_covered_display": "100", "missing_lines": 0, "excluded_lines": 0, "percent_statements_covered": 100.0, "percent_statements_covered_display": "100"}, "missing_lines": [], "excluded_lines": [], "start_line": 380}, "": {"executed_lines": [29, 31, 32, 39, 56, 112, 148, 193, 217, 248, 271, 279, 304, 316, 342, 368, 380], "summary": {"covered_lines": 17, "num_statements": 17, "percent_covered": 100.0, "percent_covered_display": "100", "missing_lines": 0, "excluded_lines": 0, "percent_statements_covered": 100.0, "percent_statements_covered_display": "100"}, "missing_lines": [], "excluded_lines": [], "start_line": 1}}, "classes": {"": {"executed_lines": [29, 31, 32, 39, 56, 112, 148, 173, 174, 175, 176, 178, 179, 180, 181, 183, 184, 193, 208, 209, 210, 217, 230, 231, 233, 234, 236, 237, 238, 239, 241, 248, 261, 262, 263, 264, 268, 271, 279, 281, 282, 283, 284, 285, 286, 287, 288, 290, 292, 293, 294, 295, 296, 297, 298, 299, 300, 301, 304, 305, 306, 307, 308, 309, 310, 312, 313, 316, 317, 321, 322, 326, 327, 328, 329, 330, 331, 332, 333, 334, 335, 336, 337, 338, 339, 342, 343, 347, 348, 352, 353, 354, 355, 356, 357, 358, 359, 360, 361, 363, 364, 365, 368, 372, 373, 374, 375, 380, 399, 400, 402], "summary": {"covered_lines": 111, "num_statements": 118, "percent_covered": 94.0677966101695, "percent_covered_display": "94", "missing_lines": 7, "excluded_lines": 0, "percent_statements_covered": 94.0677966101695, "percent_statements_covered_display": "94"}, "missing_lines": [311, 318, 323, 344, 349, 362, 377], "excluded_lines": [], "start_line": 1}}}, "src/asset_convertor/core/converter_mv_a3.py": {"executed_lines": [17, 19, 27, 50, 51, 52, 53, 54, 55, 56, 63, 81, 82, 85, 86, 89, 91, 92, 93, 94, 96, 99, 100, 102, 108, 109, 110, 112, 119, 121, 122, 125, 126, 129, 135, 137, 138, 139, 141, 142, 145, 158, 159, 162, 164, 165, 171, 172, 173, 174, 176, 179, 187, 188, 189, 190, 191], "summary": {"covered_lines": 57, "num_statements": 60, "percent_covered": 95.0, "percent_covered_display": "95", "missing_lines": 3, "excluded_lines": 0, "percent_statements_covered": 95.0, "percent_statements_covered_display": "95"}, "missing_lines": [97, 103, 130], "excluded_lines": [], "functions": {"convert_mv_a3": {"executed_lines": [81, 82, 85, 86, 89, 91, 92, 93, 94, 96, 99, 100, 102, 108, 109, 110, 112], "summary": {"covered_lines": 17, "num_statements": 19, "percent_covered": 89.47368421052632, "percent_covered_display": "89", "missing_lines": 2, "excluded_lines": 0, "percent_statements_covered": 89.47368421052632, "percent_statements_covered_display": "89"}, "missing_lines": [97, 103], "excluded_lines": [], "start_line": 63}, "_validate_a3_dimensions": {"executed_lines": [121, 122, 125, 126, 129], "summary": {"covered_lines": 5, "num_statements": 6, "percent_covered": 83.33333333333333, "percent_covered_display": "83", "missing_lines": 1, "excluded_lines": 0, "percent_statements_covered": 83.33333333333333, "percent_statements_covered_display": "83"}, "missing_lines": [130], "excluded_lines": [], "start_line": 119}, "_is_block_empty": {"executed_lines": [137, 138, 139, 141, 142], "summary": {"covered_lines": 5, "num_statements": 5, "percent_covered": 100.0, "percent_covered_display": "100", "missing_lines": 0, "excluded_lines": 0, "percent_statements_covered": 100.0, "percent_statements_covered_display": "100"}, "missing_lines": [], "excluded_lines": [], "start_line": 135}, "_assemble_wall_tile": {"executed_lines": [158, 159, 162, 164, 165, 171, 172, 173, 174, 176], "summary": {"covered_lines": 10, "num_statements": 10, "percent_covered": 100.0, "percent_covered_display": "100", "missing_lines": 0, "excluded_lines": 0, "percent_statements_covered": 100.0, "percent_statements_covered_display": "100"}, "missing_lines": [], "excluded_lines": [], "start_line": 145}, "_build_wall_strip": {"executed_lines": [187, 188, 189, 190, 191], "summary": {"covered_lines": 5, "num_statements": 5, "percent_covered": 100.0, "percent_covered_display": "100", "missing_lines": 0, "excluded_lines": 0, "percent_statements_covered": 100.0, "percent_statements_covered_display": "100"}, "missing_lines": [], "excluded_lines": [], "start_line": 179}, "": {"executed_lines": [17, 19, 27, 50, 51, 52, 53, 54, 55, 56, 63, 119, 135, 145, 179], "summary": {"covered_lines": 15, "num_statements": 15, "percent_covered": 100.0, "percent_covered_display": "100", "missing_lines": 0, "excluded_lines": 0, "percent_statements_covered": 100.0, "percent_statements_covered_display": "100"}, "missing_lines": [], "excluded_lines": [], "start_line": 1}}, "classes": {"": {"executed_lines": [17, 19, 27, 50, 51, 52, 53, 54, 55, 56, 63, 81, 82, 85, 86, 89, 91, 92, 93, 94, 96, 99, 100, 102, 108, 109, 110, 112, 119, 121, 122, 125, 126, 129, 135, 137, 138, 139, 141, 142, 145, 158, 159, 162, 164, 165, 171, 172, 173, 174, 176, 179, 187, 188, 189, 190, 191], "summary": {"covered_lines": 57, "num_statements": 60, "percent_covered": 95.0, "percent_covered_display": "95", "missing_lines": 3, "excluded_lines": 0, "percent_statements_covered": 95.0, "percent_statements_covered_display": "95"}, "missing_lines": [97, 103, 130], "excluded_lines": [], "start_line": 1}}}, "src/asset_convertor/core/converter_mv_a4.py": {"executed_lines": [19, 21, 22, 25, 31, 32, 33, 34, 38, 47, 48, 49, 52, 53, 56, 63, 83, 84, 89, 91, 92, 94, 95, 98, 99, 102, 104, 106, 107, 108, 110, 111, 114, 115, 116, 118, 119, 122, 125, 130, 132, 133, 135, 142, 144, 145, 148, 149, 154, 156, 157, 159, 160, 161, 163, 164, 165, 168, 179, 180, 183, 185, 186, 187, 188, 189, 190, 192, 195, 201, 202, 203, 204, 205, 206, 208, 211, 217, 218, 219, 220, 221, 224, 226, 227, 228, 229, 230, 231, 232], "summary": {"covered_lines": 90, "num_statements": 94, "percent_covered": 95.74468085106383, "percent_covered_display": "96", "missing_lines": 4, "excluded_lines": 0, "percent_statements_covered": 95.74468085106383, "percent_statements_covered_display": "96"}, "missing_lines": [109, 117, 131, 162], "excluded_lines": [], "functions": {"convert_mv_a4": {"executed_lines": [83, 84, 89, 91, 92, 94, 95, 98, 99, 102, 104, 106, 107, 108, 110, 111, 114, 115, 116, 118, 119, 122, 125, 130, 132, 133, 135], "summary": {"covered_lines": 27, "num_statements": 30, "percent_covered": 90.0, "percent_covered_display": "90", "missing_lines": 3, "excluded_lines": 0, "percent_statements_covered": 90.0, "percent_statements_covered_display": "90"}, "missing_lines": [109, 117, 131], "excluded_lines": [], "start_line": 63}, "_validate_a4_dimensions": {"executed_lines": [144, 145, 148, 149], "summary": {"covered_lines": 4, "num_statements": 4, "percent_covered": 100.0, "percent_covered_display": "100", "missing_lines": 0, "excluded_lines": 0, "percent_statements_covered": 100.0, "percent_statements_covered_display": "100"}, "missing_lines": [], "excluded_lines": [], "start_line": 142}, "_is_block_empty": {"executed_lines": [156, 157, 159, 160, 161, 163, 164, 165], "summary": {"covered_lines": 8, "num_statements": 9, "percent_covered": 88.88888888888889, "percent_covered_display": "89", "missing_lines": 1, "excluded_lines": 0, "percent_statements_covered": 88.88888888888889, "percent_statements_covered_display": "89"}, "missing_lines": [162], "excluded_lines": [], "start_line": 154}, "_assemble_floor_tile": {"executed_lines": [179, 180, 183, 185, 186, 187, 188, 189, 190, 192], "summary": {"covered_lines": 10, "num_statements": 10, "percent_covered": 100.0, "percent_covered_display": "100", "missing_lines": 0, "excluded_lines": 0, "percent_statements_covered": 100.0, "percent_statements_covered_display": "100"}, "missing_lines": [], "excluded_lines": [], "start_line": 168}, "_build_floor_sheet": {"executed_lines": [201, 202, 203, 204, 205, 206, 208], "summary": {"covered_lines": 7, "num_statements": 7, "percent_covered": 100.0, "percent_covered_display": "100", "missing_lines": 0, "excluded_lines": 0, "percent_statements_covered": 100.0, "percent_statements_covered_display": "100"}, "missing_lines": [], "excluded_lines": [], "start_line": 195}, "_assemble_wall_tile_strip": {"executed_lines": [217, 218, 219, 220, 221], "summary": {"covered_lines": 5, "num_statements": 5, "percent_covered": 100.0, "percent_covered_display": "100", "missing_lines": 0, "excluded_lines": 0, "percent_statements_covered": 100.0, "percent_statements_covered_display": "100"}, "missing_lines": [], "excluded_lines": [], "start_line": 211}, "_stack_vertically": {"executed_lines": [226, 227, 228, 229, 230, 231, 232], "summary": {"covered_lines": 7, "num_statements": 7, "percent_covered": 100.0, "percent_covered_display": "100", "missing_lines": 0, "excluded_lines": 0, "percent_statements_covered": 100.0, "percent_statements_covered_display": "100"}, "missing_lines": [], "excluded_lines": [], "start_line": 224}, "": {"executed_lines": [19, 21, 22, 25, 31, 32, 33, 34, 38, 47, 48, 49, 52, 53, 56, 63, 142, 154, 168, 195, 211, 224], "summary": {"covered_lines": 22, "num_statements": 22, "percent_covered": 100.0, "percent_covered_display": "100", "missing_lines": 0, "excluded_lines": 0, "percent_statements_covered": 100.0, "percent_statements_covered_display": "100"}, "missing_lines": [], "excluded_lines": [], "start_line": 1}}, "classes": {"": {"executed_lines": [19, 21, 22, 25, 31, 32, 33, 34, 38, 47, 48, 49, 52, 53, 56, 63, 83, 84, 89, 91, 92, 94, 95, 98, 99, 102, 104, 106, 107, 108, 110, 111, 114, 115, 116, 118, 119, 122, 125, 130, 132, 133, 135, 142, 144, 145, 148, 149, 154, 156, 157, 159, 160, 161, 163, 164, 165, 168, 179, 180, 183, 185, 186, 187, 188, 189, 190, 192, 195, 201, 202, 203, 204, 205, 206, 208, 211, 217, 218, 219, 220, 221, 224, 226, 227, 228, 229, 230, 231, 232], "summary": {"covered_lines": 90, "num_statements": 94, "percent_covered": 95.74468085106383, "percent_covered_display": "96", "missing_lines": 4, "excluded_lines": 0, "percent_statements_covered": 95.74468085106383, "percent_statements_covered_display": "96"}, "missing_lines": [109, 117, 131, 162], "excluded_lines": [], "start_line": 1}}}, "src/asset_convertor/core/converter_xp.py": {"executed_lines": [11, 13, 14, 20, 21, 47, 49, 50, 53, 73, 75, 76, 77, 78, 79, 80, 81, 84, 86, 87, 88, 89, 90, 91, 92, 95, 97, 98, 99, 100, 101, 102, 103, 106, 108, 109, 110, 111, 112, 113, 114, 117, 122, 123, 124, 125, 126, 127, 128, 129, 130, 132, 135, 141, 142, 144, 147, 166, 167, 168, 169, 173, 174, 175, 176, 177, 178, 179, 180, 181, 183, 184, 187, 188, 189], "summary": {"covered_lines": 75, "num_statements": 83, "percent_covered": 90.36144578313252, "percent_covered_display": "90", "missing_lines": 8, "excluded_lines": 0, "percent_statements_covered": 90.36144578313252, "percent_statements_covered_display": "90"}, "missing_lines": [64, 65, 66, 67, 68, 69, 70, 170], "excluded_lines": [], "functions": {"_extract_subtile": {"executed_lines": [49, 50], "summary": {"covered_lines": 2, "num_statements": 2, "percent_covered": 100.0, "percent_covered_display": "100", "missing_lines": 0, "excluded_lines": 0, "percent_statements_covered": 100.0, "percent_statements_covered_display": "100"}, "missing_lines": [], "excluded_lines": [], "start_line": 47}, "_assemble_tile": {"executed_lines": [], "summary": {"covered_lines": 0, "num_statements": 7, "percent_covered": 0.0, "percent_covered_display": "0", "missing_lines": 7, "excluded_lines": 0, "percent_statements_covered": 0.0, "percent_statements_covered_display": "0"}, "missing_lines": [64, 65, 66, 67, 68, 69, 70], "excluded_lines": [], "start_line": 53}, "_quarter_tl": {"executed_lines": [75, 76, 77, 78, 79, 80, 81], "summary": {"covered_lines": 7, "num_statements": 7, "percent_covered": 100.0, "percent_covered_display": "100", "missing_lines": 0, "excluded_lines": 0, "percent_statements_covered": 100.0, "percent_statements_covered_display": "100"}, "missing_lines": [], "excluded_lines": [], "start_line": 73}, "_quarter_tr": {"executed_lines": [86, 87, 88, 89, 90, 91, 92], "summary": {"covered_lines": 7, "num_statements": 7, "percent_covered": 100.0, "percent_covered_display": "100", "missing_lines": 0, "excluded_lines": 0, "percent_statements_covered": 100.0, "percent_statements_covered_display": "100"}, "missing_lines": [], "excluded_lines": [], "start_line": 84}, "_quarter_bl": {"executed_lines": [97, 98, 99, 100, 101, 102, 103], "summary": {"covered_lines": 7, "num_statements": 7, "percent_covered": 100.0, "percent_covered_display": "100", "missing_lines": 0, "excluded_lines": 0, "percent_statements_covered": 100.0, "percent_statements_covered_display": "100"}, "missing_lines": [], "excluded_lines": [], "start_line": 95}, "_quarter_br": {"executed_lines": [108, 109, 110, 111, 112, 113, 114], "summary": {"covered_lines": 7, "num_statements": 7, "percent_covered": 100.0, "percent_covered_display": "100", "missing_lines": 0, "excluded_lines": 0, "percent_statements_covered": 100.0, "percent_statements_covered_display": "100"}, "missing_lines": [], "excluded_lines": [], "start_line": 106}, "_build_tile_from_bitmask": {"executed_lines": [122, 123, 124, 125, 126, 127, 128, 129, 130, 132, 135, 141, 142, 144], "summary": {"covered_lines": 14, "num_statements": 14, "percent_covered": 100.0, "percent_covered_display": "100", "missing_lines": 0, "excluded_lines": 0, "percent_statements_covered": 100.0, "percent_statements_covered_display": "100"}, "missing_lines": [], "excluded_lines": [], "start_line": 117}, "convert_xp": {"executed_lines": [166, 167, 168, 169, 173, 174, 175, 176, 177, 178, 179, 180, 181, 183, 184, 187, 188, 189], "summary": {"covered_lines": 18, "num_statements": 19, "percent_covered": 94.73684210526316, "percent_covered_display": "95", "missing_lines": 1, "excluded_lines": 0, "percent_statements_covered": 94.73684210526316, "percent_statements_covered_display": "95"}, "missing_lines": [170], "excluded_lines": [], "start_line": 147}, "": {"executed_lines": [11, 13, 14, 20, 21, 47, 53, 73, 84, 95, 106, 117, 147], "summary": {"covered_lines": 13, "num_statements": 13, "percent_covered": 100.0, "percent_covered_display": "100", "missing_lines": 0, "excluded_lines": 0, "percent_statements_covered": 100.0, "percent_statements_covered_display": "100"}, "missing_lines": [], "excluded_lines": [], "start_line": 1}}, "classes": {"": {"executed_lines": [11, 13, 14, 20, 21, 47, 49, 50, 53, 73, 75, 76, 77, 78, 79, 80, 81, 84, 86, 87, 88, 89, 90, 91, 92, 95, 97, 98, 99, 100, 101, 102, 103, 106, 108, 109, 110, 111, 112, 113, 114, 117, 122, 123, 124, 125, 126, 127, 128, 129, 130, 132, 135, 141, 142, 144, 147, 166, 167, 168, 169, 173, 174, 175, 176, 177, 178, 179, 180, 181, 183, 184, 187, 188, 189], "summary": {"covered_lines": 75, "num_statements": 83, "percent_covered": 90.36144578313252, "percent_covered_display": "90", "missing_lines": 8, "excluded_lines": 0, "percent_statements_covered": 90.36144578313252, "percent_statements_covered_display": "90"}, "missing_lines": [64, 65, 66, 67, 68, 69, 70, 170], "excluded_lines": [], "start_line": 1}}}, "src/asset_convertor/core/generator.py": {"executed_lines": [1, 3, 4, 24, 31, 33, 34, 35, 36, 38, 40, 41, 43, 44, 46, 47, 48, 49, 51, 53, 54, 56, 59, 60, 63, 64, 65, 66, 67, 68, 69, 70, 71, 72, 75, 76, 79, 80, 81, 82, 83, 86, 89, 90, 91, 92, 93, 94, 95, 96, 97], "summary": {"covered_lines": 51, "num_statements": 57, "percent_covered": 89.47368421052632, "percent_covered_display": "89", "missing_lines": 6, "excluded_lines": 0, "percent_statements_covered": 89.47368421052632, "percent_statements_covered_display": "89"}, "missing_lines": [26, 27, 28, 29, 50, 52], "excluded_lines": [], "functions": {"apply_stamp": {"executed_lines": [], "summary": {"covered_lines": 0, "num_statements": 4, "percent_covered": 0.0, "percent_covered_display": "0", "missing_lines": 4, "excluded_lines": 0, "percent_statements_covered": 0.0, "percent_statements_covered_display": "0"}, "missing_lines": [26, 27, 28, 29], "excluded_lines": [], "start_line": 24}, "apply_composite_stamp": {"executed_lines": [33, 34, 35, 36], "summary": {"covered_lines": 4, "num_statements": 4, "percent_covered": 100.0, "percent_covered_display": "100", "missing_lines": 0, "excluded_lines": 0, "percent_statements_covered": 100.0, "percent_statements_covered_display": "100"}, "missing_lines": [], "excluded_lines": [], "start_line": 31}, "generate_texture": {"executed_lines": [40, 41, 43, 44, 46, 47, 48, 49, 51, 53, 54, 56, 59, 60, 63, 64, 65, 66, 67, 68, 69, 70, 71, 72, 75, 76, 79, 80, 81, 82, 83, 86, 89, 90, 91, 92, 93, 94, 95, 96, 97], "summary": {"covered_lines": 41, "num_statements": 43, "percent_covered": 95.34883720930233, "percent_covered_display": "95", "missing_lines": 2, "excluded_lines": 0, "percent_statements_covered": 95.34883720930233, "percent_statements_covered_display": "95"}, "missing_lines": [50, 52], "excluded_lines": [], "start_line": 38}, "": {"executed_lines": [1, 3, 4, 24, 31, 38], "summary": {"covered_lines": 6, "num_statements": 6, "percent_covered": 100.0, "percent_covered_display": "100", "missing_lines": 0, "excluded_lines": 0, "percent_statements_covered": 100.0, "percent_statements_covered_display": "100"}, "missing_lines": [], "excluded_lines": [], "start_line": 1}}, "classes": {"": {"executed_lines": [1, 3, 4, 24, 31, 33, 34, 35, 36, 38, 40, 41, 43, 44, 46, 47, 48, 49, 51, 53, 54, 56, 59, 60, 63, 64, 65, 66, 67, 68, 69, 70, 71, 72, 75, 76, 79, 80, 81, 82, 83, 86, 89, 90, 91, 92, 93, 94, 95, 96, 97], "summary": {"covered_lines": 51, "num_statements": 57, "percent_covered": 89.47368421052632, "percent_covered_display": "89", "missing_lines": 6, "excluded_lines": 0, "percent_statements_covered": 89.47368421052632, "percent_statements_covered_display": "89"}, "missing_lines": [26, 27, 28, 29, 50, 52], "excluded_lines": [], "start_line": 1}}}, "src/asset_convertor/core/palettes.py": {"executed_lines": [12, 15, 21, 88, 90, 93, 106, 107, 108, 111], "summary": {"covered_lines": 10, "num_statements": 10, "percent_covered": 100.0, "percent_covered_display": "100", "missing_lines": 0, "excluded_lines": 0, "percent_statements_covered": 100.0, "percent_statements_covered_display": "100"}, "missing_lines": [], "excluded_lines": [], "functions": {"get_palette_names": {"executed_lines": [90], "summary": {"covered_lines": 1, "num_statements": 1, "percent_covered": 100.0, "percent_covered_display": "100", "missing_lines": 0, "excluded_lines": 0, "percent_statements_covered": 100.0, "percent_statements_covered_display": "100"}, "missing_lines": [], "excluded_lines": [], "start_line": 88}, "get_palette": {"executed_lines": [106, 107, 108, 111], "summary": {"covered_lines": 4, "num_statements": 4, "percent_covered": 100.0, "percent_covered_display": "100", "missing_lines": 0, "excluded_lines": 0, "percent_statements_covered": 100.0, "percent_statements_covered_display": "100"}, "missing_lines": [], "excluded_lines": [], "start_line": 93}, "": {"executed_lines": [12, 15, 21, 88, 93], "summary": {"covered_lines": 5, "num_statements": 5, "percent_covered": 100.0, "percent_covered_display": "100", "missing_lines": 0, "excluded_lines": 0, "percent_statements_covered": 100.0, "percent_statements_covered_display": "100"}, "missing_lines": [], "excluded_lines": [], "start_line": 1}}, "classes": {"": {"executed_lines": [12, 15, 21, 88, 90, 93, 106, 107, 108, 111], "summary": {"covered_lines": 10, "num_statements": 10, "percent_covered": 100.0, "percent_covered_display": "100", "missing_lines": 0, "excluded_lines": 0, "percent_statements_covered": 100.0, "percent_statements_covered_display": "100"}, "missing_lines": [], "excluded_lines": [], "start_line": 1}}}, "src/asset_convertor/core/quantizer.py": {"executed_lines": [1, 2, 5, 6, 8, 13, 16, 17, 20, 22, 23, 25, 28, 29, 31, 32, 34, 35, 36, 38, 40, 42, 44], "summary": {"covered_lines": 23, "num_statements": 26, "percent_covered": 88.46153846153847, "percent_covered_display": "88", "missing_lines": 3, "excluded_lines": 0, "percent_statements_covered": 88.46153846153847, "percent_statements_covered_display": "88"}, "missing_lines": [19, 39, 41], "excluded_lines": [], "functions": {"luminance": {"executed_lines": [6], "summary": {"covered_lines": 1, "num_statements": 1, "percent_covered": 100.0, "percent_covered_display": "100", "missing_lines": 0, "excluded_lines": 0, "percent_statements_covered": 100.0, "percent_statements_covered_display": "100"}, "missing_lines": [], "excluded_lines": [], "start_line": 5}, "quantize_image": {"executed_lines": [13, 16, 17, 20, 22, 23, 25, 28, 29, 31, 32, 34, 35, 36, 38, 40, 42, 44], "summary": {"covered_lines": 18, "num_statements": 21, "percent_covered": 85.71428571428571, "percent_covered_display": "86", "missing_lines": 3, "excluded_lines": 0, "percent_statements_covered": 85.71428571428571, "percent_statements_covered_display": "86"}, "missing_lines": [19, 39, 41], "excluded_lines": [], "start_line": 8}, "": {"executed_lines": [1, 2, 5, 8], "summary": {"covered_lines": 4, "num_statements": 4, "percent_covered": 100.0, "percent_covered_display": "100", "missing_lines": 0, "excluded_lines": 0, "percent_statements_covered": 100.0, "percent_statements_covered_display": "100"}, "missing_lines": [], "excluded_lines": [], "start_line": 1}}, "classes": {"": {"executed_lines": [1, 2, 5, 6, 8, 13, 16, 17, 20, 22, 23, 25, 28, 29, 31, 32, 34, 35, 36, 38, 40, 42, 44], "summary": {"covered_lines": 23, "num_statements": 26, "percent_covered": 88.46153846153847, "percent_covered_display": "88", "missing_lines": 3, "excluded_lines": 0, "percent_statements_covered": 88.46153846153847, "percent_statements_covered_display": "88"}, "missing_lines": [19, 39, 41], "excluded_lines": [], "start_line": 1}}}, "src/asset_convertor/core/recolor.py": {"executed_lines": [16, 18, 19, 20, 22, 28, 29, 30, 37, 58, 59, 60, 62, 63, 64, 65, 67, 68, 69, 71, 72, 77, 78, 81, 103, 104, 105, 106, 107, 110, 131, 132, 134, 135, 137, 138, 139, 140, 142, 143, 145, 146, 148, 149, 151, 153, 160, 168, 169, 170, 173, 174, 176, 177, 178, 181, 182, 183, 186, 187, 191, 192, 194, 195, 196, 197, 199, 202, 208, 209, 210, 213, 215], "summary": {"covered_lines": 73, "num_statements": 75, "percent_covered": 97.33333333333333, "percent_covered_display": "97", "missing_lines": 2, "excluded_lines": 0, "percent_statements_covered": 97.33333333333333, "percent_statements_covered_display": "97"}, "missing_lines": [66, 141], "excluded_lines": [], "functions": {"extract_palette": {"executed_lines": [58, 59, 60, 62, 63, 64, 65, 67, 68, 69, 71, 72, 77, 78], "summary": {"covered_lines": 14, "num_statements": 15, "percent_covered": 93.33333333333333, "percent_covered_display": "93", "missing_lines": 1, "excluded_lines": 0, "percent_statements_covered": 93.33333333333333, "percent_statements_covered_display": "93"}, "missing_lines": [66], "excluded_lines": [], "start_line": 37}, "propose_remap": {"executed_lines": [103, 104, 105, 106, 107], "summary": {"covered_lines": 5, "num_statements": 5, "percent_covered": 100.0, "percent_covered_display": "100", "missing_lines": 0, "excluded_lines": 0, "percent_statements_covered": 100.0, "percent_statements_covered_display": "100"}, "missing_lines": [], "excluded_lines": [], "start_line": 81}, "apply_remap": {"executed_lines": [131, 132, 134, 135, 137, 138, 139, 140, 142, 143, 145, 146, 148, 149, 151, 153], "summary": {"covered_lines": 16, "num_statements": 17, "percent_covered": 94.11764705882354, "percent_covered_display": "94", "missing_lines": 1, "excluded_lines": 0, "percent_statements_covered": 94.11764705882354, "percent_statements_covered_display": "94"}, "missing_lines": [141], "excluded_lines": [], "start_line": 110}, "_rgb_to_lab": {"executed_lines": [168, 169, 170, 173, 176, 177, 178, 181, 182, 183, 186, 187, 191, 194, 195, 196, 197, 199], "summary": {"covered_lines": 18, "num_statements": 18, "percent_covered": 100.0, "percent_covered_display": "100", "missing_lines": 0, "excluded_lines": 0, "percent_statements_covered": 100.0, "percent_statements_covered_display": "100"}, "missing_lines": [], "excluded_lines": [], "start_line": 160}, "_rgb_to_lab.linearize": {"executed_lines": [174], "summary": {"covered_lines": 1, "num_statements": 1, "percent_covered": 100.0, "percent_covered_display": "100", "missing_lines": 0, "excluded_lines": 0, "percent_statements_covered": 100.0, "percent_statements_covered_display": "100"}, "missing_lines": [], "excluded_lines": [], "start_line": 173}, "_rgb_to_lab.f": {"executed_lines": [192], "summary": {"covered_lines": 1, "num_statements": 1, "percent_covered": 100.0, "percent_covered_display": "100", "missing_lines": 0, "excluded_lines": 0, "percent_statements_covered": 100.0, "percent_statements_covered_display": "100"}, "missing_lines": [], "excluded_lines": [], "start_line": 191}, "_delta_e_cie76": {"executed_lines": [208, 209, 210], "summary": {"covered_lines": 3, "num_statements": 3, "percent_covered": 100.0, "percent_covered_display": "100", "missing_lines": 0, "excluded_lines": 0, "percent_statements_covered": 100.0, "percent_statements_covered_display": "100"}, "missing_lines": [], "excluded_lines": [], "start_line": 202}, "_nearest_color_delta_e": {"executed_lines": [215], "summary": {"covered_lines": 1, "num_statements": 1, "percent_covered": 100.0, "percent_covered_display": "100", "missing_lines": 0, "excluded_lines": 0, "percent_statements_covered": 100.0, "percent_statements_covered_display": "100"}, "missing_lines": [], "excluded_lines": [], "start_line": 213}, "": {"executed_lines": [16, 18, 19, 20, 22, 28, 29, 30, 37, 81, 110, 160, 202, 213], "summary": {"covered_lines": 14, "num_statements": 14, "percent_covered": 100.0, "percent_covered_display": "100", "missing_lines": 0, "excluded_lines": 0, "percent_statements_covered": 100.0, "percent_statements_covered_display": "100"}, "missing_lines": [], "excluded_lines": [], "start_line": 1}}, "classes": {"": {"executed_lines": [16, 18, 19, 20, 22, 28, 29, 30, 37, 58, 59, 60, 62, 63, 64, 65, 67, 68, 69, 71, 72, 77, 78, 81, 103, 104, 105, 106, 107, 110, 131, 132, 134, 135, 137, 138, 139, 140, 142, 143, 145, 146, 148, 149, 151, 153, 160, 168, 169, 170, 173, 174, 176, 177, 178, 181, 182, 183, 186, 187, 191, 192, 194, 195, 196, 197, 199, 202, 208, 209, 210, 213, 215], "summary": {"covered_lines": 73, "num_statements": 75, "percent_covered": 97.33333333333333, "percent_covered_display": "97", "missing_lines": 2, "excluded_lines": 0, "percent_statements_covered": 97.33333333333333, "percent_statements_covered_display": "97"}, "missing_lines": [66, 141], "excluded_lines": [], "start_line": 1}}}, "src/asset_convertor/exporters/__init__.py": {"executed_lines": [], "summary": {"covered_lines": 0, "num_statements": 0, "percent_covered": 100.0, "percent_covered_display": "100", "missing_lines": 0, "excluded_lines": 0, "percent_statements_covered": 100.0, "percent_statements_covered_display": "100"}, "missing_lines": [], "excluded_lines": [], "functions": {"": {"executed_lines": [], "summary": {"covered_lines": 0, "num_statements": 0, "percent_covered": 100.0, "percent_covered_display": "100", "missing_lines": 0, "excluded_lines": 0, "percent_statements_covered": 100.0, "percent_statements_covered_display": "100"}, "missing_lines": [], "excluded_lines": [], "start_line": 1}}, "classes": {"": {"executed_lines": [], "summary": {"covered_lines": 0, "num_statements": 0, "percent_covered": 100.0, "percent_covered_display": "100", "missing_lines": 0, "excluded_lines": 0, "percent_statements_covered": 100.0, "percent_statements_covered_display": "100"}, "missing_lines": [], "excluded_lines": [], "start_line": 1}}}, "src/asset_convertor/exporters/exporter.py": {"executed_lines": [1, 2, 4, 7, 12, 13, 15, 20, 21, 23, 24, 27, 30, 31, 33, 35, 37], "summary": {"covered_lines": 17, "num_statements": 17, "percent_covered": 100.0, "percent_covered_display": "100", "missing_lines": 0, "excluded_lines": 0, "percent_statements_covered": 100.0, "percent_statements_covered_display": "100"}, "missing_lines": [], "excluded_lines": [], "functions": {"export_tile": {"executed_lines": [12, 13, 15, 20, 21, 23, 24, 27, 30, 31, 33, 35, 37], "summary": {"covered_lines": 13, "num_statements": 13, "percent_covered": 100.0, "percent_covered_display": "100", "missing_lines": 0, "excluded_lines": 0, "percent_statements_covered": 100.0, "percent_statements_covered_display": "100"}, "missing_lines": [], "excluded_lines": [], "start_line": 7}, "": {"executed_lines": [1, 2, 4, 7], "summary": {"covered_lines": 4, "num_statements": 4, "percent_covered": 100.0, "percent_covered_display": "100", "missing_lines": 0, "excluded_lines": 0, "percent_statements_covered": 100.0, "percent_statements_covered_display": "100"}, "missing_lines": [], "excluded_lines": [], "start_line": 1}}, "classes": {"": {"executed_lines": [1, 2, 4, 7, 12, 13, 15, 20, 21, 23, 24, 27, 30, 31, 33, 35, 37], "summary": {"covered_lines": 17, "num_statements": 17, "percent_covered": 100.0, "percent_covered_display": "100", "missing_lines": 0, "excluded_lines": 0, "percent_statements_covered": 100.0, "percent_statements_covered_display": "100"}, "missing_lines": [], "excluded_lines": [], "start_line": 1}}}, "src/asset_convertor/exporters/tsx_generator.py": {"executed_lines": [9, 11, 12, 13, 14, 16, 17, 23, 24, 25, 27, 28, 35, 51, 52, 53, 54, 56, 57, 58, 59, 60, 61, 63, 66, 79, 80, 81, 82, 83, 84, 85, 86, 88, 92, 116, 117, 118, 120, 134, 145, 146, 147, 148, 151, 152, 153, 154, 160, 161, 162, 171, 172, 181, 191, 192, 202, 203, 206, 207, 208, 211, 239, 242, 243, 244, 248, 249, 254, 255, 257, 258, 261, 262, 265, 268, 269, 278, 280, 287, 310, 311, 312, 314, 328, 338, 339, 340, 341, 342, 345, 372, 373, 374, 378, 379, 380, 382, 387, 388, 390, 391, 393, 395, 396, 403, 405, 415, 435, 448, 449, 450, 451, 452, 455, 473, 474, 476, 490, 500, 501, 510, 520, 521, 530, 531, 532, 533, 534, 537, 560, 561, 562, 567, 568, 570, 571, 573, 575, 576, 581, 583], "summary": {"covered_lines": 142, "num_statements": 150, "percent_covered": 94.66666666666667, "percent_covered_display": "95", "missing_lines": 8, "excluded_lines": 0, "percent_statements_covered": 94.66666666666667, "percent_statements_covered_display": "95"}, "missing_lines": [155, 156, 158, 240, 246, 250, 383, 563], "excluded_lines": [], "functions": {"assemble_sheet": {"executed_lines": [51, 52, 53, 54, 56, 57, 58, 59, 60, 61, 63], "summary": {"covered_lines": 11, "num_statements": 11, "percent_covered": 100.0, "percent_covered_display": "100", "missing_lines": 0, "excluded_lines": 0, "percent_statements_covered": 100.0, "percent_statements_covered_display": "100"}, "missing_lines": [], "excluded_lines": [], "start_line": 35}, "bitmask_to_wangid": {"executed_lines": [79, 80, 81, 82, 83, 84, 85, 86, 88], "summary": {"covered_lines": 9, "num_statements": 9, "percent_covered": 100.0, "percent_covered_display": "100", "missing_lines": 0, "excluded_lines": 0, "percent_statements_covered": 100.0, "percent_statements_covered_display": "100"}, "missing_lines": [], "excluded_lines": [], "start_line": 66}, "generate_tsx": {"executed_lines": [116, 117, 118, 120, 134, 145, 146, 147, 148, 151, 152, 153, 154, 160, 161, 162, 171, 172, 181, 191, 192, 202, 203, 206, 207, 208], "summary": {"covered_lines": 26, "num_statements": 29, "percent_covered": 89.65517241379311, "percent_covered_display": "90", "missing_lines": 3, "excluded_lines": 0, "percent_statements_covered": 89.65517241379311, "percent_statements_covered_display": "90"}, "missing_lines": [155, 156, 158], "excluded_lines": [], "start_line": 92}, "export": {"executed_lines": [239, 242, 243, 244, 248, 249, 254, 255, 257, 258, 261, 262, 265, 268, 269, 278, 280], "summary": {"covered_lines": 17, "num_statements": 20, "percent_covered": 85.0, "percent_covered_display": "85", "missing_lines": 3, "excluded_lines": 0, "percent_statements_covered": 85.0, "percent_statements_covered_display": "85"}, "missing_lines": [240, 246, 250], "excluded_lines": [], "start_line": 211}, "generate_tsx_simple": {"executed_lines": [310, 311, 312, 314, 328, 338, 339, 340, 341, 342], "summary": {"covered_lines": 10, "num_statements": 10, "percent_covered": 100.0, "percent_covered_display": "100", "missing_lines": 0, "excluded_lines": 0, "percent_statements_covered": 100.0, "percent_statements_covered_display": "100"}, "missing_lines": [], "excluded_lines": [], "start_line": 287}, "export_simple_sheet": {"executed_lines": [372, 373, 374, 378, 379, 380, 382, 387, 388, 390, 391, 393, 395, 396, 403, 405], "summary": {"covered_lines": 16, "num_statements": 17, "percent_covered": 94.11764705882354, "percent_covered_display": "94", "missing_lines": 1, "excluded_lines": 0, "percent_statements_covered": 94.11764705882354, "percent_statements_covered_display": "94"}, "missing_lines": [383], "excluded_lines": [], "start_line": 345}, "wall4n_bitmask_to_wangid": {"executed_lines": [448, 449, 450, 451, 452], "summary": {"covered_lines": 5, "num_statements": 5, "percent_covered": 100.0, "percent_covered_display": "100", "missing_lines": 0, "excluded_lines": 0, "percent_statements_covered": 100.0, "percent_statements_covered_display": "100"}, "missing_lines": [], "excluded_lines": [], "start_line": 435}, "generate_tsx_wall_sides": {"executed_lines": [473, 474, 476, 490, 500, 501, 510, 520, 521, 530, 531, 532, 533, 534], "summary": {"covered_lines": 14, "num_statements": 14, "percent_covered": 100.0, "percent_covered_display": "100", "missing_lines": 0, "excluded_lines": 0, "percent_statements_covered": 100.0, "percent_statements_covered_display": "100"}, "missing_lines": [], "excluded_lines": [], "start_line": 455}, "export_wall_sides_sheet": {"executed_lines": [560, 561, 562, 567, 568, 570, 571, 573, 575, 576, 581, 583], "summary": {"covered_lines": 12, "num_statements": 13, "percent_covered": 92.3076923076923, "percent_covered_display": "92", "missing_lines": 1, "excluded_lines": 0, "percent_statements_covered": 92.3076923076923, "percent_statements_covered_display": "92"}, "missing_lines": [563], "excluded_lines": [], "start_line": 537}, "": {"executed_lines": [9, 11, 12, 13, 14, 16, 17, 23, 24, 25, 27, 28, 35, 66, 92, 211, 287, 345, 415, 435, 455, 537], "summary": {"covered_lines": 22, "num_statements": 22, "percent_covered": 100.0, "percent_covered_display": "100", "missing_lines": 0, "excluded_lines": 0, "percent_statements_covered": 100.0, "percent_statements_covered_display": "100"}, "missing_lines": [], "excluded_lines": [], "start_line": 1}}, "classes": {"": {"executed_lines": [9, 11, 12, 13, 14, 16, 17, 23, 24, 25, 27, 28, 35, 51, 52, 53, 54, 56, 57, 58, 59, 60, 61, 63, 66, 79, 80, 81, 82, 83, 84, 85, 86, 88, 92, 116, 117, 118, 120, 134, 145, 146, 147, 148, 151, 152, 153, 154, 160, 161, 162, 171, 172, 181, 191, 192, 202, 203, 206, 207, 208, 211, 239, 242, 243, 244, 248, 249, 254, 255, 257, 258, 261, 262, 265, 268, 269, 278, 280, 287, 310, 311, 312, 314, 328, 338, 339, 340, 341, 342, 345, 372, 373, 374, 378, 379, 380, 382, 387, 388, 390, 391, 393, 395, 396, 403, 405, 415, 435, 448, 449, 450, 451, 452, 455, 473, 474, 476, 490, 500, 501, 510, 520, 521, 530, 531, 532, 533, 534, 537, 560, 561, 562, 567, 568, 570, 571, 573, 575, 576, 581, 583], "summary": {"covered_lines": 142, "num_statements": 150, "percent_covered": 94.66666666666667, "percent_covered_display": "95", "missing_lines": 8, "excluded_lines": 0, "percent_statements_covered": 94.66666666666667, "percent_statements_covered_display": "95"}, "missing_lines": [155, 156, 158, 240, 246, 250, 383, 563], "excluded_lines": [], "start_line": 1}}}, "src/asset_convertor/gui/__init__.py": {"executed_lines": [], "summary": {"covered_lines": 0, "num_statements": 0, "percent_covered": 100.0, "percent_covered_display": "100", "missing_lines": 0, "excluded_lines": 0, "percent_statements_covered": 100.0, "percent_statements_covered_display": "100"}, "missing_lines": [], "excluded_lines": [], "functions": {"": {"executed_lines": [], "summary": {"covered_lines": 0, "num_statements": 0, "percent_covered": 100.0, "percent_covered_display": "100", "missing_lines": 0, "excluded_lines": 0, "percent_statements_covered": 100.0, "percent_statements_covered_display": "100"}, "missing_lines": [], "excluded_lines": [], "start_line": 1}}, "classes": {"": {"executed_lines": [], "summary": {"covered_lines": 0, "num_statements": 0, "percent_covered": 100.0, "percent_covered_display": "100", "missing_lines": 0, "excluded_lines": 0, "percent_statements_covered": 100.0, "percent_statements_covered_display": "100"}, "missing_lines": [], "excluded_lines": [], "start_line": 1}}}, "src/asset_convertor/gui/app.py": {"executed_lines": [15, 17, 18, 19, 20, 21, 22, 23, 24, 25, 26, 28, 29, 30, 31, 32, 33, 34, 35, 36, 37, 38, 42, 43, 45, 47, 49, 57, 67, 86, 89, 96, 99, 101, 102, 104, 105, 107, 108, 109, 110, 111, 112, 113, 114, 116, 123, 130, 131, 133, 134, 136, 147, 148, 149, 150, 151, 152, 153, 154, 157, 160, 161, 162, 165, 166, 167, 168, 171, 174, 176, 177, 178, 180, 181, 185, 186, 187, 193, 194, 196, 197, 198, 199, 200, 202, 203, 207, 208, 209, 211, 212, 213, 214, 215, 217, 218, 219, 224, 232, 233, 234, 236, 237, 238, 239, 240, 244, 245, 246, 247, 250, 253, 256, 257, 263, 266, 269, 273, 277, 278, 282, 283, 286, 289, 292, 294, 296, 297, 300, 302, 309, 310, 312, 314, 315, 316, 317, 318, 323, 325, 337, 339, 340, 341, 344, 349, 351, 352, 353, 354, 355, 360, 363, 366, 367, 372, 375, 376, 381, 382, 384, 394, 395, 396, 397, 398, 400, 401, 402, 404, 405, 406, 407, 408, 410, 413, 418, 419, 420, 422, 423, 424, 425, 426, 428, 431, 433, 438, 439, 440, 442, 443, 444, 445, 446, 448, 453, 456, 457, 458, 460, 463, 464, 466, 467, 468, 471, 475, 476, 478, 498, 500, 503, 504, 508, 509, 510, 511, 513, 517, 523, 524, 528, 529, 530, 531, 534, 535, 537, 541, 543, 547, 549, 553, 555, 557, 558, 561, 563, 567, 570, 574, 633, 635, 636, 639, 642, 648, 649, 650, 651, 653, 656, 666, 668, 669, 679, 680, 682, 685, 688, 700, 703, 714, 715, 716, 718, 719, 720, 721, 722, 723, 724, 727, 728, 734, 759, 761, 762, 763, 764, 765, 766, 767, 768, 770, 774, 775, 777, 779, 785, 790, 809, 811, 812, 813, 814, 817, 818, 819, 820, 821, 826, 827, 832, 839, 840, 842, 847, 851, 871, 886, 902, 912, 918, 922, 928, 944, 994, 1041, 1055, 1063, 1067, 1068, 1069, 1070, 1072, 1073, 1074, 1075, 1079, 1080, 1086, 1087, 1088, 1090, 1091, 1105, 1107, 1111, 1121, 1130, 1147, 1148, 1149, 1151, 1152, 1153, 1154, 1155, 1156, 1157, 1158, 1160, 1161, 1169, 1170, 1174, 1175, 1178, 1182, 1198, 1199, 1200, 1201, 1202, 1203, 1205, 1217, 1222, 1234, 1248, 1256, 1260, 1266, 1267, 1268, 1269, 1270, 1271, 1272, 1274, 1275, 1276, 1277, 1283, 1285, 1287, 1288, 1289, 1290, 1291, 1292, 1293, 1294, 1300, 1301, 1302, 1303, 1304, 1305, 1306, 1318], "summary": {"covered_lines": 404, "num_statements": 744, "percent_covered": 54.30107526881721, "percent_covered_display": "54", "missing_lines": 340, "excluded_lines": 0, "percent_statements_covered": 54.30107526881721, "percent_statements_covered_display": "54"}, "missing_lines": [188, 189, 190, 191, 192, 201, 225, 226, 228, 327, 328, 329, 332, 386, 480, 481, 484, 487, 493, 496, 501, 502, 575, 579, 580, 582, 583, 584, 585, 589, 591, 593, 596, 597, 598, 599, 600, 601, 602, 603, 606, 615, 616, 617, 618, 619, 620, 621, 622, 624, 625, 626, 627, 630, 631, 643, 644, 645, 646, 657, 659, 660, 661, 662, 663, 664, 686, 689, 690, 691, 692, 693, 694, 697, 698, 701, 704, 705, 706, 707, 708, 710, 711, 712, 717, 725, 726, 730, 735, 736, 737, 738, 741, 742, 744, 745, 746, 748, 755, 756, 757, 771, 772, 786, 787, 788, 792, 793, 794, 795, 796, 798, 804, 805, 806, 807, 843, 844, 845, 849, 853, 854, 855, 856, 857, 858, 859, 860, 861, 864, 865, 866, 867, 874, 875, 876, 877, 878, 880, 881, 882, 883, 884, 893, 894, 895, 896, 897, 898, 900, 905, 906, 907, 908, 909, 910, 913, 914, 920, 924, 929, 930, 932, 933, 935, 937, 938, 939, 940, 942, 946, 947, 948, 949, 950, 951, 952, 954, 956, 961, 969, 970, 971, 974, 975, 976, 977, 978, 979, 982, 984, 985, 986, 988, 989, 990, 991, 992, 1000, 1001, 1002, 1003, 1005, 1006, 1007, 1008, 1011, 1012, 1013, 1014, 1017, 1019, 1020, 1021, 1024, 1025, 1026, 1029, 1031, 1032, 1033, 1035, 1036, 1037, 1038, 1039, 1043, 1044, 1045, 1046, 1047, 1048, 1049, 1050, 1051, 1052, 1053, 1056, 1057, 1058, 1059, 1077, 1081, 1082, 1083, 1084, 1092, 1093, 1094, 1095, 1096, 1097, 1099, 1100, 1101, 1102, 1103, 1106, 1112, 1113, 1116, 1117, 1118, 1119, 1123, 1124, 1127, 1128, 1135, 1136, 1138, 1140, 1141, 1142, 1143, 1162, 1163, 1164, 1165, 1166, 1167, 1177, 1183, 1184, 1185, 1186, 1187, 1188, 1189, 1190, 1191, 1193, 1194, 1195, 1196, 1206, 1207, 1208, 1209, 1210, 1211, 1212, 1213, 1218, 1219, 1220, 1223, 1224, 1225, 1226, 1227, 1228, 1229, 1230, 1237, 1238, 1239, 1240, 1244, 1249, 1250, 1251, 1252, 1253, 1254, 1257, 1258, 1261, 1262, 1263, 1264, 1278, 1279, 1280, 1281, 1295, 1307, 1308, 1313, 1319], "excluded_lines": [], "functions": {"_compute_cell_bitmask": {"executed_lines": [101, 102, 104, 107, 108, 109, 110, 111, 112, 113, 114, 116], "summary": {"covered_lines": 12, "num_statements": 12, "percent_covered": 100.0, "percent_covered_display": "100", "missing_lines": 0, "excluded_lines": 0, "percent_statements_covered": 100.0, "percent_statements_covered_display": "100"}, "missing_lines": [], "excluded_lines": [], "start_line": 99}, "_compute_cell_bitmask.f": {"executed_lines": [105], "summary": {"covered_lines": 1, "num_statements": 1, "percent_covered": 100.0, "percent_covered_display": "100", "missing_lines": 0, "excluded_lines": 0, "percent_statements_covered": 100.0, "percent_statements_covered_display": "100"}, "missing_lines": [], "excluded_lines": [], "start_line": 104}, "_compute_wall_bitmask_4n": {"executed_lines": [130, 131, 133, 136], "summary": {"covered_lines": 4, "num_statements": 4, "percent_covered": 100.0, "percent_covered_display": "100", "missing_lines": 0, "excluded_lines": 0, "percent_statements_covered": 100.0, "percent_statements_covered_display": "100"}, "missing_lines": [], "excluded_lines": [], "start_line": 123}, "_compute_wall_bitmask_4n.f": {"executed_lines": [134], "summary": {"covered_lines": 1, "num_statements": 1, "percent_covered": 100.0, "percent_covered_display": "100", "missing_lines": 0, "excluded_lines": 0, "percent_statements_covered": 100.0, "percent_statements_covered_display": "100"}, "missing_lines": [], "excluded_lines": [], "start_line": 133}, "App.__init__": {"executed_lines": [149, 150, 151, 152, 153, 154, 157, 160, 161, 162, 165, 166, 167, 168, 171, 174, 176, 177, 178, 180, 181], "summary": {"covered_lines": 21, "num_statements": 21, "percent_covered": 100.0, "percent_covered_display": "100", "missing_lines": 0, "excluded_lines": 0, "percent_statements_covered": 100.0, "percent_statements_covered_display": "100"}, "missing_lines": [], "excluded_lines": [], "start_line": 148}, "App._setup_icon": {"executed_lines": [186, 187, 193, 194], "summary": {"covered_lines": 4, "num_statements": 9, "percent_covered": 44.44444444444444, "percent_covered_display": "44", "missing_lines": 5, "excluded_lines": 0, "percent_statements_covered": 44.44444444444444, "percent_statements_covered_display": "44"}, "missing_lines": [188, 189, 190, 191, 192], "excluded_lines": [], "start_line": 185}, "App._focus_window": {"executed_lines": [197, 198, 199, 200, 202, 203], "summary": {"covered_lines": 6, "num_statements": 7, "percent_covered": 85.71428571428571, "percent_covered_display": "86", "missing_lines": 1, "excluded_lines": 0, "percent_statements_covered": 85.71428571428571, "percent_statements_covered_display": "86"}, "missing_lines": [201], "excluded_lines": [], "start_line": 196}, "App._build_macos_menu": {"executed_lines": [208, 209, 211, 212, 213, 214, 215, 217, 218, 219], "summary": {"covered_lines": 10, "num_statements": 10, "percent_covered": 100.0, "percent_covered_display": "100", "missing_lines": 0, "excluded_lines": 0, "percent_statements_covered": 100.0, "percent_statements_covered_display": "100"}, "missing_lines": [], "excluded_lines": [], "start_line": 207}, "App._toggle_log": {"executed_lines": [], "summary": {"covered_lines": 0, "num_statements": 3, "percent_covered": 0.0, "percent_covered_display": "0", "missing_lines": 3, "excluded_lines": 0, "percent_statements_covered": 0.0, "percent_statements_covered_display": "0"}, "missing_lines": [225, 226, 228], "excluded_lines": [], "start_line": 224}, "App._build_ui": {"executed_lines": [233, 234, 236, 237, 238, 239, 240], "summary": {"covered_lines": 7, "num_statements": 7, "percent_covered": 100.0, "percent_covered_display": "100", "missing_lines": 0, "excluded_lines": 0, "percent_statements_covered": 100.0, "percent_statements_covered_display": "100"}, "missing_lines": [], "excluded_lines": [], "start_line": 232}, "App._build_primary_toolbar": {"executed_lines": [245, 246, 247, 250, 253, 256, 257, 263, 266, 269, 273], "summary": {"covered_lines": 11, "num_statements": 11, "percent_covered": 100.0, "percent_covered_display": "100", "missing_lines": 0, "excluded_lines": 0, "percent_statements_covered": 100.0, "percent_statements_covered_display": "100"}, "missing_lines": [], "excluded_lines": [], "start_line": 244}, "App._build_secondary_toolbar": {"executed_lines": [278, 282, 283, 286, 289, 292], "summary": {"covered_lines": 6, "num_statements": 6, "percent_covered": 100.0, "percent_covered_display": "100", "missing_lines": 0, "excluded_lines": 0, "percent_statements_covered": 100.0, "percent_statements_covered_display": "100"}, "missing_lines": [], "excluded_lines": [], "start_line": 277}, "App._swap_secondary": {"executed_lines": [296, 297, 300, 302, 309, 310], "summary": {"covered_lines": 6, "num_statements": 6, "percent_covered": 100.0, "percent_covered_display": "100", "missing_lines": 0, "excluded_lines": 0, "percent_statements_covered": 100.0, "percent_statements_covered_display": "100"}, "missing_lines": [], "excluded_lines": [], "start_line": 294}, "App._build_secondary_a2": {"executed_lines": [314, 315, 316, 317, 318, 323], "summary": {"covered_lines": 6, "num_statements": 6, "percent_covered": 100.0, "percent_covered_display": "100", "missing_lines": 0, "excluded_lines": 0, "percent_statements_covered": 100.0, "percent_statements_covered_display": "100"}, "missing_lines": [], "excluded_lines": [], "start_line": 312}, "App._build_secondary_a3": {"executed_lines": [], "summary": {"covered_lines": 0, "num_statements": 4, "percent_covered": 0.0, "percent_covered_display": "0", "missing_lines": 4, "excluded_lines": 0, "percent_statements_covered": 0.0, "percent_statements_covered_display": "0"}, "missing_lines": [327, 328, 329, 332], "excluded_lines": [], "start_line": 325}, "App._build_secondary_a4": {"executed_lines": [339, 340, 341, 344], "summary": {"covered_lines": 4, "num_statements": 4, "percent_covered": 100.0, "percent_covered_display": "100", "missing_lines": 0, "excluded_lines": 0, "percent_statements_covered": 100.0, "percent_statements_covered_display": "100"}, "missing_lines": [], "excluded_lines": [], "start_line": 337}, "App._build_secondary_a1": {"executed_lines": [351, 352, 353, 354, 355, 360, 363, 366, 367, 372, 375, 376, 381, 382], "summary": {"covered_lines": 14, "num_statements": 14, "percent_covered": 100.0, "percent_covered_display": "100", "missing_lines": 0, "excluded_lines": 0, "percent_statements_covered": 100.0, "percent_statements_covered_display": "100"}, "missing_lines": [], "excluded_lines": [], "start_line": 349}, "App._build_secondary_recolor": {"executed_lines": [], "summary": {"covered_lines": 0, "num_statements": 1, "percent_covered": 0.0, "percent_covered_display": "0", "missing_lines": 1, "excluded_lines": 0, "percent_statements_covered": 0.0, "percent_statements_covered_display": "0"}, "missing_lines": [386], "excluded_lines": [], "start_line": 384}, "App._build_panels": {"executed_lines": [395, 396, 397, 398, 400, 401, 402], "summary": {"covered_lines": 7, "num_statements": 7, "percent_covered": 100.0, "percent_covered_display": "100", "missing_lines": 0, "excluded_lines": 0, "percent_statements_covered": 100.0, "percent_statements_covered_display": "100"}, "missing_lines": [], "excluded_lines": [], "start_line": 394}, "App._build_source_panel": {"executed_lines": [405, 406, 407, 408, 410, 413, 418, 419, 420], "summary": {"covered_lines": 9, "num_statements": 9, "percent_covered": 100.0, "percent_covered_display": "100", "missing_lines": 0, "excluded_lines": 0, "percent_statements_covered": 100.0, "percent_statements_covered_display": "100"}, "missing_lines": [], "excluded_lines": [], "start_line": 404}, "App._build_output_panel": {"executed_lines": [423, 424, 425, 426, 428, 431, 433, 438, 439, 440], "summary": {"covered_lines": 10, "num_statements": 10, "percent_covered": 100.0, "percent_covered_display": "100", "missing_lines": 0, "excluded_lines": 0, "percent_statements_covered": 100.0, "percent_statements_covered_display": "100"}, "missing_lines": [], "excluded_lines": [], "start_line": 422}, "App._build_canvas_panel": {"executed_lines": [443, 444, 445, 446, 448, 453, 456, 457, 458, 460, 463, 464, 466, 467, 468, 471, 475, 476], "summary": {"covered_lines": 18, "num_statements": 18, "percent_covered": 100.0, "percent_covered_display": "100", "missing_lines": 0, "excluded_lines": 0, "percent_statements_covered": 100.0, "percent_statements_covered_display": "100"}, "missing_lines": [], "excluded_lines": [], "start_line": 442}, "App._switch_right_panel_to_recolor": {"executed_lines": [], "summary": {"covered_lines": 0, "num_statements": 6, "percent_covered": 0.0, "percent_covered_display": "0", "missing_lines": 6, "excluded_lines": 0, "percent_statements_covered": 0.0, "percent_statements_covered_display": "0"}, "missing_lines": [480, 481, 484, 487, 493, 496], "excluded_lines": [], "start_line": 478}, "App._switch_right_panel_to_canvas": {"executed_lines": [500, 503, 504], "summary": {"covered_lines": 3, "num_statements": 5, "percent_covered": 60.0, "percent_covered_display": "60", "missing_lines": 2, "excluded_lines": 0, "percent_statements_covered": 60.0, "percent_statements_covered_display": "60"}, "missing_lines": [501, 502], "excluded_lines": [], "start_line": 498}, "App._build_log": {"executed_lines": [509, 510, 511, 513, 517, 523, 524], "summary": {"covered_lines": 7, "num_statements": 7, "percent_covered": 100.0, "percent_covered_display": "100", "missing_lines": 0, "excluded_lines": 0, "percent_statements_covered": 100.0, "percent_statements_covered_display": "100"}, "missing_lines": [], "excluded_lines": [], "start_line": 508}, "App._build_footer": {"executed_lines": [529, 530, 531, 534, 535, 537, 541, 543, 547, 549, 553, 555, 557, 558, 561, 563, 567, 570], "summary": {"covered_lines": 18, "num_statements": 18, "percent_covered": 100.0, "percent_covered_display": "100", "missing_lines": 0, "excluded_lines": 0, "percent_statements_covered": 100.0, "percent_statements_covered_display": "100"}, "missing_lines": [], "excluded_lines": [], "start_line": 528}, "App._open_file": {"executed_lines": [], "summary": {"covered_lines": 0, "num_statements": 33, "percent_covered": 0.0, "percent_covered_display": "0", "missing_lines": 33, "excluded_lines": 0, "percent_statements_covered": 0.0, "percent_statements_covered_display": "0"}, "missing_lines": [575, 579, 580, 582, 583, 584, 585, 589, 591, 593, 596, 597, 598, 599, 600, 601, 602, 603, 606, 615, 616, 617, 618, 619, 620, 621, 622, 624, 625, 626, 627, 630, 631], "excluded_lines": [], "start_line": 574}, "App._on_type_change": {"executed_lines": [635, 636, 639, 642, 648, 649, 650, 651, 653, 656, 666, 668, 669, 679, 680, 682, 685], "summary": {"covered_lines": 17, "num_statements": 29, "percent_covered": 58.62068965517241, "percent_covered_display": "59", "missing_lines": 12, "excluded_lines": 0, "percent_statements_covered": 58.62068965517241, "percent_statements_covered_display": "59"}, "missing_lines": [643, 644, 645, 646, 657, 659, 660, 661, 662, 663, 664, 686], "excluded_lines": [], "start_line": 633}, "App._on_format_change": {"executed_lines": [], "summary": {"covered_lines": 0, "num_statements": 8, "percent_covered": 0.0, "percent_covered_display": "0", "missing_lines": 8, "excluded_lines": 0, "percent_statements_covered": 0.0, "percent_statements_covered_display": "0"}, "missing_lines": [689, 690, 691, 692, 693, 694, 697, 698], "excluded_lines": [], "start_line": 688}, "App._on_anim_type_change": {"executed_lines": [], "summary": {"covered_lines": 0, "num_statements": 1, "percent_covered": 0.0, "percent_covered_display": "0", "missing_lines": 1, "excluded_lines": 0, "percent_statements_covered": 0.0, "percent_statements_covered_display": "0"}, "missing_lines": [701], "excluded_lines": [], "start_line": 700}, "App._on_speed_change": {"executed_lines": [], "summary": {"covered_lines": 0, "num_statements": 8, "percent_covered": 0.0, "percent_covered_display": "0", "missing_lines": 8, "excluded_lines": 0, "percent_statements_covered": 0.0, "percent_statements_covered_display": "0"}, "missing_lines": [704, 705, 706, 707, 708, 710, 711, 712], "excluded_lines": [], "start_line": 703}, "App._update_animation_controls_state": {"executed_lines": [715, 716, 718, 719, 720, 721, 722, 723, 724, 727, 728], "summary": {"covered_lines": 11, "num_statements": 15, "percent_covered": 73.33333333333333, "percent_covered_display": "73", "missing_lines": 4, "excluded_lines": 0, "percent_statements_covered": 73.33333333333333, "percent_statements_covered_display": "73"}, "missing_lines": [717, 725, 726, 730], "excluded_lines": [], "start_line": 714}, "App._run_conversion": {"executed_lines": [], "summary": {"covered_lines": 0, "num_statements": 13, "percent_covered": 0.0, "percent_covered_display": "0", "missing_lines": 13, "excluded_lines": 0, "percent_statements_covered": 0.0, "percent_statements_covered_display": "0"}, "missing_lines": [735, 736, 737, 738, 741, 742, 744, 745, 746, 748, 755, 756, 757], "excluded_lines": [], "start_line": 734}, "App._convert_a2": {"executed_lines": [761, 762, 763, 764, 765, 766, 767, 768, 770, 774, 775, 777, 779, 785], "summary": {"covered_lines": 14, "num_statements": 19, "percent_covered": 73.6842105263158, "percent_covered_display": "74", "missing_lines": 5, "excluded_lines": 0, "percent_statements_covered": 73.6842105263158, "percent_statements_covered_display": "74"}, "missing_lines": [771, 772, 786, 787, 788], "excluded_lines": [], "start_line": 759}, "App._convert_a3": {"executed_lines": [], "summary": {"covered_lines": 0, "num_statements": 10, "percent_covered": 0.0, "percent_covered_display": "0", "missing_lines": 10, "excluded_lines": 0, "percent_statements_covered": 0.0, "percent_statements_covered_display": "0"}, "missing_lines": [792, 793, 794, 795, 796, 798, 804, 805, 806, 807], "excluded_lines": [], "start_line": 790}, "App._convert_a4": {"executed_lines": [811, 812, 813, 814, 817, 818, 819, 820, 821, 826, 827, 832, 839, 840, 842], "summary": {"covered_lines": 15, "num_statements": 18, "percent_covered": 83.33333333333333, "percent_covered_display": "83", "missing_lines": 3, "excluded_lines": 0, "percent_statements_covered": 83.33333333333333, "percent_statements_covered_display": "83"}, "missing_lines": [843, 844, 845], "excluded_lines": [], "start_line": 809}, "App._convert_a1": {"executed_lines": [], "summary": {"covered_lines": 0, "num_statements": 1, "percent_covered": 0.0, "percent_covered_display": "0", "missing_lines": 1, "excluded_lines": 0, "percent_statements_covered": 0.0, "percent_statements_covered_display": "0"}, "missing_lines": [849], "excluded_lines": [], "start_line": 847}, "App._apply_recolor": {"executed_lines": [], "summary": {"covered_lines": 0, "num_statements": 13, "percent_covered": 0.0, "percent_covered_display": "0", "missing_lines": 13, "excluded_lines": 0, "percent_statements_covered": 0.0, "percent_statements_covered_display": "0"}, "missing_lines": [853, 854, 855, 856, 857, 858, 859, 860, 861, 864, 865, 866, 867], "excluded_lines": [], "start_line": 851}, "App._on_convert_success_a2": {"executed_lines": [], "summary": {"covered_lines": 0, "num_statements": 10, "percent_covered": 0.0, "percent_covered_display": "0", "missing_lines": 10, "excluded_lines": 0, "percent_statements_covered": 0.0, "percent_statements_covered_display": "0"}, "missing_lines": [874, 875, 876, 877, 878, 880, 881, 882, 883, 884], "excluded_lines": [], "start_line": 871}, "App._on_convert_success_a4": {"executed_lines": [], "summary": {"covered_lines": 0, "num_statements": 7, "percent_covered": 0.0, "percent_covered_display": "0", "missing_lines": 7, "excluded_lines": 0, "percent_statements_covered": 0.0, "percent_statements_covered_display": "0"}, "missing_lines": [893, 894, 895, 896, 897, 898, 900], "excluded_lines": [], "start_line": 886}, "App._on_convert_success_single": {"executed_lines": [], "summary": {"covered_lines": 0, "num_statements": 6, "percent_covered": 0.0, "percent_covered_display": "0", "missing_lines": 6, "excluded_lines": 0, "percent_statements_covered": 0.0, "percent_statements_covered_display": "0"}, "missing_lines": [905, 906, 907, 908, 909, 910], "excluded_lines": [], "start_line": 902}, "App._on_convert_error": {"executed_lines": [], "summary": {"covered_lines": 0, "num_statements": 2, "percent_covered": 0.0, "percent_covered_display": "0", "missing_lines": 2, "excluded_lines": 0, "percent_statements_covered": 0.0, "percent_statements_covered_display": "0"}, "missing_lines": [913, 914], "excluded_lines": [], "start_line": 912}, "App._on_recolor_state_change": {"executed_lines": [], "summary": {"covered_lines": 0, "num_statements": 1, "percent_covered": 0.0, "percent_covered_display": "0", "missing_lines": 1, "excluded_lines": 0, "percent_statements_covered": 0.0, "percent_statements_covered_display": "0"}, "missing_lines": [920], "excluded_lines": [], "start_line": 918}, "App._on_recolor_preview_ready": {"executed_lines": [], "summary": {"covered_lines": 0, "num_statements": 1, "percent_covered": 0.0, "percent_covered_display": "0", "missing_lines": 1, "excluded_lines": 0, "percent_statements_covered": 0.0, "percent_statements_covered_display": "0"}, "missing_lines": [924], "excluded_lines": [], "start_line": 922}, "App._export": {"executed_lines": [], "summary": {"covered_lines": 0, "num_statements": 10, "percent_covered": 0.0, "percent_covered_display": "0", "missing_lines": 10, "excluded_lines": 0, "percent_statements_covered": 0.0, "percent_statements_covered_display": "0"}, "missing_lines": [929, 930, 932, 933, 935, 937, 938, 939, 940, 942], "excluded_lines": [], "start_line": 928}, "App._export_standard": {"executed_lines": [], "summary": {"covered_lines": 0, "num_statements": 28, "percent_covered": 0.0, "percent_covered_display": "0", "missing_lines": 28, "excluded_lines": 0, "percent_statements_covered": 0.0, "percent_statements_covered_display": "0"}, "missing_lines": [946, 947, 948, 949, 950, 951, 952, 954, 956, 961, 969, 970, 971, 974, 975, 976, 977, 978, 979, 982, 984, 985, 986, 988, 989, 990, 991, 992], "excluded_lines": [], "start_line": 944}, "App._export_a4": {"executed_lines": [], "summary": {"covered_lines": 0, "num_statements": 28, "percent_covered": 0.0, "percent_covered_display": "0", "missing_lines": 28, "excluded_lines": 0, "percent_statements_covered": 0.0, "percent_statements_covered_display": "0"}, "missing_lines": [1000, 1001, 1002, 1003, 1005, 1006, 1007, 1008, 1011, 1012, 1013, 1014, 1017, 1019, 1020, 1021, 1024, 1025, 1026, 1029, 1031, 1032, 1033, 1035, 1036, 1037, 1038, 1039], "excluded_lines": [], "start_line": 994}, "App._export_recolor": {"executed_lines": [], "summary": {"covered_lines": 0, "num_statements": 11, "percent_covered": 0.0, "percent_covered_display": "0", "missing_lines": 11, "excluded_lines": 0, "percent_statements_covered": 0.0, "percent_statements_covered_display": "0"}, "missing_lines": [1043, 1044, 1045, 1046, 1047, 1048, 1049, 1050, 1051, 1052, 1053], "excluded_lines": [], "start_line": 1041}, "App._pick_output_dir": {"executed_lines": [], "summary": {"covered_lines": 0, "num_statements": 4, "percent_covered": 0.0, "percent_covered_display": "0", "missing_lines": 4, "excluded_lines": 0, "percent_statements_covered": 0.0, "percent_statements_covered_display": "0"}, "missing_lines": [1056, 1057, 1058, 1059], "excluded_lines": [], "start_line": 1055}, "App._validate_dimensions": {"executed_lines": [1067, 1068, 1069, 1070, 1072, 1073, 1074, 1075], "summary": {"covered_lines": 8, "num_statements": 9, "percent_covered": 88.88888888888889, "percent_covered_display": "89", "missing_lines": 1, "excluded_lines": 0, "percent_statements_covered": 88.88888888888889, "percent_statements_covered_display": "89"}, "missing_lines": [1077], "excluded_lines": [], "start_line": 1063}, "App._validate_xp_dimensions": {"executed_lines": [1080, 1086, 1087, 1088], "summary": {"covered_lines": 4, "num_statements": 8, "percent_covered": 50.0, "percent_covered_display": "50", "missing_lines": 4, "excluded_lines": 0, "percent_statements_covered": 50.0, "percent_statements_covered_display": "50"}, "missing_lines": [1081, 1082, 1083, 1084], "excluded_lines": [], "start_line": 1079}, "App._validate_mv_dimensions": {"executed_lines": [1091, 1105, 1107], "summary": {"covered_lines": 3, "num_statements": 15, "percent_covered": 20.0, "percent_covered_display": "20", "missing_lines": 12, "excluded_lines": 0, "percent_statements_covered": 20.0, "percent_statements_covered_display": "20"}, "missing_lines": [1092, 1093, 1094, 1095, 1096, 1097, 1099, 1100, 1101, 1102, 1103, 1106], "excluded_lines": [], "start_line": 1090}, "App._display_source": {"executed_lines": [], "summary": {"covered_lines": 0, "num_statements": 6, "percent_covered": 0.0, "percent_covered_display": "0", "missing_lines": 6, "excluded_lines": 0, "percent_statements_covered": 0.0, "percent_statements_covered_display": "0"}, "missing_lines": [1112, 1113, 1116, 1117, 1118, 1119], "excluded_lines": [], "start_line": 1111}, "App._display_result_image": {"executed_lines": [], "summary": {"covered_lines": 0, "num_statements": 4, "percent_covered": 0.0, "percent_covered_display": "0", "missing_lines": 4, "excluded_lines": 0, "percent_statements_covered": 0.0, "percent_statements_covered_display": "0"}, "missing_lines": [1123, 1124, 1127, 1128], "excluded_lines": [], "start_line": 1121}, "App._display_output_sheet": {"executed_lines": [], "summary": {"covered_lines": 0, "num_statements": 7, "percent_covered": 0.0, "percent_covered_display": "0", "missing_lines": 7, "excluded_lines": 0, "percent_statements_covered": 0.0, "percent_statements_covered_display": "0"}, "missing_lines": [1135, 1136, 1138, 1140, 1141, 1142, 1143], "excluded_lines": [], "start_line": 1130}, "App._reset_output_panel": {"executed_lines": [1148, 1149], "summary": {"covered_lines": 2, "num_statements": 2, "percent_covered": 100.0, "percent_covered_display": "100", "missing_lines": 0, "excluded_lines": 0, "percent_statements_covered": 100.0, "percent_statements_covered_display": "100"}, "missing_lines": [], "excluded_lines": [], "start_line": 1147}, "App._reset_panels": {"executed_lines": [1152, 1153, 1154, 1155, 1156, 1157, 1158], "summary": {"covered_lines": 7, "num_statements": 7, "percent_covered": 100.0, "percent_covered_display": "100", "missing_lines": 0, "excluded_lines": 0, "percent_statements_covered": 100.0, "percent_statements_covered_display": "100"}, "missing_lines": [], "excluded_lines": [], "start_line": 1151}, "App._scale_to_fit": {"executed_lines": [], "summary": {"covered_lines": 0, "num_statements": 6, "percent_covered": 0.0, "percent_covered_display": "0", "missing_lines": 6, "excluded_lines": 0, "percent_statements_covered": 0.0, "percent_statements_covered_display": "0"}, "missing_lines": [1162, 1163, 1164, 1165, 1166, 1167], "excluded_lines": [], "start_line": 1161}, "App._build_sheet_image": {"executed_lines": [1174, 1175, 1178], "summary": {"covered_lines": 3, "num_statements": 4, "percent_covered": 75.0, "percent_covered_display": "75", "missing_lines": 1, "excluded_lines": 0, "percent_statements_covered": 75.0, "percent_statements_covered_display": "75"}, "missing_lines": [1177], "excluded_lines": [], "start_line": 1170}, "App._setup_animation": {"executed_lines": [], "summary": {"covered_lines": 0, "num_statements": 13, "percent_covered": 0.0, "percent_covered_display": "0", "missing_lines": 13, "excluded_lines": 0, "percent_statements_covered": 0.0, "percent_statements_covered_display": "0"}, "missing_lines": [1183, 1184, 1185, 1186, 1187, 1188, 1189, 1190, 1191, 1193, 1194, 1195, 1196], "excluded_lines": [], "start_line": 1182}, "App._stop_animation": {"executed_lines": [1199, 1200, 1201, 1202, 1203], "summary": {"covered_lines": 5, "num_statements": 5, "percent_covered": 100.0, "percent_covered_display": "100", "missing_lines": 0, "excluded_lines": 0, "percent_statements_covered": 100.0, "percent_statements_covered_display": "100"}, "missing_lines": [], "excluded_lines": [], "start_line": 1198}, "App._tick_animation": {"executed_lines": [], "summary": {"covered_lines": 0, "num_statements": 8, "percent_covered": 0.0, "percent_covered_display": "0", "missing_lines": 8, "excluded_lines": 0, "percent_statements_covered": 0.0, "percent_statements_covered_display": "0"}, "missing_lines": [1206, 1207, 1208, 1209, 1210, 1211, 1212, 1213], "excluded_lines": [], "start_line": 1205}, "App._set_status": {"executed_lines": [], "summary": {"covered_lines": 0, "num_statements": 3, "percent_covered": 0.0, "percent_covered_display": "0", "missing_lines": 3, "excluded_lines": 0, "percent_statements_covered": 0.0, "percent_statements_covered_display": "0"}, "missing_lines": [1218, 1219, 1220], "excluded_lines": [], "start_line": 1217}, "App._log": {"executed_lines": [], "summary": {"covered_lines": 0, "num_statements": 8, "percent_covered": 0.0, "percent_covered_display": "0", "missing_lines": 8, "excluded_lines": 0, "percent_statements_covered": 0.0, "percent_statements_covered_display": "0"}, "missing_lines": [1223, 1224, 1225, 1226, 1227, 1228, 1229, 1230], "excluded_lines": [], "start_line": 1222}, "App._draw_canvas_pattern": {"executed_lines": [], "summary": {"covered_lines": 0, "num_statements": 5, "percent_covered": 0.0, "percent_covered_display": "0", "missing_lines": 5, "excluded_lines": 0, "percent_statements_covered": 0.0, "percent_statements_covered_display": "0"}, "missing_lines": [1237, 1238, 1239, 1240, 1244], "excluded_lines": [], "start_line": 1234}, "App._on_canvas_click": {"executed_lines": [], "summary": {"covered_lines": 0, "num_statements": 6, "percent_covered": 0.0, "percent_covered_display": "0", "missing_lines": 6, "excluded_lines": 0, "percent_statements_covered": 0.0, "percent_statements_covered_display": "0"}, "missing_lines": [1249, 1250, 1251, 1252, 1253, 1254], "excluded_lines": [], "start_line": 1248}, "App._load_test_pattern": {"executed_lines": [], "summary": {"covered_lines": 0, "num_statements": 2, "percent_covered": 0.0, "percent_covered_display": "0", "missing_lines": 2, "excluded_lines": 0, "percent_statements_covered": 0.0, "percent_statements_covered_
[...]
"excluded_lines": [], "start_line": 262}, "RecolorPanel._open_color_picker": {"executed_lines": [302, 303, 304], "summary": {"covered_lines": 3, "num_statements": 7, "percent_covered": 42.857142857142854, "percent_covered_display": "43", "missing_lines": 4, "excluded_lines": 0, "percent_statements_covered": 42.857142857142854, "percent_statements_covered_display": "43"}, "missing_lines": [305, 306, 307, 308], "excluded_lines": [], "start_line": 300}, "RecolorPanel._on_hex_commit": {"executed_lines": [315, 316, 317, 318, 319, 320, 321, 322, 323, 324, 325, 327, 328, 329], "summary": {"covered_lines": 14, "num_statements": 14, "percent_covered": 100.0, "percent_covered_display": "100", "missing_lines": 0, "excluded_lines": 0, "percent_statements_covered": 100.0, "percent_statements_covered_display": "100"}, "missing_lines": [], "excluded_lines": [], "start_line": 310}, "RecolorPanel._flash_entry_error": {"executed_lines": [333, 334, 335, 339, 340, 341], "summary": {"covered_lines": 6, "num_statements": 6, "percent_covered": 100.0, "percent_covered_display": "100", "missing_lines": 0, "excluded_lines": 0, "percent_statements_covered": 100.0, "percent_statements_covered_display": "100"}, "missing_lines": [], "excluded_lines": [], "start_line": 331}, "RecolorPanel._update_remap_entry": {"executed_lines": [345, 346, 347, 348, 349, 350, 351, 352, 353], "summary": {"covered_lines": 9, "num_statements": 9, "percent_covered": 100.0, "percent_covered_display": "100", "missing_lines": 0, "excluded_lines": 0, "percent_statements_covered": 100.0, "percent_statements_covered_display": "100"}, "missing_lines": [], "excluded_lines": [], "start_line": 343}, "RecolorPanel.update_state": {"executed_lines": [361, 362], "summary": {"covered_lines": 2, "num_statements": 6, "percent_covered": 33.333333333333336, "percent_covered_display": "33", "missing_lines": 4, "excluded_lines": 0, "percent_statements_covered": 33.333333333333336, "percent_statements_covered_display": "33"}, "missing_lines": [363, 364, 365, 366], "excluded_lines": [], "start_line": 359}, "RecolorPanel._schedule_preview_refresh": {"executed_lines": [374, 375, 376], "summary": {"covered_lines": 3, "num_statements": 3, "percent_covered": 100.0, "percent_covered_display": "100", "missing_lines": 0, "excluded_lines": 0, "percent_statements_covered": 100.0, "percent_statements_covered_display": "100"}, "missing_lines": [], "excluded_lines": [], "start_line": 372}, "RecolorPanel._refresh_preview": {"executed_lines": [], "summary": {"covered_lines": 0, "num_statements": 8, "percent_covered": 0.0, "percent_covered_display": "0", "missing_lines": 8, "excluded_lines": 0, "percent_statements_covered": 0.0, "percent_statements_covered_display": "0"}, "missing_lines": [380, 381, 382, 383, 384, 385, 387, 399], "excluded_lines": [], "start_line": 378}, "RecolorPanel._refresh_preview._worker": {"executed_lines": [], "summary": {"covered_lines": 0, "num_statements": 10, "percent_covered": 0.0, "percent_covered_display": "0", "missing_lines": 10, "excluded_lines": 0, "percent_statements_covered": 0.0, "percent_statements_covered_display": "0"}, "missing_lines": [388, 389, 390, 391, 392, 393, 394, 395, 396, 397], "excluded_lines": [], "start_line": 387}, "RecolorPanel._on_preview_update_error": {"executed_lines": [], "summary": {"covered_lines": 0, "num_statements": 1, "percent_covered": 0.0, "percent_covered_display": "0", "missing_lines": 1, "excluded_lines": 0, "percent_statements_covered": 0.0, "percent_statements_covered_display": "0"}, "missing_lines": [405], "excluded_lines": [], "start_line": 401}, "": {"executed_lines": [17, 19, 20, 21, 22, 23, 25, 26, 27, 34, 35, 41, 42, 43, 46, 51, 63, 92, 125, 139, 160, 168, 184, 210, 235, 251, 262, 300, 310, 331, 343, 359, 372, 378, 401], "summary": {"covered_lines": 35, "num_statements": 35, "percent_covered": 100.0, "percent_covered_display": "100", "missing_lines": 0, "excluded_lines": 0, "percent_statements_covered": 100.0, "percent_statements_covered_display": "100"}, "missing_lines": [], "excluded_lines": [], "start_line": 1}}, "classes": {"RecolorPanel": {"executed_lines": [70, 71, 72, 73, 74, 75, 77, 78, 80, 81, 82, 85, 86, 93, 94, 95, 97, 103, 107, 109, 113, 114, 116, 117, 118, 122, 123, 127, 128, 129, 130, 132, 133, 134, 135, 137, 141, 144, 145, 146, 153, 155, 156, 162, 169, 170, 171, 173, 178, 179, 180, 181, 182, 188, 189, 190, 193, 198, 201, 202, 203, 205, 206, 207, 208, 212, 213, 214, 216, 217, 219, 222, 223, 226, 229, 236, 237, 238, 239, 241, 247, 248, 249, 255, 258, 259, 260, 264, 265, 268, 272, 275, 278, 283, 284, 290, 291, 293, 295, 297, 302, 303, 304, 315, 316, 317, 318, 319, 320, 321, 322, 323, 324, 325, 327, 328, 329, 333, 334, 335, 339, 340, 341, 345, 346, 347, 348, 349, 350, 351, 352, 353, 361, 362, 374, 375, 376], "summary": {"covered_lines": 137, "num_statements": 166, "percent_covered": 82.53012048192771, "percent_covered_display": "83", "missing_lines": 29, "excluded_lines": 0, "percent_statements_covered": 82.53012048192771, "percent_statements_covered_display": "83"}, "missing_lines": [142, 256, 305, 306, 307, 308, 363, 364, 365, 366, 380, 381, 382, 383, 384, 385, 387, 388, 389, 390, 391, 392, 393, 394, 395, 396, 397, 399, 405], "excluded_lines": [], "start_line": 51}, "": {"executed_lines": [17, 19, 20, 21, 22, 23, 25, 26, 27, 34, 35, 41, 42, 43, 46, 48, 51, 63, 92, 125, 139, 160, 168, 184, 210, 235, 251, 262, 300, 310, 331, 343, 359, 372, 378, 401], "summary": {"covered_lines": 36, "num_statements": 36, "percent_covered": 100.0, "percent_covered_display": "100", "missing_lines": 0, "excluded_lines": 0, "percent_statements_covered": 100.0, "percent_statements_covered_display": "100"}, "missing_lines": [], "excluded_lines": [], "start_line": 1}}}, "src/asset_convertor/gui/state.py": {"executed_lines": [12, 14, 15, 16, 18, 19, 25, 26, 29, 31, 38, 39, 42, 43, 45, 46, 48, 49, 51, 52, 55, 56, 65, 66, 68, 69, 72, 73, 75, 76, 79, 80, 82, 83, 85, 86, 89, 90, 92, 93, 95, 96, 99, 100, 102, 103, 106, 107, 110, 111], "summary": {"covered_lines": 50, "num_statements": 50, "percent_covered": 100.0, "percent_covered_display": "100", "missing_lines": 0, "excluded_lines": 0, "percent_statements_covered": 100.0, "percent_statements_covered_display": "100"}, "missing_lines": [], "excluded_lines": [], "functions": {"_default_output_dir": {"executed_lines": [31], "summary": {"covered_lines": 1, "num_statements": 1, "percent_covered": 100.0, "percent_covered_display": "100", "missing_lines": 0, "excluded_lines": 0, "percent_statements_covered": 100.0, "percent_statements_covered_display": "100"}, "missing_lines": [], "excluded_lines": [], "start_line": 29}, "": {"executed_lines": [12, 14, 15, 16, 18, 19, 25, 26, 29, 38, 39, 42, 43, 45, 46, 48, 49, 51, 52, 55, 56, 65, 66, 68, 69, 72, 73, 75, 76, 79, 80, 82, 83, 85, 86, 89, 90, 92, 93, 95, 96, 99, 100, 102, 103, 106, 107, 110, 111], "summary": {"covered_lines": 49, "num_statements": 49, "percent_covered": 100.0, "percent_covered_display": "100", "missing_lines": 0, "excluded_lines": 0, "percent_statements_covered": 100.0, "percent_statements_covered_display": "100"}, "missing_lines": [], "excluded_lines": [], "start_line": 1}}, "classes": {"RecolorState": {"executed_lines": [], "summary": {"covered_lines": 0, "num_statements": 0, "percent_covered": 100.0, "percent_covered_display": "100", "missing_lines": 0, "excluded_lines": 0, "percent_statements_covered": 100.0, "percent_statements_covered_display": "100"}, "missing_lines": [], "excluded_lines": [], "start_line": 39}, "AppState": {"executed_lines": [], "summary": {"covered_lines": 0, "num_statements": 0, "percent_covered": 100.0, "percent_covered_display": "100", "missing_lines": 0, "excluded_lines": 0, "percent_statements_covered": 100.0, "percent_statements_covered_display": "100"}, "missing_lines": [], "excluded_lines": [], "start_line": 56}, "": {"executed_lines": [12, 14, 15, 16, 18, 19, 25, 26, 29, 31, 38, 39, 42, 43, 45, 46, 48, 49, 51, 52, 55, 56, 65, 66, 68, 69, 72, 73, 75, 76, 79, 80, 82, 83, 85, 86, 89, 90, 92, 93, 95, 96, 99, 100, 102, 103, 106, 107, 110, 111], "summary": {"covered_lines": 50, "num_statements": 50, "percent_covered": 100.0, "percent_covered_display": "100", "missing_lines": 0, "excluded_lines": 0, "percent_statements_covered": 100.0, "percent_statements_covered_display": "100"}, "missing_lines": [], "excluded_lines": [], "start_line": 1}}}, "src/assets/flat_wall_to_diagonal.py": {"executed_lines": [12, 13, 14, 16, 17, 25, 28, 29, 31, 32, 34, 37, 43, 49, 56, 62, 68, 71, 77, 79, 81, 83, 85, 86, 88, 92, 98, 100, 101, 102, 141, 175, 184], "summary": {"covered_lines": 33, "num_statements": 86, "percent_covered": 38.372093023255815, "percent_covered_display": "38", "missing_lines": 53, "excluded_lines": 0, "percent_statements_covered": 38.372093023255815, "percent_statements_covered_display": "38"}, "missing_lines": [18, 19, 72, 90, 104, 105, 106, 107, 110, 111, 112, 113, 115, 116, 119, 120, 121, 122, 123, 125, 126, 127, 129, 131, 132, 133, 136, 137, 138, 143, 144, 145, 147, 150, 152, 153, 154, 156, 158, 159, 160, 161, 162, 163, 164, 166, 169, 176, 177, 178, 180, 181, 185], "excluded_lines": [], "functions": {"parse_arguments": {"executed_lines": [28, 29, 31, 32, 34, 37, 43, 49, 56], "summary": {"covered_lines": 9, "num_statements": 9, "percent_covered": 100.0, "percent_covered_display": "100", "missing_lines": 0, "excluded_lines": 0, "percent_statements_covered": 100.0, "percent_statements_covered_display": "100"}, "missing_lines": [], "excluded_lines": [], "start_line": 25}, "apply_vertical_shear": {"executed_lines": [68, 71, 77, 79, 81, 83, 85, 86, 88, 92], "summary": {"covered_lines": 10, "num_statements": 12, "percent_covered": 83.33333333333333, "percent_covered_display": "83", "missing_lines": 2, "excluded_lines": 0, "percent_statements_covered": 83.33333333333333, "percent_statements_covered_display": "83"}, "missing_lines": [72, 90], "excluded_lines": [], "start_line": 62}, "convert_image_file": {"executed_lines": [100, 101, 102], "summary": {"covered_lines": 3, "num_statements": 28, "percent_covered": 10.714285714285714, "percent_covered_display": "11", "missing_lines": 25, "excluded_lines": 0, "percent_statements_covered": 10.714285714285714, "percent_statements_covered_display": "11"}, "missing_lines": [104, 105, 106, 107, 110, 111, 112, 113, 115, 116, 119, 120, 121, 122, 123, 125, 126, 127, 129, 131, 132, 133, 136, 137, 138], "excluded_lines": [], "start_line": 98}, "process_batch": {"executed_lines": [], "summary": {"covered_lines": 0, "num_statements": 18, "percent_covered": 0.0, "percent_covered_display": "0", "missing_lines": 18, "excluded_lines": 0, "percent_statements_covered": 0.0, "percent_statements_covered_display": "0"}, "missing_lines": [143, 144, 145, 147, 150, 152, 153, 154, 156, 158, 159, 160, 161, 162, 163, 164, 166, 169], "excluded_lines": [], "start_line": 141}, "main": {"executed_lines": [], "summary": {"covered_lines": 0, "num_statements": 5, "percent_covered": 0.0, "percent_covered_display": "0", "missing_lines": 5, "excluded_lines": 0, "percent_statements_covered": 0.0, "percent_statements_covered_display": "0"}, "missing_lines": [176, 177, 178, 180, 181], "excluded_lines": [], "start_line": 175}, "": {"executed_lines": [12, 13, 14, 16, 17, 25, 62, 98, 141, 175, 184], "summary": {"covered_lines": 11, "num_statements": 14, "percent_covered": 78.57142857142857, "percent_covered_display": "79", "missing_lines": 3, "excluded_lines": 0, "percent_statements_covered": 78.57142857142857, "percent_statements_covered_display": "79"}, "missing_lines": [18, 19, 185], "excluded_lines": [], "start_line": 1}}, "classes": {"": {"executed_lines": [12, 13, 14, 16, 17, 25, 28, 29, 31, 32, 34, 37, 43, 49, 56, 62, 68, 71, 77, 79, 81, 83, 85, 86, 88, 92, 98, 100, 101, 102, 141, 175, 184], "summary": {"covered_lines": 33, "num_statements": 86, "percent_covered": 38.372093023255815, "percent_covered_display": "38", "missing_lines": 53, "excluded_lines": 0, "percent_statements_covered": 38.372093023255815, "percent_statements_covered_display": "38"}, "missing_lines": [18, 19, 72, 90, 104, 105, 106, 107, 110, 111, 112, 113, 115, 116, 119, 120, 121, 122, 123, 125, 126, 127, 129, 131, 132, 133, 136, 137, 138, 143, 144, 145, 147, 150, 152, 153, 154, 156, 158, 159, 160, 161, 162, 163, 164, 166, 169, 176, 177, 178, 180, 181, 185], "excluded_lines": [], "start_line": 1}}}, "src/calibration/apply_calibration.py": {"executed_lines": [6, 7, 8, 10, 11, 14, 16, 17, 20, 22, 23, 24, 26, 27, 30, 61], "summary": {"covered_lines": 16, "num_statements": 38, "percent_covered": 42.10526315789474, "percent_covered_display": "42", "missing_lines": 22, "excluded_lines": 0, "percent_statements_covered": 42.10526315789474, "percent_statements_covered_display": "42"}, "missing_lines": [31, 32, 33, 35, 36, 38, 39, 41, 42, 43, 45, 46, 48, 49, 50, 52, 53, 55, 56, 57, 58, 62], "excluded_lines": [], "functions": {"_extract": {"executed_lines": [16, 17], "summary": {"covered_lines": 2, "num_statements": 2, "percent_covered": 100.0, "percent_covered_display": "100", "missing_lines": 0, "excluded_lines": 0, "percent_statements_covered": 100.0, "percent_statements_covered_display": "100"}, "missing_lines": [], "excluded_lines": [], "start_line": 14}, "_inject": {"executed_lines": [22, 23, 24, 26, 27], "summary": {"covered_lines": 5, "num_statements": 5, "percent_covered": 100.0, "percent_covered_display": "100", "missing_lines": 0, "excluded_lines": 0, "percent_statements_covered": 100.0, "percent_statements_covered_display": "100"}, "missing_lines": [], "excluded_lines": [], "start_line": 20}, "main": {"executed_lines": [], "summary": {"covered_lines": 0, "num_statements": 21, "percent_covered": 0.0, "percent_covered_display": "0", "missing_lines": 21, "excluded_lines": 0, "percent_statements_covered": 0.0, "percent_statements_covered_display": "0"}, "missing_lines": [31, 32, 33, 35, 36, 38, 39, 41, 42, 43, 45, 46, 48, 49, 50, 52, 53, 55, 56, 57, 58], "excluded_lines": [], "start_line": 30}, "": {"executed_lines": [6, 7, 8, 10, 11, 14, 20, 30, 61], "summary": {"covered_lines": 9, "num_statements": 10, "percent_covered": 90.0, "percent_covered_display": "90", "missing_lines": 1, "excluded_lines": 0, "percent_statements_covered": 90.0, "percent_statements_covered_display": "90"}, "missing_lines": [62], "excluded_lines": [], "start_line": 1}}, "classes": {"": {"executed_lines": [6, 7, 8, 10, 11, 14, 16, 17, 20, 22, 23, 24, 26, 27, 30, 61], "summary": {"covered_lines": 16, "num_statements": 38, "percent_covered": 42.10526315789474, "percent_covered_display": "42", "missing_lines": 22, "excluded_lines": 0, "percent_statements_covered": 42.10526315789474, "percent_statements_covered_display": "42"}, "missing_lines": [31, 32, 33, 35, 36, 38, 39, 41, 42, 43, 45, 46, 48, 49, 50, 52, 53, 55, 56, 57, 58, 62], "excluded_lines": [], "start_line": 1}}}, "src/calibration/calibrate_halos.py": {"executed_lines": [26, 27, 28, 29, 31, 34, 35, 37, 38, 39, 42, 43, 48, 51, 52, 53, 54, 59, 61, 64, 65, 66, 67, 68, 69, 70, 73, 74, 75, 76, 77, 79, 80, 81, 85, 87, 88, 89, 92, 113, 134, 183, 217], "summary": {"covered_lines": 43, "num_statements": 126, "percent_covered": 34.12698412698413, "percent_covered_display": "34", "missing_lines": 83, "excluded_lines": 0, "percent_statements_covered": 34.12698412698413, "percent_statements_covered_display": "34"}, "missing_lines": [95, 96, 101, 105, 109, 110, 114, 115, 116, 117, 118, 119, 120, 121, 122, 124, 125, 126, 127, 128, 129, 130, 131, 135, 136, 138, 139, 140, 141, 142, 143, 144, 145, 146, 147, 148, 149, 150, 151, 152, 154, 155, 156, 157, 158, 159, 164, 166, 171, 172, 173, 174, 175, 176, 178, 180, 184, 185, 186, 188, 189, 190, 191, 192, 193, 195, 196, 197, 198, 199, 201, 202, 203, 204, 206, 207, 208, 209, 210, 212, 213, 214, 218], "excluded_lines": [], "functions": {"_nearest": {"executed_lines": [65, 66, 67, 68, 69, 70], "summary": {"covered_lines": 6, "num_statements": 6, "percent_covered": 100.0, "percent_covered_display": "100", "missing_lines": 0, "excluded_lines": 0, "percent_statements_covered": 100.0, "percent_statements_covered_display": "100"}, "missing_lines": [], "excluded_lines": [], "start_line": 64}, "_save": {"executed_lines": [74, 75, 76, 77, 79, 80, 81, 85, 87, 88, 89], "summary": {"covered_lines": 11, "num_statements": 11, "percent_covered": 100.0, "percent_covered_display": "100", "missing_lines": 0, "excluded_lines": 0, "percent_statements_covered": 100.0, "percent_statements_covered_display": "100"}, "missing_lines": [], "excluded_lines": [], "start_line": 73}, "_draw_legend": {"executed_lines": [], "summary": {"covered_lines": 0, "num_statements": 6, "percent_covered": 0.0, "percent_covered_display": "0", "missing_lines": 6, "excluded_lines": 0, "percent_statements_covered": 0.0, "percent_statements_covered_display": "0"}, "missing_lines": [95, 96, 101, 105, 109, 110], "excluded_lines": [], "start_line": 92}, "_draw_points": {"executed_lines": [], "summary": {"covered_lines": 0, "num_statements": 17, "percent_covered": 0.0, "percent_covered_display": "0", "missing_lines": 17, "excluded_lines": 0, "percent_statements_covered": 0.0, "percent_statements_covered_display": "0"}, "missing_lines": [114, 115, 116, 117, 118, 119, 120, 121, 122, 124, 125, 126, 127, 128, 129, 130, 131], "excluded_lines": [], "start_line": 113}, "_handle_event": {"executed_lines": [], "summary": {"covered_lines": 0, "num_statements": 33, "percent_covered": 0.0, "percent_covered_display": "0", "missing_lines": 33, "excluded_lines": 0, "percent_statements_covered": 0.0, "percent_statements_covered_display": "0"}, "missing_lines": [135, 136, 138, 139, 140, 141, 142, 143, 144, 145, 146, 147, 148, 149, 150, 151, 152, 154, 155, 156, 157, 158, 159, 164, 166, 171, 172, 173, 174, 175, 176, 178, 180], "excluded_lines": [], "start_line": 134}, "main": {"executed_lines": [], "summary": {"covered_lines": 0, "num_statements": 26, "percent_covered": 0.0, "percent_covered_display": "0", "missing_lines": 26, "excluded_lines": 0, "percent_statements_covered": 0.0, "percent_statements_covered_display": "0"}, "missing_lines": [184, 185, 186, 188, 189, 190, 191, 192, 193, 195, 196, 197, 198, 199, 201, 202, 203, 204, 206, 207, 208, 209, 210, 212, 213, 214], "excluded_lines": [], "start_line": 183}, "": {"executed_lines": [26, 27, 28, 29, 31, 34, 35, 37, 38, 39, 42, 43, 48, 51, 52, 53, 54, 59, 61, 64, 73, 92, 113, 134, 183, 217], "summary": {"covered_lines": 26, "num_statements": 27, "percent_covered": 96.29629629629629, "percent_covered_display": "96", "missing_lines": 1, "excluded_lines": 0, "percent_statements_covered": 96.29629629629629, "percent_statements_covered_display": "96"}, "missing_lines": [218], "excluded_lines": [], "start_line": 1}}, "classes": {"": {"executed_lines": [26, 27, 28, 29, 31, 34, 35, 37, 38, 39, 42, 43, 48, 51, 52, 53, 54, 59, 61, 64, 65, 66, 67, 68, 69, 70, 73, 74, 75, 76, 77, 79, 80, 81, 85, 87, 88, 89, 92, 113, 134, 183, 217], "summary": {"covered_lines": 43, "num_statements": 126, "percent_covered": 34.12698412698413, "percent_covered_display": "34", "missing_lines": 83, "excluded_lines": 0, "percent_statements_covered": 34.12698412698413, "percent_statements_covered_display": "34"}, "missing_lines": [95, 96, 101, 105, 109, 110, 114, 115, 116, 117, 118, 119, 120, 121, 122, 124, 125, 126, 127, 128, 129, 130, 131, 135, 136, 138, 139, 140, 141, 142, 143, 144, 145, 146, 147, 148, 149, 150, 151, 152, 154, 155, 156, 157, 158, 159, 164, 166, 171, 172, 173, 174, 175, 176, 178, 180, 184, 185, 186, 188, 189, 190, 191, 192, 193, 195, 196, 197, 198, 199, 201, 202, 203, 204, 206, 207, 208, 209, 210, 212, 213, 214, 218], "excluded_lines": [], "start_line": 1}}}}, "totals": {"covered_lines": 1404, "num_statements": 1978, "percent_covered": 70.98078867542972, "percent_covered_display": "71", "missing_lines": 574, "excluded_lines": 0, "percent_statements_covered": 70.98078867542972, "percent_statements_covered_display": "71"}}