{"meta": {"format": 3, "version": "7.13.5", "timestamp": "2026-06-06T19:22:44.466214", "branch_coverage": false, "show_contexts": false}, "files": {"src/asset_convertor/__init__.py": {"executed_lines": [3], "summary": {"covered_lines": 1, "num_statements": 1, "percent_covered": 100.0, "percent_covered_display": "100", "missing_lines": 0, "excluded_lines": 0, "percent_statements_covered": 100.0, "percent_statements_covered_display": "100"}, "missing_lines": [], "excluded_lines": [], "functions": {"": {"executed_lines": [3], "summary": {"covered_lines": 1, "num_statements": 1, "percent_covered": 100.0, "percent_covered_display": "100", "missing_lines": 0, "excluded_lines": 0, "percent_statements_covered": 100.0, "percent_statements_covered_display": "100"}, "missing_lines": [], "excluded_lines": [], "start_line": 1}}, "classes": {"": {"executed_lines": [3], "summary": {"covered_lines": 1, "num_statements": 1, "percent_covered": 100.0, "percent_covered_display": "100", "missing_lines": 0, "excluded_lines": 0, "percent_statements_covered": 100.0, "percent_statements_covered_display": "100"}, "missing_lines": [], "excluded_lines": [], "start_line": 1}}}, "src/asset_convertor/__main__.py": {"executed_lines": [1, 4, 5, 6, 8], "summary": {"covered_lines": 5, "num_statements": 6, "percent_covered": 83.33333333333333, "percent_covered_display": "83", "missing_lines": 1, "excluded_lines": 0, "percent_statements_covered": 83.33333333333333, "percent_statements_covered_display": "83"}, "missing_lines": [9], "excluded_lines": [], "functions": {"main": {"executed_lines": [5, 6], "summary": {"covered_lines": 2, "num_statements": 2, "percent_covered": 100.0, "percent_covered_display": "100", "missing_lines": 0, "excluded_lines": 0, "percent_statements_covered": 100.0, "percent_statements_covered_display": "100"}, "missing_lines": [], "excluded_lines": [], "start_line": 4}, "": {"executed_lines": [1, 4, 8], "summary": {"covered_lines": 3, "num_statements": 4, "percent_covered": 75.0, "percent_covered_display": "75", "missing_lines": 1, "excluded_lines": 0, "percent_statements_covered": 75.0, "percent_statements_covered_display": "75"}, "missing_lines": [9], "excluded_lines": [], "start_line": 1}}, "classes": {"": {"executed_lines": [1, 4, 5, 6, 8], "summary": {"covered_lines": 5, "num_statements": 6, "percent_covered": 83.33333333333333, "percent_covered_display": "83", "missing_lines": 1, "excluded_lines": 0, "percent_statements_covered": 83.33333333333333, "percent_statements_covered_display": "83"}, "missing_lines": [9], "excluded_lines": [], "start_line": 1}}}, "src/asset_convertor/config/__init__.py": {"executed_lines": [], "summary": {"covered_lines": 0, "num_statements": 0, "percent_covered": 100.0, "percent_covered_display": "100", "missing_lines": 0, "excluded_lines": 0, "percent_statements_covered": 100.0, "percent_statements_covered_display": "100"}, "missing_lines": [], "excluded_lines": [], "functions": {"": {"executed_lines": [], "summary": {"covered_lines": 0, "num_statements": 0, "percent_covered": 100.0, "percent_covered_display": "100", "missing_lines": 0, "excluded_lines": 0, "percent_statements_covered": 100.0, "percent_statements_covered_display": "100"}, "missing_lines": [], "excluded_lines": [], "start_line": 1}}, "classes": {"": {"executed_lines": [], "summary": {"covered_lines": 0, "num_statements": 0, "percent_covered": 100.0, "percent_covered_display": "100", "missing_lines": 0, "excluded_lines": 0, "percent_statements_covered": 100.0, "percent_statements_covered_display": "100"}, "missing_lines": [], "excluded_lines": [], "start_line": 1}}}, "src/asset_convertor/config/palette_loader.py": {"executed_lines": [1, 4, 10, 11, 13, 14, 15, 16, 18, 20, 21, 22, 23, 24, 25, 27], "summary": {"covered_lines": 16, "num_statements": 16, "percent_covered": 100.0, "percent_covered_display": "100", "missing_lines": 0, "excluded_lines": 0, "percent_statements_covered": 100.0, "percent_statements_covered_display": "100"}, "missing_lines": [], "excluded_lines": [], "functions": {"load_palettes": {"executed_lines": [10, 11, 13, 14, 15, 16, 18, 20, 21, 22, 23, 24, 25, 27], "summary": {"covered_lines": 14, "num_statements": 14, "percent_covered": 100.0, "percent_covered_display": "100", "missing_lines": 0, "excluded_lines": 0, "percent_statements_covered": 100.0, "percent_statements_covered_display": "100"}, "missing_lines": [], "excluded_lines": [], "start_line": 4}, "": {"executed_lines": [1, 4], "summary": {"covered_lines": 2, "num_statements": 2, "percent_covered": 100.0, "percent_covered_display": "100", "missing_lines": 0, "excluded_lines": 0, "percent_statements_covered": 100.0, "percent_statements_covered_display": "100"}, "missing_lines": [], "excluded_lines": [], "start_line": 1}}, "classes": {"": {"executed_lines": [1, 4, 10, 11, 13, 14, 15, 16, 18, 20, 21, 22, 23, 24, 25, 27], "summary": {"covered_lines": 16, "num_statements": 16, "percent_covered": 100.0, "percent_covered_display": "100", "missing_lines": 0, "excluded_lines": 0, "percent_statements_covered": 100.0, "percent_statements_covered_display": "100"}, "missing_lines": [], "excluded_lines": [], "start_line": 1}}}, "src/asset_convertor/core/__init__.py": {"executed_lines": [], "summary": {"covered_lines": 0, "num_statements": 0, "percent_covered": 100.0, "percent_covered_display": "100", "missing_lines": 0, "excluded_lines": 0, "percent_statements_covered": 100.0, "percent_statements_covered_display": "100"}, "missing_lines": [], "excluded_lines": [], "functions": {"": {"executed_lines": [], "summary": {"covered_lines": 0, "num_statements": 0, "percent_covered": 100.0, "percent_covered_display": "100", "missing_lines": 0, "excluded_lines": 0, "percent_statements_covered": 100.0, "percent_statements_covered_display": "100"}, "missing_lines": [], "excluded_lines": [], "start_line": 1}}, "classes": {"": {"executed_lines": [], "summary": {"covered_lines": 0, "num_statements": 0, "percent_covered": 100.0, "percent_covered_display": "100", "missing_lines": 0, "excluded_lines": 0, "percent_statements_covered": 100.0, "percent_statements_covered_display": "100"}, "missing_lines": [], "excluded_lines": [], "start_line": 1}}}, "src/asset_convertor/core/constants.py": {"executed_lines": [4, 5, 8, 62, 69, 76, 85, 86, 87, 90, 91, 92, 95, 96, 99, 106, 115, 122, 131], "summary": {"covered_lines": 19, "num_statements": 19, "percent_covered": 100.0, "percent_covered_display": "100", "missing_lines": 0, "excluded_lines": 0, "percent_statements_covered": 100.0, "percent_statements_covered_display": "100"}, "missing_lines": [], "excluded_lines": [], "functions": {"": {"executed_lines": [4, 5, 8, 62, 69, 76, 85, 86, 87, 90, 91, 92, 95, 96, 99, 106, 115, 122, 131], "summary": {"covered_lines": 19, "num_statements": 19, "percent_covered": 100.0, "percent_covered_display": "100", "missing_lines": 0, "excluded_lines": 0, "percent_statements_covered": 100.0, "percent_statements_covered_display": "100"}, "missing_lines": [], "excluded_lines": [], "start_line": 1}}, "classes": {"": {"executed_lines": [4, 5, 8, 62, 69, 76, 85, 86, 87, 90, 91, 92, 95, 96, 99, 106, 115, 122, 131], "summary": {"covered_lines": 19, "num_statements": 19, "percent_covered": 100.0, "percent_covered_display": "100", "missing_lines": 0, "excluded_lines": 0, "percent_statements_covered": 100.0, "percent_statements_covered_display": "100"}, "missing_lines": [], "excluded_lines": [], "start_line": 1}}}, "src/asset_convertor/core/converter_mv.py": {"executed_lines": [29, 31, 32, 39, 56, 112, 148, 173, 174, 175, 176, 178, 179, 180, 181, 183, 184, 193, 208, 209, 210, 217, 230, 231, 233, 234, 236, 237, 238, 239, 241, 248, 261, 262, 263, 264, 268, 271, 279, 281, 282, 283, 284, 285, 286, 287, 288, 290, 292, 293, 294, 295, 296, 297, 298, 299, 300, 301, 304, 305, 306, 307, 308, 309, 310, 312, 313, 316, 317, 321, 322, 326, 327, 328, 329, 330, 331, 332, 333, 334, 335, 336, 337, 338, 339, 342, 343, 347, 348, 352, 353, 354, 355, 356, 357, 358, 359, 360, 361, 363, 364, 365, 368, 372, 373, 374, 375, 380, 399, 400, 402], "summary": {"covered_lines": 111, "num_statements": 118, "percent_covered": 94.0677966101695, "percent_covered_display": "94", "missing_lines": 7, "excluded_lines": 0, "percent_statements_covered": 94.0677966101695, "percent_statements_covered_display": "94"}, "missing_lines": [311, 318, 323, 344, 349, 362, 377], "excluded_lines": [], "functions": {"_bitmask_to_shape": {"executed_lines": [173, 174, 175, 176, 178, 179, 180, 181, 183, 184], "summary": {"covered_lines": 10, "num_statements": 10, "percent_covered": 100.0, "percent_covered_display": "100", "missing_lines": 0, "excluded_lines": 0, "percent_statements_covered": 100.0, "percent_statements_covered_display": "100"}, "missing_lines": [], "excluded_lines": [], "start_line": 148}, "_get_quadrant": {"executed_lines": [208, 209, 210], "summary": {"covered_lines": 3, "num_statements": 3, "percent_covered": 100.0, "percent_covered_display": "100", "missing_lines": 0, "excluded_lines": 0, "percent_statements_covered": 100.0, "percent_statements_covered_display": "100"}, "missing_lines": [], "excluded_lines": [], "start_line": 193}, "_build_mv_tile": {"executed_lines": [230, 231, 233, 234, 236, 237, 238, 239, 241], "summary": {"covered_lines": 9, "num_statements": 9, "percent_covered": 100.0, "percent_covered_display": "100", "missing_lines": 0, "excluded_lines": 0, "percent_statements_covered": 100.0, "percent_statements_covered_display": "100"}, "missing_lines": [], "excluded_lines": [], "start_line": 217}, "detect_tile_size": {"executed_lines": [261, 262, 263, 264, 268], "summary": {"covered_lines": 5, "num_statements": 5, "percent_covered": 100.0, "percent_covered_display": "100", "missing_lines": 0, "excluded_lines": 0, "percent_statements_covered": 100.0, "percent_statements_covered_display": "100"}, "missing_lines": [], "excluded_lines": [], "start_line": 248}, "_build_waterfall_tile": {"executed_lines": [281, 282, 283, 284, 285, 286, 287, 288, 290, 292, 293, 294, 295, 296, 297, 298, 299, 300, 301], "summary": {"covered_lines": 19, "num_statements": 19, "percent_covered": 100.0, "percent_covered_display": "100", "missing_lines": 0, "excluded_lines": 0, "percent_statements_covered": 100.0, "percent_statements_covered_display": "100"}, "missing_lines": [], "excluded_lines": [], "start_line": 279}, "_convert_mv_static": {"executed_lines": [305, 306, 307, 308, 309, 310, 312, 313], "summary": {"covered_lines": 8, "num_statements": 9, "percent_covered": 88.88888888888889, "percent_covered_display": "89", "missing_lines": 1, "excluded_lines": 0, "percent_statements_covered": 88.88888888888889, "percent_statements_covered_display": "89"}, "missing_lines": [311], "excluded_lines": [], "start_line": 304}, "_convert_mv_animated_horizontal": {"executed_lines": [317, 321, 322, 326, 327, 328, 329, 330, 331, 332, 333, 334, 335, 336, 337, 338, 339], "summary": {"covered_lines": 17, "num_statements": 19, "percent_covered": 89.47368421052632, "percent_covered_display": "89", "missing_lines": 2, "excluded_lines": 0, "percent_statements_covered": 89.47368421052632, "percent_statements_covered_display": "89"}, "missing_lines": [318, 323], "excluded_lines": [], "start_line": 316}, "_convert_mv_animated_vertical": {"executed_lines": [343, 347, 348, 352, 353, 354, 355, 356, 357, 358, 359, 360, 361, 363, 364, 365], "summary": {"covered_lines": 16, "num_statements": 19, "percent_covered": 84.21052631578948, "percent_covered_display": "84", "missing_lines": 3, "excluded_lines": 0, "percent_statements_covered": 84.21052631578948, "percent_statements_covered_display": "84"}, "missing_lines": [344, 349, 362], "excluded_lines": [], "start_line": 342}, "_convert_mv_animated": {"executed_lines": [372, 373, 374, 375], "summary": {"covered_lines": 4, "num_statements": 5, "percent_covered": 80.0, "percent_covered_display": "80", "missing_lines": 1, "excluded_lines": 0, "percent_statements_covered": 80.0, "percent_statements_covered_display": "80"}, "missing_lines": [377], "excluded_lines": [], "start_line": 368}, "convert_mv": {"executed_lines": [399, 400, 402], "summary": {"covered_lines": 3, "num_statements": 3, "percent_covered": 100.0, "percent_covered_display": "100", "missing_lines": 0, "excluded_lines": 0, "percent_statements_covered": 100.0, "percent_statements_covered_display": "100"}, "missing_lines": [], "excluded_lines": [], "start_line": 380}, "": {"executed_lines": [29, 31, 32, 39, 56, 112, 148, 193, 217, 248, 271, 279, 304, 316, 342, 368, 380], "summary": {"covered_lines": 17, "num_statements": 17, "percent_covered": 100.0, "percent_covered_display": "100", "missing_lines": 0, "excluded_lines": 0, "percent_statements_covered": 100.0, "percent_statements_covered_display": "100"}, "missing_lines": [], "excluded_lines": [], "start_line": 1}}, "classes": {"": {"executed_lines": [29, 31, 32, 39, 56, 112, 148, 173, 174, 175, 176, 178, 179, 180, 181, 183, 184, 193, 208, 209, 210, 217, 230, 231, 233, 234, 236, 237, 238, 239, 241, 248, 261, 262, 263, 264, 268, 271, 279, 281, 282, 283, 284, 285, 286, 287, 288, 290, 292, 293, 294, 295, 296, 297, 298, 299, 300, 301, 304, 305, 306, 307, 308, 309, 310, 312, 313, 316, 317, 321, 322, 326, 327, 328, 329, 330, 331, 332, 333, 334, 335, 336, 337, 338, 339, 342, 343, 347, 348, 352, 353, 354, 355, 356, 357, 358, 359, 360, 361, 363, 364, 365, 368, 372, 373, 374, 375, 380, 399, 400, 402], "summary": {"covered_lines": 111, "num_statements": 118, "percent_covered": 94.0677966101695, "percent_covered_display": "94", "missing_lines": 7, "excluded_lines": 0, "percent_statements_covered": 94.0677966101695, "percent_statements_covered_display": "94"}, "missing_lines": [311, 318, 323, 344, 349, 362, 377], "excluded_lines": [], "start_line": 1}}}, "src/asset_convertor/core/converter_mv_a3.py": {"executed_lines": [22, 24, 32, 56, 61, 62, 63, 70, 98, 99, 101, 103, 104, 105, 107, 108, 110, 111, 112, 113, 115, 118, 119, 120, 122, 124, 129, 130, 132, 139, 147, 149, 150, 151, 152, 153, 155, 166, 167, 169, 170, 171, 172, 173, 175, 176, 179, 184, 185, 190, 191, 194, 198, 199, 200, 201, 202, 204, 205, 206, 209, 226, 227, 229, 231, 232, 233, 234, 235, 236, 238, 241, 252, 253, 254, 255, 256], "summary": {"covered_lines": 77, "num_statements": 81, "percent_covered": 95.06172839506173, "percent_covered_display": "95", "missing_lines": 4, "excluded_lines": 0, "percent_statements_covered": 95.06172839506173, "percent_statements_covered_display": "95"}, "missing_lines": [116, 125, 148, 203], "excluded_lines": [], "functions": {"convert_mv_a3": {"executed_lines": [98, 99, 101, 103, 104, 105, 107, 108, 110, 111, 112, 113, 115, 118, 119, 120, 122, 124, 129, 130, 132], "summary": {"covered_lines": 21, "num_statements": 23, "percent_covered": 91.30434782608695, "percent_covered_display": "91", "missing_lines": 2, "excluded_lines": 0, "percent_statements_covered": 91.30434782608695, "percent_statements_covered_display": "91"}, "missing_lines": [116, 125], "excluded_lines": [], "start_line": 70}, "_stack_strips": {"executed_lines": [147, 149, 150, 151, 152, 153], "summary": {"covered_lines": 6, "num_statements": 7, "percent_covered": 85.71428571428571, "percent_covered_display": "86", "missing_lines": 1, "excluded_lines": 0, "percent_statements_covered": 85.71428571428571, "percent_statements_covered_display": "86"}, "missing_lines": [148], "excluded_lines": [], "start_line": 139}, "_detect_a3_geometry": {"executed_lines": [166, 167, 169, 170, 171, 172, 173, 175, 176, 179, 184, 185, 190, 191], "summary": {"covered_lines": 14, "num_statements": 14, "percent_covered": 100.0, "percent_covered_display": "100", "missing_lines": 0, "excluded_lines": 0, "percent_statements_covered": 100.0, "percent_statements_covered_display": "100"}, "missing_lines": [], "excluded_lines": [], "start_line": 155}, "_is_block_empty": {"executed_lines": [198, 199, 200, 201, 202, 204, 205, 206], "summary": {"covered_lines": 8, "num_statements": 9, "percent_covered": 88.88888888888889, "percent_covered_display": "89", "missing_lines": 1, "excluded_lines": 0, "percent_statements_covered": 88.88888888888889, "percent_statements_covered_display": "89"}, "missing_lines": [203], "excluded_lines": [], "start_line": 194}, "_assemble_wall_tile": {"executed_lines": [226, 227, 229, 231, 232, 233, 234, 235, 236, 238], "summary": {"covered_lines": 10, "num_statements": 10, "percent_covered": 100.0, "percent_covered_display": "100", "missing_lines": 0, "excluded_lines": 0, "percent_statements_covered": 100.0, "percent_statements_covered_display": "100"}, "missing_lines": [], "excluded_lines": [], "start_line": 209}, "_build_wall_strip": {"executed_lines": [252, 253, 254, 255, 256], "summary": {"covered_lines": 5, "num_statements": 5, "percent_covered": 100.0, "percent_covered_display": "100", "missing_lines": 0, "excluded_lines": 0, "percent_statements_covered": 100.0, "percent_statements_covered_display": "100"}, "missing_lines": [], "excluded_lines": [], "start_line": 241}, "": {"executed_lines": [22, 24, 32, 56, 61, 62, 63, 70, 139, 155, 194, 209, 241], "summary": {"covered_lines": 13, "num_statements": 13, "percent_covered": 100.0, "percent_covered_display": "100", "missing_lines": 0, "excluded_lines": 0, "percent_statements_covered": 100.0, "percent_statements_covered_display": "100"}, "missing_lines": [], "excluded_lines": [], "start_line": 1}}, "classes": {"": {"executed_lines": [22, 24, 32, 56, 61, 62, 63, 70, 98, 99, 101, 103, 104, 105, 107, 108, 110, 111, 112, 113, 115, 118, 119, 120, 122, 124, 129, 130, 132, 139, 147, 149, 150, 151, 152, 153, 155, 166, 167, 169, 170, 171, 172, 173, 175, 176, 179, 184, 185, 190, 191, 194, 198, 199, 200, 201, 202, 204, 205, 206, 209, 226, 227, 229, 231, 232, 233, 234, 235, 236, 238, 241, 252, 253, 254, 255, 256], "summary": {"covered_lines": 77, "num_statements": 81, "percent_covered": 95.06172839506173, "percent_covered_display": "95", "missing_lines": 4, "excluded_lines": 0, "percent_statements_covered": 95.06172839506173, "percent_statements_covered_display": "95"}, "missing_lines": [116, 125, 148, 203], "excluded_lines": [], "start_line": 1}}}, "src/asset_convertor/core/converter_mv_a4.py": {"executed_lines": [32, 34, 35, 36, 37, 44, 51, 54, 59, 60, 61, 62, 69, 103, 104, 106, 107, 108, 110, 111, 116, 119, 120, 121, 122, 124, 127, 130, 131, 132, 133, 135, 138, 141, 144, 148, 155, 166, 167, 169, 170, 171, 172, 173, 175, 176, 179, 184, 185, 186, 188, 189, 194, 197, 201, 202, 203, 204, 205, 207, 208, 209, 212, 217, 220, 237, 238, 239, 241, 242, 243, 244, 245, 246, 248, 251, 264, 265, 270, 271, 272, 273, 274, 276, 279, 299, 300, 301, 303, 304, 305, 306, 307, 308, 310, 313, 322, 323, 324, 325, 326, 329, 331, 332, 333, 334, 335, 336, 337], "summary": {"covered_lines": 109, "num_statements": 112, "percent_covered": 97.32142857142857, "percent_covered_display": "97", "missing_lines": 3, "excluded_lines": 0, "percent_statements_covered": 97.32142857142857, "percent_statements_covered_display": "97"}, "missing_lines": [123, 134, 206], "excluded_lines": [], "functions": {"convert_mv_a4": {"executed_lines": [103, 104, 106, 107, 108, 110, 111, 116, 119, 120, 121, 122, 124, 127, 130, 131, 132, 133, 135, 138, 141, 144, 148], "summary": {"covered_lines": 23, "num_statements": 25, "percent_covered": 92.0, "percent_covered_display": "92", "missing_lines": 2, "excluded_lines": 0, "percent_statements_covered": 92.0, "percent_statements_covered_display": "92"}, "missing_lines": [123, 134], "excluded_lines": [], "start_line": 69}, "_detect_a4_geometry": {"executed_lines": [166, 167, 169, 170, 171, 172, 173, 175, 176, 179, 184, 185, 186, 188, 189, 194], "summary": {"covered_lines": 16, "num_statements": 16, "percent_covered": 100.0, "percent_covered_display": "100", "missing_lines": 0, "excluded_lines": 0, "percent_statements_covered": 100.0, "percent_statements_covered_display": "100"}, "missing_lines": [], "excluded_lines": [], "start_line": 155}, "_is_block_empty": {"executed_lines": [201, 202, 203, 204, 205, 207, 208, 209], "summary": {"covered_lines": 8, "num_statements": 9, "percent_covered": 88.88888888888889, "percent_covered_display": "89", "missing_lines": 1, "excluded_lines": 0, "percent_statements_covered": 88.88888888888889, "percent_statements_covered_display": "89"}, "missing_lines": [206], "excluded_lines": [], "start_line": 197}, "_get_wall_source_mini_y0": {"executed_lines": [217], "summary": {"covered_lines": 1, "num_statements": 1, "percent_covered": 100.0, "percent_covered_display": "100", "missing_lines": 0, "excluded_lines": 0, "percent_statements_covered": 100.0, "percent_statements_covered_display": "100"}, "missing_lines": [], "excluded_lines": [], "start_line": 212}, "_assemble_floor_tile": {"executed_lines": [237, 238, 239, 241, 242, 243, 244, 245, 246, 248], "summary": {"covered_lines": 10, "num_statements": 10, "percent_covered": 100.0, "percent_covered_display": "100", "missing_lines": 0, "excluded_lines": 0, "percent_statements_covered": 100.0, "percent_statements_covered_display": "100"}, "missing_lines": [], "excluded_lines": [], "start_line": 220}, "_assemble_floor_tile_sheet": {"executed_lines": [264, 265, 270, 271, 272, 273, 274, 276], "summary": {"covered_lines": 8, "num_statements": 8, "percent_covered": 100.0, "percent_covered_display": "100", "missing_lines": 0, "excluded_lines": 0, "percent_statements_covered": 100.0, "percent_statements_covered_display": "100"}, "missing_lines": [], "excluded_lines": [], "start_line": 251}, "_assemble_wall_tile": {"executed_lines": [299, 300, 301, 303, 304, 305, 306, 307, 308, 310], "summary": {"covered_lines": 10, "num_statements": 10, "percent_covered": 100.0, "percent_covered_display": "100", "missing_lines": 0, "excluded_lines": 0, "percent_statements_covered": 100.0, "percent_statements_covered_display": "100"}, "missing_lines": [], "excluded_lines": [], "start_line": 279}, "_assemble_wall_tile_strip": {"executed_lines": [322, 323, 324, 325, 326], "summary": {"covered_lines": 5, "num_statements": 5, "percent_covered": 100.0, "percent_covered_display": "100", "missing_lines": 0, "excluded_lines": 0, "percent_statements_covered": 100.0, "percent_statements_covered_display": "100"}, "missing_lines": [], "excluded_lines": [], "start_line": 313}, "_stack_vertically": {"executed_lines": [331, 332, 333, 334, 335, 336, 337], "summary": {"covered_lines": 7, "num_statements": 7, "percent_covered": 100.0, "percent_covered_display": "100", "missing_lines": 0, "excluded_lines": 0, "percent_statements_covered": 100.0, "percent_statements_covered_display": "100"}, "missing_lines": [], "excluded_lines": [], "start_line": 329}, "": {"executed_lines": [32, 34, 35, 36, 37, 44, 51, 54, 59, 60, 61, 62, 69, 155, 197, 212, 220, 251, 279, 313, 329], "summary": {"covered_lines": 21, "num_statements": 21, "percent_covered": 100.0, "percent_covered_display": "100", "missing_lines": 0, "excluded_lines": 0, "percent_statements_covered": 100.0, "percent_statements_covered_display": "100"}, "missing_lines": [], "excluded_lines": [], "start_line": 1}}, "classes": {"": {"executed_lines": [32, 34, 35, 36, 37, 44, 51, 54, 59, 60, 61, 62, 69, 103, 104, 106, 107, 108, 110, 111, 116, 119, 120, 121, 122, 124, 127, 130, 131, 132, 133, 135, 138, 141, 144, 148, 155, 166, 167, 169, 170, 171, 172, 173, 175, 176, 179, 184, 185, 186, 188, 189, 194, 197, 201, 202, 203, 204, 205, 207, 208, 209, 212, 217, 220, 237, 238, 239, 241, 242, 243, 244, 245, 246, 248, 251, 264, 265, 270, 271, 272, 273, 274, 276, 279, 299, 300, 301, 303, 304, 305, 306, 307, 308, 310, 313, 322, 323, 324, 325, 326, 329, 331, 332, 333, 334, 335, 336, 337], "summary": {"covered_lines": 109, "num_statements": 112, "percent_covered": 97.32142857142857, "percent_covered_display": "97", "missing_lines": 3, "excluded_lines": 0, "percent_statements_covered": 97.32142857142857, "percent_statements_covered_display": "97"}, "missing_lines": [123, 134, 206], "excluded_lines": [], "start_line": 1}}}, "src/asset_convertor/core/converter_xp.py": {"executed_lines": [11, 13, 14, 20, 21, 47, 49, 50, 53, 73, 75, 76, 77, 78, 79, 80, 81, 84, 86, 87, 88, 89, 90, 91, 92, 95, 97, 98, 99, 100, 101, 102, 103, 106, 108, 109, 110, 111, 112, 113, 114, 117, 122, 123, 124, 125, 126, 127, 128, 129, 130, 132, 135, 141, 142, 144, 147, 166, 167, 168, 169, 173, 174, 175, 176, 177, 178, 179, 180, 181, 183, 184, 187, 188, 189], "summary": {"covered_lines": 75, "num_statements": 83, "percent_covered": 90.36144578313252, "percent_covered_display": "90", "missing_lines": 8, "excluded_lines": 0, "percent_statements_covered": 90.36144578313252, "percent_statements_covered_display": "90"}, "missing_lines": [64, 65, 66, 67, 68, 69, 70, 170], "excluded_lines": [], "functions": {"_extract_subtile": {"executed_lines": [49, 50], "summary": {"covered_lines": 2, "num_statements": 2, "percent_covered": 100.0, "percent_covered_display": "100", "missing_lines": 0, "excluded_lines": 0, "percent_statements_covered": 100.0, "percent_statements_covered_display": "100"}, "missing_lines": [], "excluded_lines": [], "start_line": 47}, "_assemble_tile": {"executed_lines": [], "summary": {"covered_lines": 0, "num_statements": 7, "percent_covered": 0.0, "percent_covered_display": "0", "missing_lines": 7, "excluded_lines": 0, "percent_statements_covered": 0.0, "percent_statements_covered_display": "0"}, "missing_lines": [64, 65, 66, 67, 68, 69, 70], "excluded_lines": [], "start_line": 53}, "_quarter_tl": {"executed_lines": [75, 76, 77, 78, 79, 80, 81], "summary": {"covered_lines": 7, "num_statements": 7, "percent_covered": 100.0, "percent_covered_display": "100", "missing_lines": 0, "excluded_lines": 0, "percent_statements_covered": 100.0, "percent_statements_covered_display": "100"}, "missing_lines": [], "excluded_lines": [], "start_line": 73}, "_quarter_tr": {"executed_lines": [86, 87, 88, 89, 90, 91, 92], "summary": {"covered_lines": 7, "num_statements": 7, "percent_covered": 100.0, "percent_covered_display": "100", "missing_lines": 0, "excluded_lines": 0, "percent_statements_covered": 100.0, "percent_statements_covered_display": "100"}, "missing_lines": [], "excluded_lines": [], "start_line": 84}, "_quarter_bl": {"executed_lines": [97, 98, 99, 100, 101, 102, 103], "summary": {"covered_lines": 7, "num_statements": 7, "percent_covered": 100.0, "percent_covered_display": "100", "missing_lines": 0, "excluded_lines": 0, "percent_statements_covered": 100.0, "percent_statements_covered_display": "100"}, "missing_lines": [], "excluded_lines": [], "start_line": 95}, "_quarter_br": {"executed_lines": [108, 109, 110, 111, 112, 113, 114], "summary": {"covered_lines": 7, "num_statements": 7, "percent_covered": 100.0, "percent_covered_display": "100", "missing_lines": 0, "excluded_lines": 0, "percent_statements_covered": 100.0, "percent_statements_covered_display": "100"}, "missing_lines": [], "excluded_lines": [], "start_line": 106}, "_build_tile_from_bitmask": {"executed_lines": [122, 123, 124, 125, 126, 127, 128, 129, 130, 132, 135, 141, 142, 144], "summary": {"covered_lines": 14, "num_statements": 14, "percent_covered": 100.0, "percent_covered_display": "100", "missing_lines": 0, "excluded_lines": 0, "percent_statements_covered": 100.0, "percent_statements_covered_display": "100"}, "missing_lines": [], "excluded_lines": [], "start_line": 117}, "convert_xp": {"executed_lines": [166, 167, 168, 169, 173, 174, 175, 176, 177, 178, 179, 180, 181, 183, 184, 187, 188, 189], "summary": {"covered_lines": 18, "num_statements": 19, "percent_covered": 94.73684210526316, "percent_covered_display": "95", "missing_lines": 1, "excluded_lines": 0, "percent_statements_covered": 94.73684210526316, "percent_statements_covered_display": "95"}, "missing_lines": [170], "excluded_lines": [], "start_line": 147}, "": {"executed_lines": [11, 13, 14, 20, 21, 47, 53, 73, 84, 95, 106, 117, 147], "summary": {"covered_lines": 13, "num_statements": 13, "percent_covered": 100.0, "percent_covered_display": "100", "missing_lines": 0, "excluded_lines": 0, "percent_statements_covered": 100.0, "percent_statements_covered_display": "100"}, "missing_lines": [], "excluded_lines": [], "start_line": 1}}, "classes": {"": {"executed_lines": [11, 13, 14, 20, 21, 47, 49, 50, 53, 73, 75, 76, 77, 78, 79, 80, 81, 84, 86, 87, 88, 89, 90, 91, 92, 95, 97, 98, 99, 100, 101, 102, 103, 106, 108, 109, 110, 111, 112, 113, 114, 117, 122, 123, 124, 125, 126, 127, 128, 129, 130, 132, 135, 141, 142, 144, 147, 166, 167, 168, 169, 173, 174, 175, 176, 177, 178, 179, 180, 181, 183, 184, 187, 188, 189], "summary": {"covered_lines": 75, "num_statements": 83, "percent_covered": 90.36144578313252, "percent_covered_display": "90", "missing_lines": 8, "excluded_lines": 0, "percent_statements_covered": 90.36144578313252, "percent_statements_covered_display": "90"}, "missing_lines": [64, 65, 66, 67, 68, 69, 70, 170], "excluded_lines": [], "start_line": 1}}}, "src/asset_convertor/core/generator.py": {"executed_lines": [1, 3, 4, 24, 26, 27, 28, 29, 31, 33, 34, 35, 36, 38, 40, 41, 43, 44, 46, 47, 48, 49, 50, 51, 52, 53, 54, 56, 59, 60, 63, 64, 65, 66, 67, 68, 69, 70, 71, 72, 75, 76, 79, 80, 81, 82, 83, 86, 89, 90, 91, 92, 93, 94, 95, 96, 97], "summary": {"covered_lines": 57, "num_statements": 57, "percent_covered": 100.0, "percent_covered_display": "100", "missing_lines": 0, "excluded_lines": 0, "percent_statements_covered": 100.0, "percent_statements_covered_display": "100"}, "missing_lines": [], "excluded_lines": [], "functions": {"apply_stamp": {"executed_lines": [26, 27, 28, 29], "summary": {"covered_lines": 4, "num_statements": 4, "percent_covered": 100.0, "percent_covered_display": "100", "missing_lines": 0, "excluded_lines": 0, "percent_statements_covered": 100.0, "percent_statements_covered_display": "100"}, "missing_lines": [], "excluded_lines": [], "start_line": 24}, "apply_composite_stamp": {"executed_lines": [33, 34, 35, 36], "summary": {"covered_lines": 4, "num_statements": 4, "percent_covered": 100.0, "percent_covered_display": "100", "missing_lines": 0, "excluded_lines": 0, "percent_statements_covered": 100.0, "percent_statements_covered_display": "100"}, "missing_lines": [], "excluded_lines": [], "start_line": 31}, "generate_texture": {"executed_lines": [40, 41, 43, 44, 46, 47, 48, 49, 50, 51, 52, 53, 54, 56, 59, 60, 63, 64, 65, 66, 67, 68, 69, 70, 71, 72, 75, 76, 79, 80, 81, 82, 83, 86, 89, 90, 91, 92, 93, 94, 95, 96, 97], "summary": {"covered_lines": 43, "num_statements": 43, "percent_covered": 100.0, "percent_covered_display": "100", "missing_lines": 0, "excluded_lines": 0, "percent_statements_covered": 100.0, "percent_statements_covered_display": "100"}, "missing_lines": [], "excluded_lines": [], "start_line": 38}, "": {"executed_lines": [1, 3, 4, 24, 31, 38], "summary": {"covered_lines": 6, "num_statements": 6, "percent_covered": 100.0, "percent_covered_display": "100", "missing_lines": 0, "excluded_lines": 0, "percent_statements_covered": 100.0, "percent_statements_covered_display": "100"}, "missing_lines": [], "excluded_lines": [], "start_line": 1}}, "classes": {"": {"executed_lines": [1, 3, 4, 24, 26, 27, 28, 29, 31, 33, 34, 35, 36, 38, 40, 41, 43, 44, 46, 47, 48, 49, 50, 51, 52, 53, 54, 56, 59, 60, 63, 64, 65, 66, 67, 68, 69, 70, 71, 72, 75, 76, 79, 80, 81, 82, 83, 86, 89, 90, 91, 92, 93, 94, 95, 96, 97], "summary": {"covered_lines": 57, "num_statements": 57, "percent_covered": 100.0, "percent_covered_display": "100", "missing_lines": 0, "excluded_lines": 0, "percent_statements_covered": 100.0, "percent_statements_covered_display": "100"}, "missing_lines": [], "excluded_lines": [], "start_line": 1}}}, "src/asset_convertor/core/palettes.py": {"executed_lines": [12, 15, 21, 88, 90, 93, 106, 107, 108, 111], "summary": {"covered_lines": 10, "num_statements": 10, "percent_covered": 100.0, "percent_covered_display": "100", "missing_lines": 0, "excluded_lines": 0, "percent_statements_covered": 100.0, "percent_statements_covered_display": "100"}, "missing_lines": [], "excluded_lines": [], "functions": {"get_palette_names": {"executed_lines": [90], "summary": {"covered_lines": 1, "num_statements": 1, "percent_covered": 100.0, "percent_covered_display": "100", "missing_lines": 0, "excluded_lines": 0, "percent_statements_covered": 100.0, "percent_statements_covered_display": "100"}, "missing_lines": [], "excluded_lines": [], "start_line": 88}, "get_palette": {"executed_lines": [106, 107, 108, 111], "summary": {"covered_lines": 4, "num_statements": 4, "percent_covered": 100.0, "percent_covered_display": "100", "missing_lines": 0, "excluded_lines": 0, "percent_statements_covered": 100.0, "percent_statements_covered_display": "100"}, "missing_lines": [], "excluded_lines": [], "start_line": 93}, "": {"executed_lines": [12, 15, 21, 88, 93], "summary": {"covered_lines": 5, "num_statements": 5, "percent_covered": 100.0, "percent_covered_display": "100", "missing_lines": 0, "excluded_lines": 0, "percent_statements_covered": 100.0, "percent_statements_covered_display": "100"}, "missing_lines": [], "excluded_lines": [], "start_line": 1}}, "classes": {"": {"executed_lines": [12, 15, 21, 88, 90, 93, 106, 107, 108, 111], "summary": {"covered_lines": 10, "num_statements": 10, "percent_covered": 100.0, "percent_covered_display": "100", "missing_lines": 0, "excluded_lines": 0, "percent_statements_covered": 100.0, "percent_statements_covered_display": "100"}, "missing_lines": [], "excluded_lines": [], "start_line": 1}}}, "src/asset_convertor/core/quantizer.py": {"executed_lines": [1, 2, 5, 6, 8, 13, 16, 17, 19, 20, 22, 23, 25, 28, 29, 31, 32, 34, 35, 36, 38, 39, 40, 41, 42, 44], "summary": {"covered_lines": 26, "num_statements": 26, "percent_covered": 100.0, "percent_covered_display": "100", "missing_lines": 0, "excluded_lines": 0, "percent_statements_covered": 100.0, "percent_statements_covered_display": "100"}, "missing_lines": [], "excluded_lines": [], "functions": {"luminance": {"executed_lines": [6], "summary": {"covered_lines": 1, "num_statements": 1, "percent_covered": 100.0, "percent_covered_display": "100", "missing_lines": 0, "excluded_lines": 0, "percent_statements_covered": 100.0, "percent_statements_covered_display": "100"}, "missing_lines": [], "excluded_lines": [], "start_line": 5}, "quantize_image": {"executed_lines": [13, 16, 17, 19, 20, 22, 23, 25, 28, 29, 31, 32, 34, 35, 36, 38, 39, 40, 41, 42, 44], "summary": {"covered_lines": 21, "num_statements": 21, "percent_covered": 100.0, "percent_covered_display": "100", "missing_lines": 0, "excluded_lines": 0, "percent_statements_covered": 100.0, "percent_statements_covered_display": "100"}, "missing_lines": [], "excluded_lines": [], "start_line": 8}, "": {"executed_lines": [1, 2, 5, 8], "summary": {"covered_lines": 4, "num_statements": 4, "percent_covered": 100.0, "percent_covered_display": "100", "missing_lines": 0, "excluded_lines": 0, "percent_statements_covered": 100.0, "percent_statements_covered_display": "100"}, "missing_lines": [], "excluded_lines": [], "start_line": 1}}, "classes": {"": {"executed_lines": [1, 2, 5, 6, 8, 13, 16, 17, 19, 20, 22, 23, 25, 28, 29, 31, 32, 34, 35, 36, 38, 39, 40, 41, 42, 44], "summary": {"covered_lines": 26, "num_statements": 26, "percent_covered": 100.0, "percent_covered_display": "100", "missing_lines": 0, "excluded_lines": 0, "percent_statements_covered": 100.0, "percent_statements_covered_display": "100"}, "missing_lines": [], "excluded_lines": [], "start_line": 1}}}, "src/asset_convertor/core/recolor.py": {"executed_lines": [16, 18, 19, 20, 22, 28, 29, 30, 37, 58, 59, 60, 62, 63, 64, 65, 67, 68, 69, 71, 72, 77, 78, 81, 103, 104, 105, 106, 107, 110, 131, 132, 134, 135, 137, 138, 139, 140, 142, 143, 145, 146, 148, 149, 151, 153, 160, 168, 169, 170, 173, 174, 176, 177, 178, 181, 182, 183, 186, 187, 191, 192, 194, 195, 196, 197, 199, 202, 208, 209, 210, 213, 215], "summary": {"covered_lines": 73, "num_statements": 75, "percent_covered": 97.33333333333333, "percent_covered_display": "97", "missing_lines": 2, "excluded_lines": 0, "percent_statements_covered": 97.33333333333333, "percent_statements_covered_display": "97"}, "missing_lines": [66, 141], "excluded_lines": [], "functions": {"extract_palette": {"executed_lines": [58, 59, 60, 62, 63, 64, 65, 67, 68, 69, 71, 72, 77, 78], "summary": {"covered_lines": 14, "num_statements": 15, "percent_covered": 93.33333333333333, "percent_covered_display": "93", "missing_lines": 1, "excluded_lines": 0, "percent_statements_covered": 93.33333333333333, "percent_statements_covered_display": "93"}, "missing_lines": [66], "excluded_lines": [], "start_line": 37}, "propose_remap": {"executed_lines": [103, 104, 105, 106, 107], "summary": {"covered_lines": 5, "num_statements": 5, "percent_covered": 100.0, "percent_covered_display": "100", "missing_lines": 0, "excluded_lines": 0, "percent_statements_covered": 100.0, "percent_statements_covered_display": "100"}, "missing_lines": [], "excluded_lines": [], "start_line": 81}, "apply_remap": {"executed_lines": [131, 132, 134, 135, 137, 138, 139, 140, 142, 143, 145, 146, 148, 149, 151, 153], "summary": {"covered_lines": 16, "num_statements": 17, "percent_covered": 94.11764705882354, "percent_covered_display": "94", "missing_lines": 1, "excluded_lines": 0, "percent_statements_covered": 94.11764705882354, "percent_statements_covered_display": "94"}, "missing_lines": [141], "excluded_lines": [], "start_line": 110}, "_rgb_to_lab": {"executed_lines": [168, 169, 170, 173, 176, 177, 178, 181, 182, 183, 186, 187, 191, 194, 195, 196, 197, 199], "summary": {"covered_lines": 18, "num_statements": 18, "percent_covered": 100.0, "percent_covered_display": "100", "missing_lines": 0, "excluded_lines": 0, "percent_statements_covered": 100.0, "percent_statements_covered_display": "100"}, "missing_lines": [], "excluded_lines": [], "start_line": 160}, "_rgb_to_lab.linearize": {"executed_lines": [174], "summary": {"covered_lines": 1, "num_statements": 1, "percent_covered": 100.0, "percent_covered_display": "100", "missing_lines": 0, "excluded_lines": 0, "percent_statements_covered": 100.0, "percent_statements_covered_display": "100"}, "missing_lines": [], "excluded_lines": [], "start_line": 173}, "_rgb_to_lab.f": {"executed_lines": [192], "summary": {"covered_lines": 1, "num_statements": 1, "percent_covered": 100.0, "percent_covered_display": "100", "missing_lines": 0, "excluded_lines": 0, "percent_statements_covered": 100.0, "percent_statements_covered_display": "100"}, "missing_lines": [], "excluded_lines": [], "start_line": 191}, "_delta_e_cie76": {"executed_lines": [208, 209, 210], "summary": {"covered_lines": 3, "num_statements": 3, "percent_covered": 100.0, "percent_covered_display": "100", "missing_lines": 0, "excluded_lines": 0, "percent_statements_covered": 100.0, "percent_statements_covered_display": "100"}, "missing_lines": [], "excluded_lines": [], "start_line": 202}, "_nearest_color_delta_e": {"executed_lines": [215], "summary": {"covered_lines": 1, "num_statements": 1, "percent_covered": 100.0, "percent_covered_display": "100", "missing_lines": 0, "excluded_lines": 0, "percent_statements_covered": 100.0, "percent_statements_covered_display": "100"}, "missing_lines": [], "excluded_lines": [], "start_line": 213}, "": {"executed_lines": [16, 18, 19, 20, 22, 28, 29, 30, 37, 81, 110, 160, 202, 213], "summary": {"covered_lines": 14, "num_statements": 14, "percent_covered": 100.0, "percent_covered_display": "100", "missing_lines": 0, "excluded_lines": 0, "percent_statements_covered": 100.0, "percent_statements_covered_display": "100"}, "missing_lines": [], "excluded_lines": [], "start_line": 1}}, "classes": {"": {"executed_lines": [16, 18, 19, 20, 22, 28, 29, 30, 37, 58, 59, 60, 62, 63, 64, 65, 67, 68, 69, 71, 72, 77, 78, 81, 103, 104, 105, 106, 107, 110, 131, 132, 134, 135, 137, 138, 139, 140, 142, 143, 145, 146, 148, 149, 151, 153, 160, 168, 169, 170, 173, 174, 176, 177, 178, 181, 182, 183, 186, 187, 191, 192, 194, 195, 196, 197, 199, 202, 208, 209, 210, 213, 215], "summary": {"covered_lines": 73, "num_statements": 75, "percent_covered": 97.33333333333333, "percent_covered_display": "97", "missing_lines": 2, "excluded_lines": 0, "percent_statements_covered": 97.33333333333333, "percent_statements_covered_display": "97"}, "missing_lines": [66, 141], "excluded_lines": [], "start_line": 1}}}, "src/asset_convertor/exporters/__init__.py": {"executed_lines": [], "summary": {"covered_lines": 0, "num_statements": 0, "percent_covered": 100.0, "percent_covered_display": "100", "missing_lines": 0, "excluded_lines": 0, "percent_statements_covered": 100.0, "percent_statements_covered_display": "100"}, "missing_lines": [], "excluded_lines": [], "functions": {"": {"executed_lines": [], "summary": {"covered_lines": 0, "num_statements": 0, "percent_covered": 100.0, "percent_covered_display": "100", "missing_lines": 0, "excluded_lines": 0, "percent_statements_covered": 100.0, "percent_statements_covered_display": "100"}, "missing_lines": [], "excluded_lines": [], "start_line": 1}}, "classes": {"": {"executed_lines": [], "summary": {"covered_lines": 0, "num_statements": 0, "percent_covered": 100.0, "percent_covered_display": "100", "missing_lines": 0, "excluded_lines": 0, "percent_statements_covered": 100.0, "percent_statements_covered_display": "100"}, "missing_lines": [], "excluded_lines": [], "start_line": 1}}}, "src/asset_convertor/exporters/exporter.py": {"executed_lines": [1, 2, 4, 7, 12, 13, 15, 20, 21, 23, 24, 27, 30, 31, 33, 35, 37], "summary": {"covered_lines": 17, "num_statements": 17, "percent_covered": 100.0, "percent_covered_display": "100", "missing_lines": 0, "excluded_lines": 0, "percent_statements_covered": 100.0, "percent_statements_covered_display": "100"}, "missing_lines": [], "excluded_lines": [], "functions": {"export_tile": {"executed_lines": [12, 13, 15, 20, 21, 23, 24, 27, 30, 31, 33, 35, 37], "summary": {"covered_lines": 13, "num_statements": 13, "percent_covered": 100.0, "percent_covered_display": "100", "missing_lines": 0, "excluded_lines": 0, "percent_statements_covered": 100.0, "percent_statements_covered_display": "100"}, "missing_lines": [], "excluded_lines": [], "start_line": 7}, "": {"executed_lines": [1, 2, 4, 7], "summary": {"covered_lines": 4, "num_statements": 4, "percent_covered": 100.0, "percent_covered_display": "100", "missing_lines": 0, "excluded_lines": 0, "percent_statements_covered": 100.0, "percent_statements_covered_display": "100"}, "missing_lines": [], "excluded_lines": [], "start_line": 1}}, "classes": {"": {"executed_lines": [1, 2, 4, 7, 12, 13, 15, 20, 21, 23, 24, 27, 30, 31, 33, 35, 37], "summary": {"covered_lines": 17, "num_statements": 17, "percent_covered": 100.0, "percent_covered_display": "100", "missing_lines": 0, "excluded_lines": 0, "percent_statements_covered": 100.0, "percent_statements_covered_display": "100"}, "missing_lines": [], "excluded_lines": [], "start_line": 1}}}, "src/asset_convertor/exporters/tsx_generator.py": {"executed_lines": [9, 11, 12, 13, 14, 16, 17, 23, 24, 25, 27, 28, 35, 51, 52, 53, 54, 56, 57, 58, 59, 60, 61, 63, 66, 79, 80, 81, 82, 83, 84, 85, 86, 88, 92, 116, 117, 118, 120, 134, 145, 146, 147, 148, 151, 152, 153, 154, 160, 161, 162, 171, 172, 181, 191, 192, 198, 199, 209, 210, 213, 214, 215, 218, 246, 249, 250, 251, 255, 256, 261, 262, 264, 265, 268, 269, 272, 275, 276, 285, 287, 294, 317, 318, 319, 321, 335, 345, 346, 347, 348, 349, 352, 379, 380, 381, 385, 386, 387, 389, 394, 395, 397, 398, 400, 402, 403, 410, 412, 422, 442, 455, 456, 457, 458, 459, 462, 483, 484, 485, 487, 501, 511, 512, 521, 531, 532, 536, 537, 546, 547, 548, 549, 550, 553, 578, 579, 580, 584, 589, 590, 591, 593, 594, 596, 598, 599, 605, 607, 614, 643, 644, 645, 646, 649, 656, 658, 659, 661, 662, 664, 666, 669, 676, 678], "summary": {"covered_lines": 165, "num_statements": 175, "percent_covered": 94.28571428571429, "percent_covered_display": "94", "missing_lines": 10, "excluded_lines": 0, "percent_statements_covered": 94.28571428571429, "percent_statements_covered_display": "94"}, "missing_lines": [155, 156, 158, 247, 253, 257, 390, 581, 585, 650], "excluded_lines": [], "functions": {"assemble_sheet": {"executed_lines": [51, 52, 53, 54, 56, 57, 58, 59, 60, 61, 63], "summary": {"covered_lines": 11, "num_statements": 11, "percent_covered": 100.0, "percent_covered_display": "100", "missing_lines": 0, "excluded_lines": 0, "percent_statements_covered": 100.0, "percent_statements_covered_display": "100"}, "missing_lines": [], "excluded_lines": [], "start_line": 35}, "bitmask_to_wangid": {"executed_lines": [79, 80, 81, 82, 83, 84, 85, 86, 88], "summary": {"covered_lines": 9, "num_statements": 9, "percent_covered": 100.0, "percent_covered_display": "100", "missing_lines": 0, "excluded_lines": 0, "percent_statements_covered": 100.0, "percent_statements_covered_display": "100"}, "missing_lines": [], "excluded_lines": [], "start_line": 66}, "generate_tsx": {"executed_lines": [116, 117, 118, 120, 134, 145, 146, 147, 148, 151, 152, 153, 154, 160, 161, 162, 171, 172, 181, 191, 192, 198, 199, 209, 210, 213, 214, 215], "summary": {"covered_lines": 28, "num_statements": 31, "percent_covered": 90.3225806451613, "percent_covered_display": "90", "missing_lines": 3, "excluded_lines": 0, "percent_statements_covered": 90.3225806451613, "percent_statements_covered_display": "90"}, "missing_lines": [155, 156, 158], "excluded_lines": [], "start_line": 92}, "export": {"executed_lines": [246, 249, 250, 251, 255, 256, 261, 262, 264, 265, 268, 269, 272, 275, 276, 285, 287], "summary": {"covered_lines": 17, "num_statements": 20, "percent_covered": 85.0, "percent_covered_display": "85", "missing_lines": 3, "excluded_lines": 0, "percent_statements_covered": 85.0, "percent_statements_covered_display": "85"}, "missing_lines": [247, 253, 257], "excluded_lines": [], "start_line": 218}, "generate_tsx_simple": {"executed_lines": [317, 318, 319, 321, 335, 345, 346, 347, 348, 349], "summary": {"covered_lines": 10, "num_statements": 10, "percent_covered": 100.0, "percent_covered_display": "100", "missing_lines": 0, "excluded_lines": 0, "percent_statements_covered": 100.0, "percent_statements_covered_display": "100"}, "missing_lines": [], "excluded_lines": [], "start_line": 294}, "export_simple_sheet": {"executed_lines": [379, 380, 381, 385, 386, 387, 389, 394, 395, 397, 398, 400, 402, 403, 410, 412], "summary": {"covered_lines": 16, "num_statements": 17, "percent_covered": 94.11764705882354, "percent_covered_display": "94", "missing_lines": 1, "excluded_lines": 0, "percent_statements_covered": 94.11764705882354, "percent_statements_covered_display": "94"}, "missing_lines": [390], "excluded_lines": [], "start_line": 352}, "wall4n_bitmask_to_wangid": {"executed_lines": [455, 456, 457, 458, 459], "summary": {"covered_lines": 5, "num_statements": 5, "percent_covered": 100.0, "percent_covered_display": "100", "missing_lines": 0, "excluded_lines": 0, "percent_statements_covered": 100.0, "percent_statements_covered_display": "100"}, "missing_lines": [], "excluded_lines": [], "start_line": 442}, "generate_tsx_wall_sides": {"executed_lines": [483, 484, 485, 487, 501, 511, 512, 521, 531, 532, 536, 537, 546, 547, 548, 549, 550], "summary": {"covered_lines": 17, "num_statements": 17, "percent_covered": 100.0, "percent_covered_display": "100", "missing_lines": 0, "excluded_lines": 0, "percent_statements_covered": 100.0, "percent_statements_covered_display": "100"}, "missing_lines": [], "excluded_lines": [], "start_line": 462}, "export_wall_sides_sheet": {"executed_lines": [578, 579, 580, 584, 589, 590, 591, 593, 594, 596, 598, 599, 605, 607], "summary": {"covered_lines": 14, "num_statements": 16, "percent_covered": 87.5, "percent_covered_display": "88", "missing_lines": 2, "excluded_lines": 0, "percent_statements_covered": 87.5, "percent_statements_covered_display": "88"}, "missing_lines": [581, 585], "excluded_lines": [], "start_line": 553}, "export_blob_tops_sheet": {"executed_lines": [643, 644, 645, 646, 649, 656, 658, 659, 661, 662, 664, 666, 669, 676, 678], "summary": {"covered_lines": 15, "num_statements": 16, "percent_covered": 93.75, "percent_covered_display": "94", "missing_lines": 1, "excluded_lines": 0, "percent_statements_covered": 93.75, "percent_statements_covered_display": "94"}, "missing_lines": [650], "excluded_lines": [], "start_line": 614}, "": {"executed_lines": [9, 11, 12, 13, 14, 16, 17, 23, 24, 25, 27, 28, 35, 66, 92, 218, 294, 352, 422, 442, 462, 553, 614], "summary": {"covered_lines": 23, "num_statements": 23, "percent_covered": 100.0, "percent_covered_display": "100", "missing_lines": 0, "excluded_lines": 0, "percent_statements_covered": 100.0, "percent_statements_covered_display": "100"}, "missing_lines": [], "excluded_lines": [], "start_line": 1}}, "classes": {"": {"executed_lines": [9, 11, 12, 13, 14, 16, 17, 23, 24, 25, 27, 28, 35, 51, 52, 53, 54, 56, 57, 58, 59, 60, 61, 63, 66, 79, 80, 81, 82, 83, 84, 85, 86, 88, 92, 116, 117, 118, 120, 134, 145, 146, 147, 148, 151, 152, 153, 154, 160, 161, 162, 171, 172, 181, 191, 192, 198, 199, 209, 210, 213, 214, 215, 218, 246, 249, 250, 251, 255, 256, 261, 262, 264, 265, 268, 269, 272, 275, 276, 285, 287, 294, 317, 318, 319, 321, 335, 345, 346, 347, 348, 349, 352, 379, 380, 381, 385, 386, 387, 389, 394, 395, 397, 398, 400, 402, 403, 410, 412, 422, 442, 455, 456, 457, 458, 459, 462, 483, 484, 485, 487, 501, 511, 512, 521, 531, 532, 536, 537, 546, 547, 548, 549, 550, 553, 578, 579, 580, 584, 589, 590, 591, 593, 594, 596, 598, 599, 605, 607, 614, 643, 644, 645, 646, 649, 656, 658, 659, 661, 662, 664, 666, 669, 676, 678], "summary": {"covered_lines": 165, "num_statements": 175, "percent_covered": 94.28571428571429, "percent_covered_display": "94", "missing_lines": 10, "excluded_lines": 0, "percent_statements_covered": 94.28571428571429, "percent_statements_covered_display": "94"}, "missing_lines": [155, 156, 158, 247, 253, 257, 390, 581, 585, 650], "excluded_lines": [], "start_line": 1}}}, "src/asset_convertor/gui/__init__.py": {"executed_lines": [], "summary": {"covered_lines": 0, "num_statements": 0, "percent_covered": 100.0, "percent_covered_display": "100", "missing_lines": 0, "excluded_lines": 0, "percent_statements_covered": 100.0, "percent_statements_covered_display": "100"}, "missing_lines": [], "excluded_lines": [], "functions": {"": {"executed_lines": [], "summary": {"covered_lines": 0, "num_statements": 0, "percent_covered": 100.0, "percent_covered_display": "100", "missing_lines": 0, "excluded_lines": 0, "percent_statements_covered": 100.0, "percent_statements_covered_display": "100"}, "missing_lines": [], "excluded_lines": [], "start_line": 1}}, "classes": {"": {"executed_lines": [], "summary": {"covered_lines": 0, "num_statements": 0, "percent_covered": 100.0, "percent_covered_display": "100", "missing_lines": 0, "excluded_lines": 0, "percent_statements_covered": 100.0, "percent_statements_covered_display": "100"}, "missing_lines": [], "excluded_lines": [], "start_line": 1}}}, "src/asset_convertor/gui/app.py": {"executed_lines": [15, 17, 18, 19, 20, 21, 22, 23, 24, 25, 26, 28, 29, 30, 31, 32, 33, 34, 35, 36, 37, 38, 42, 43, 45, 47, 49, 59, 67, 77, 96, 99, 107, 115, 117, 118, 120, 121, 123, 124, 125, 126, 127, 128, 129, 130, 132, 139, 146, 147, 149, 150, 152, 163, 164, 165, 166, 167, 168, 169, 170, 173, 176, 177, 178, 181, 182, 183, 184, 187, 190, 192, 193, 194, 196, 197, 201, 202, 203, 209, 210, 212, 213, 214, 215, 216, 218, 219, 223, 224, 225, 227, 228, 229, 230, 231, 233, 234, 235, 240, 241, 242, 244, 248, 249, 250, 252, 253, 254, 255, 256, 260, 261, 262, 263, 266, 269, 272, 273, 279, 282, 287, 288, 294, 297, 300, 304, 308, 309, 313, 314, 317, 320, 323, 325, 327, 328, 331, 333, 341, 342, 344, 346, 347, 348, 349, 350, 355, 357, 359, 360, 361, 364, 370, 372, 373, 374, 377, 382, 384, 385, 386, 387, 388, 393, 396, 399, 400, 405, 408, 409, 414, 415, 417, 419, 425, 427, 435, 436, 437, 438, 439, 441, 442, 443, 445, 446, 447, 448, 449, 451, 454, 459, 460, 461, 463, 464, 465, 466, 467, 469, 472, 474, 479, 480, 481, 483, 484, 485, 486, 487, 489, 494, 497, 498, 499, 501, 504, 505, 507, 508, 509, 512, 517, 518, 526, 527, 529, 530, 532, 534, 535, 538, 541, 547, 550, 552, 554, 555, 556, 557, 558, 562, 563, 564, 565, 567, 571, 577, 578, 582, 583, 584, 585, 588, 589, 591, 595, 597, 601, 603, 607, 609, 611, 612, 615, 617, 621, 624, 628, 709, 717, 725, 730, 733, 736, 737, 738, 739, 741, 742, 743, 744, 745, 747, 748, 749, 750, 752, 755, 756, 757, 764, 766, 767, 777, 786, 787, 789, 792, 793, 794, 795, 796, 797, 798, 799, 800, 803, 804, 806, 807, 808, 809, 810, 811, 812, 815, 816, 818, 819, 821, 822, 823, 824, 825, 826, 828, 829, 830, 832, 833, 834, 835, 836, 837, 838, 839, 840, 841, 842, 845, 846, 852, 853, 854, 855, 856, 859, 860, 862, 863, 864, 866, 874, 875, 876, 878, 880, 881, 882, 883, 884, 885, 886, 887, 889, 893, 894, 896, 898, 904, 909, 914, 915, 916, 921, 923, 924, 926, 928, 929, 934, 936, 937, 938, 939, 940, 941, 943, 945, 946, 947, 948, 950, 953, 954, 955, 956, 957, 960, 965, 970, 977, 978, 979, 980, 982, 983, 984, 985, 987, 989, 990, 991, 992, 995, 996, 997, 998, 999, 1002, 1005, 1014, 1024, 1031, 1032, 1033, 1034, 1036, 1041, 1045, 1047, 1048, 1049, 1050, 1051, 1052, 1053, 1054, 1055, 1058, 1059, 1060, 1061, 1065, 1068, 1069, 1070, 1071, 1072, 1074, 1075, 1076, 1077, 1078, 1080, 1087, 1088, 1089, 1090, 1091, 1092, 1094, 1095, 1096, 1097, 1101, 1136, 1143, 1144, 1145, 1146, 1147, 1148, 1150, 1151, 1152, 1153, 1154, 1158, 1161, 1162, 1163, 1164, 1165, 1166, 1168, 1169, 1170, 1174, 1176, 1178, 1180, 1184, 1185, 1186, 1188, 1189, 1191, 1193, 1194, 1195, 1196, 1197, 1198, 1199, 1200, 1204, 1206, 1207, 1208, 1209, 1210, 1211, 1212, 1214, 1216, 1221, 1229, 1230, 1231, 1234, 1235, 1236, 1237, 1238, 1239, 1242, 1244, 1245, 1246, 1248, 1249, 1250, 1254, 1303, 1309, 1310, 1311, 1312, 1316, 1317, 1318, 1319, 1323, 1324, 1325, 1330, 1331, 1332, 1336, 1337, 1343, 1344, 1345, 1347, 1348, 1350, 1351, 1353, 1355, 1356, 1357, 1358, 1359, 1360, 1361, 1362, 1363, 1367, 1369, 1370, 1373, 1374, 1375, 1376, 1377, 1381, 1389, 1393, 1394, 1395, 1396, 1398, 1399, 1400, 1401, 1405, 1407, 1408, 1409, 1413, 1416, 1417, 1418, 1419, 1420, 1423, 1424, 1425, 1427, 1428, 1429, 1430, 1431, 1432, 1433, 1434, 1436, 1437, 1438, 1439, 1442, 1444, 1448, 1458, 1467, 1472, 1475, 1477, 1478, 1479, 1480, 1484, 1485, 1486, 1488, 1489, 1490, 1491, 1492, 1493, 1494, 1495, 1497, 1498, 1499, 1500, 1502, 1503, 1504, 1506, 1507, 1511, 1512, 1514, 1515, 1519, 1520, 1521, 1522, 1523, 1524, 1525, 1526, 1527, 1528, 1530, 1531, 1532, 1533, 1535, 1536, 1537, 1538, 1539, 1540, 1542, 1554, 1555, 1556, 1557, 1559, 1560, 1562, 1563, 1564, 1565, 1566, 1567, 1571, 1574, 1575, 1576, 1587, 1591, 1592, 1593, 1594, 1595, 1596, 1597, 1599, 1600, 1610, 1611, 1612, 1614, 1615, 1616, 1617, 1618, 1620, 1621, 1622, 1623, 1624, 1625, 1626, 1628, 1629, 1630, 1631, 1637, 1639, 1648, 1649, 1650, 1651, 1652, 1653, 1654, 1655, 1663, 1664, 1665, 1666, 1667, 1668, 1669, 1674, 1679], "summary": {"covered_lines": 733, "num_statements": 934, "percent_covered": 78.4796573875803, "percent_covered_display": "78", "missing_lines": 201, "excluded_lines": 0, "percent_statements_covered": 78.4796573875803, "percent_statements_covered_display": "78"}, "missing_lines": [204, 205, 206, 207, 208, 217, 629, 633, 634, 636, 637, 638, 639, 643, 645, 648, 649, 650, 651, 652, 653, 655, 658, 659, 660, 661, 662, 663, 664, 665, 668, 669, 670, 671, 672, 673, 676, 685, 686, 687, 688, 689, 690, 691, 692, 695, 696, 698, 699, 700, 701, 704, 705, 711, 712, 713, 714, 715, 719, 720, 721, 722, 723, 758, 759, 760, 761, 762, 778, 779, 780, 781, 782, 783, 843, 844, 848, 890, 891, 905, 906, 907, 917, 918, 919, 930, 931, 932, 1037, 1038, 1039, 1043, 1103, 1104, 1105, 1106, 1107, 1108, 1109, 1110, 1111, 1115, 1116, 1117, 1118, 1119, 1122, 1123, 1124, 1125, 1126, 1127, 1129, 1130, 1131, 1132, 1133, 1134, 1202, 1251, 1252, 1260, 1261, 1262, 1263, 1265, 1266, 1267, 1268, 1271, 1272, 1273, 1274, 1277, 1279, 1280, 1281, 1284, 1285, 1286, 1287, 1290, 1292, 1293, 1294, 1296, 1297, 1298, 1299, 1300, 1328, 1338, 1341, 1349, 1364, 1365, 1371, 1372, 1378, 1379, 1382, 1383, 1384, 1385, 1403, 1421, 1440, 1443, 1449, 1450, 1453, 1454, 1455, 1456, 1460, 1461, 1464, 1465, 1473, 1501, 1543, 1544, 1545, 1546, 1547, 1548, 1549, 1550, 1561, 1577, 1578, 1579, 1583, 1632, 1633, 1634, 1635, 1656, 1661, 1662, 1680], "excluded_lines": [], "functions": {"_compute_cell_bitmask": {"executed_lines": [117, 118, 120, 123, 124, 125, 126, 127, 128, 129, 130, 132], "summary": {"covered_lines": 12, "num_statements": 12, "percent_covered": 100.0, "percent_covered_display": "100", "missing_lines": 0, "excluded_lines": 0, "percent_statements_covered": 100.0, "percent_statements_covered_display": "100"}, "missing_lines": [], "excluded_lines": [], "start_line": 115}, "_compute_cell_bitmask.f": {"executed_lines": [121], "summary": {"covered_lines": 1, "num_statements": 1, "percent_covered": 100.0, "percent_covered_display": "100", "missing_lines": 0, "excluded_lines": 0, "percent_statements_covered": 100.0, "percent_statements_covered_display": "100"}, "missing_lines": [], "excluded_lines": [], "start_line": 120}, "_compute_wall_bitmask_4n": {"executed_lines": [146, 147, 149, 152], "summary": {"covered_lines": 4, "num_statements": 4, "percent_covered": 100.0, "percent_covered_display": "100", "missing_lines": 0, "excluded_lines": 0, "percent_statements_covered": 100.0, "percent_statements_covered_display": "100"}, "missing_lines": [], "excluded_lines": [], "start_line": 139}, "_compute_wall_bitmask_4n.f": {"executed_lines": [150], "summary": {"covered_lines": 1, "num_statements": 1, "percent_covered": 100.0, "percent_covered_display": "100", "missing_lines": 0, "excluded_lines": 0, "percent_statements_covered": 100.0, "percent_statements_covered_display": "100"}, "missing_lines": [], "excluded_lines": [], "start_line": 149}, "App.__init__": {"executed_lines": [165, 166, 167, 168, 169, 170, 173, 176, 177, 178, 181, 182, 183, 184, 187, 190, 192, 193, 194, 196, 197], "summary": {"covered_lines": 21, "num_statements": 21, "percent_covered": 100.0, "percent_covered_display": "100", "missing_lines": 0, "excluded_lines": 0, "percent_statements_covered": 100.0, "percent_statements_covered_display": "100"}, "missing_lines": [], "excluded_lines": [], "start_line": 164}, "App._setup_icon": {"executed_lines": [202, 203, 209, 210], "summary": {"covered_lines": 4, "num_statements": 9, "percent_covered": 44.44444444444444, "percent_covered_display": "44", "missing_lines": 5, "excluded_lines": 0, "percent_statements_covered": 44.44444444444444, "percent_statements_covered_display": "44"}, "missing_lines": [204, 205, 206, 207, 208], "excluded_lines": [], "start_line": 201}, "App._focus_window": {"executed_lines": [213, 214, 215, 216, 218, 219], "summary": {"covered_lines": 6, "num_statements": 7, "percent_covered": 85.71428571428571, "percent_covered_display": "86", "missing_lines": 1, "excluded_lines": 0, "percent_statements_covered": 85.71428571428571, "percent_statements_covered_display": "86"}, "missing_lines": [217], "excluded_lines": [], "start_line": 212}, "App._build_macos_menu": {"executed_lines": [224, 225, 227, 228, 229, 230, 231, 233, 234, 235], "summary": {"covered_lines": 10, "num_statements": 10, "percent_covered": 100.0, "percent_covered_display": "100", "missing_lines": 0, "excluded_lines": 0, "percent_statements_covered": 100.0, "percent_statements_covered_display": "100"}, "missing_lines": [], "excluded_lines": [], "start_line": 223}, "App._toggle_log": {"executed_lines": [241, 242, 244], "summary": {"covered_lines": 3, "num_statements": 3, "percent_covered": 100.0, "percent_covered_display": "100", "missing_lines": 0, "excluded_lines": 0, "percent_statements_covered": 100.0, "percent_statements_covered_display": "100"}, "missing_lines": [], "excluded_lines": [], "start_line": 240}, "App._build_ui": {"executed_lines": [249, 250, 252, 253, 254, 255, 256], "summary": {"covered_lines": 7, "num_statements": 7, "percent_covered": 100.0, "percent_covered_display": "100", "missing_lines": 0, "excluded_lines": 0, "percent_statements_covered": 100.0, "percent_statements_covered_display": "100"}, "missing_lines": [], "excluded_lines": [], "start_line": 248}, "App._build_primary_toolbar": {"executed_lines": [261, 262, 263, 266, 269, 272, 273, 279, 282, 287, 288, 294, 297, 300, 304], "summary": {"covered_lines": 15, "num_statements": 15, "percent_covered": 100.0, "percent_covered_display": "100", "missing_lines": 0, "excluded_lines": 0, "percent_statements_covered": 100.0, "percent_statements_covered_display": "100"}, "missing_lines": [], "excluded_lines": [], "start_line": 260}, "App._build_secondary_toolbar": {"executed_lines": [309, 313, 314, 317, 320, 323], "summary": {"covered_lines": 6, "num_statements": 6, "percent_covered": 100.0, "percent_covered_display": "100", "missing_lines": 0, "excluded_lines": 0, "percent_statements_covered": 100.0, "percent_statements_covered_display": "100"}, "missing_lines": [], "excluded_lines": [], "start_line": 308}, "App._swap_secondary": {"executed_lines": [327, 328, 331, 333, 341, 342], "summary": {"covered_lines": 6, "num_statements": 6, "percent_covered": 100.0, "percent_covered_display": "100", "missing_lines": 0, "excluded_lines": 0, "percent_statements_covered": 100.0, "percent_statements_covered_display": "100"}, "missing_lines": [], "excluded_lines": [], "start_line": 325}, "App._build_secondary_a2": {"executed_lines": [346, 347, 348, 349, 350, 355], "summary": {"covered_lines": 6, "num_statements": 6, "percent_covered": 100.0, "percent_covered_display": "100", "missing_lines": 0, "excluded_lines": 0, "percent_statements_covered": 100.0, "percent_statements_covered_display": "100"}, "missing_lines": [], "excluded_lines": [], "start_line": 344}, "App._build_secondary_a3": {"executed_lines": [359, 360, 361, 364], "summary": {"covered_lines": 4, "num_statements": 4, "percent_covered": 100.0, "percent_covered_display": "100", "missing_lines": 0, "excluded_lines": 0, "percent_statements_covered": 100.0, "percent_statements_covered_display": "100"}, "missing_lines": [], "excluded_lines": [], "start_line": 357}, "App._build_secondary_a4": {"executed_lines": [372, 373, 374, 377], "summary": {"covered_lines": 4, "num_statements": 4, "percent_covered": 100.0, "percent_covered_display": "100", "missing_lines": 0, "excluded_lines": 0, "percent_statements_covered": 100.0, "percent_statements_covered_display": "100"}, "missing_lines": [], "excluded_lines": [], "start_line": 370}, "App._build_secondary_a1": {"executed_lines": [384, 385, 386, 387, 388, 393, 396, 399, 400, 405, 408, 409, 414, 415], "summary": {"covered_lines": 14, "num_statements": 14, "percent_covered": 100.0, "percent_covered_display": "100", "missing_lines": 0, "excluded_lines": 0, "percent_statements_covered": 100.0, "percent_statements_covered_display": "100"}, "missing_lines": [], "excluded_lines": [], "start_line": 382}, "App._build_secondary_recolor": {"executed_lines": [419], "summary": {"covered_lines": 1, "num_statements": 1, "percent_covered": 100.0, "percent_covered_display": "100", "missing_lines": 0, "excluded_lines": 0, "percent_statements_covered": 100.0, "percent_statements_covered_display": "100"}, "missing_lines": [], "excluded_lines": [], "start_line": 417}, "App._build_secondary_resize": {"executed_lines": [427], "summary": {"covered_lines": 1, "num_statements": 1, "percent_covered": 100.0, "percent_covered_display": "100", "missing_lines": 0, "excluded_lines": 0, "percent_statements_covered": 100.0, "percent_statements_covered_display": "100"}, "missing_lines": [], "excluded_lines": [], "start_line": 425}, "App._build_panels": {"executed_lines": [436, 437, 438, 439, 441, 442, 443], "summary": {"covered_lines": 7, "num_statements": 7, "percent_covered": 100.0, "percent_covered_display": "100", "missing_lines": 0, "excluded_lines": 0, "percent_statements_covered": 100.0, "percent_statements_covered_display": "100"}, "missing_lines": [], "excluded_lines": [], "start_line": 435}, "App._build_source_panel": {"executed_lines": [446, 447, 448, 449, 451, 454, 459, 460, 461], "summary": {"covered_lines": 9, "num_statements": 9, "percent_covered": 100.0, "percent_covered_display": "100", "missing_lines": 0, "excluded_lines": 0, "percent_statements_covered": 100.0, "percent_statements_covered_display": "100"}, "missing_lines": [], "excluded_lines": [], "start_line": 445}, "App._build_output_panel": {"executed_lines": [464, 465, 466, 467, 469, 472, 474, 479, 480, 481], "summary": {"covered_lines": 10, "num_statements": 10, "percent_covered": 100.0, "percent_covered_display": "100", "missing_lines": 0, "excluded_lines": 0, "percent_statements_covered": 100.0, "percent_statements_covered_display": "100"}, "missing_lines": [], "excluded_lines": [], "start_line": 463}, "App._build_canvas_panel": {"executed_lines": [484, 485, 486, 487, 489, 494, 497, 498, 499, 501, 504, 505, 507, 508, 509, 512, 517, 518, 526, 527, 529, 530], "summary": {"covered_lines": 22, "num_statements": 22, "percent_covered": 100.0, "percent_covered_display": "100", "missing_lines": 0, "excluded_lines": 0, "percent_statements_covered": 100.0, "percent_statements_covered_display": "100"}, "missing_lines": [], "excluded_lines": [], "start_line": 483}, "App._switch_right_panel_to_recolor": {"executed_lines": [534, 535, 538, 541, 547, 550], "summary": {"covered_lines": 6, "num_statements": 6, "percent_covered": 100.0, "percent_covered_display": "100", "missing_lines": 0, "excluded_lines": 0, "percent_statements_covered": 100.0, "percent_statements_covered_display": "100"}, "missing_lines": [], "excluded_lines": [], "start_line": 532}, "App._switch_right_panel_to_canvas": {"executed_lines": [554, 555, 556, 557, 558], "summary": {"covered_lines": 5, "num_statements": 5, "percent_covered": 100.0, "percent_covered_display": "100", "missing_lines": 0, "excluded_lines": 0, "percent_statements_covered": 100.0, "percent_statements_covered_display": "100"}, "missing_lines": [], "excluded_lines": [], "start_line": 552}, "App._build_log": {"executed_lines": [563, 564, 565, 567, 571, 577, 578], "summary": {"covered_lines": 7, "num_statements": 7, "percent_covered": 100.0, "percent_covered_display": "100", "missing_lines": 0, "excluded_lines": 0, "percent_statements_covered": 100.0, "percent_statements_covered_display": "100"}, "missing_lines": [], "excluded_lines": [], "start_line": 562}, "App._build_footer": {"executed_lines": [583, 584, 585, 588, 589, 591, 595, 597, 601, 603, 607, 609, 611, 612, 615, 617, 621, 624], "summary": {"covered_lines": 18, "num_statements": 18, "percent_covered": 100.0, "percent_covered_display": "100", "missing_lines": 0, "excluded_lines": 0, "percent_statements_covered": 100.0, "percent_statements_covered_display": "100"}, "missing_lines": [], "excluded_lines": [], "start_line": 582}, "App._open_file": {"executed_lines": [], "summary": {"covered_lines": 0, "num_statements": 47, "percent_covered": 0.0, "percent_covered_display": "0", "missing_lines": 47, "excluded_lines": 0, "percent_statements_covered": 0.0, "percent_statements_covered_display": "0"}, "missing_lines": [629, 633, 634, 636, 637, 638, 639, 643, 645, 648, 649, 650, 651, 652, 653, 655, 658, 659, 660, 661, 662, 663, 664, 665, 668, 669, 670, 671, 672, 673, 676, 685, 686, 687, 688, 689, 690, 691, 692, 695, 696, 698, 699, 700, 701, 704, 705], "excluded_lines": [], "start_line": 628}, "App._on_tiled_type_change": {"executed_lines": [], "summary": {"covered_lines": 0, "num_statements": 5, "percent_covered": 0.0, "percent_covered_display": "0", "missing_lines": 5, "excluded_lines": 0, "percent_statements_covered": 0.0, "percent_statements_covered_display": "0"}, "missing_lines": [711, 712, 713, 714, 715], "excluded_lines": [], "start_line": 709}, "App._on_mod_type_change": {"executed_lines": [], "summary": {"covered_lines": 0, "num_statements": 5, "percent_covered": 0.0, "percent_covered_display": "0", "missing_lines": 5, "excluded_lines": 0, "percent_statements_covered": 0.0, "percent_statements_covered_display": "0"}, "missing_lines": [719, 720, 721, 722, 723], "excluded_lines": [], "start_line": 717}, "App._on_type_change_internal": {"executed_lines": [730, 733, 736, 737, 738, 739, 741, 742, 743, 744, 745, 747, 748, 749, 750, 752, 755, 756, 757, 764, 766, 767, 777, 786, 787, 789, 792, 793, 794, 795, 796, 797, 798, 799, 800, 803, 804], "summary": {"covered_lines": 37, "num_statements": 48, "percent_covered": 77.08333333333333, "percent_covered_display": "77", "missing_lines": 11, "excluded_lines": 0, "percent_statements_covered": 77.08333333333333, "percent_statements_covered_display": "77"}, "missing_lines": [758, 759, 760, 761, 762, 778, 779, 780, 781, 782, 783], "excluded_lines": [], "start_line": 725}, "App._on_format_change": {"executed_lines": [807, 808, 809, 810, 811, 812, 815, 816], "summary": {"covered_lines": 8, "num_statements": 8, "percent_covered": 100.0, "percent_covered_display": "100", "missing_lines": 0, "excluded_lines": 0, "percent_statements_covered": 100.0, "percent_statements_covered_display": "100"}, "missing_lines": [], "excluded_lines": [], "start_line": 806}, "App._on_anim_type_change": {"executed_lines": [819], "summary": {"covered_lines": 1, "num_statements": 1, "percent_covered": 100.0, "percent_covered_display": "100", "missing_lines": 0, "excluded_lines": 0, "percent_statements_covered": 100.0, "percent_statements_covered_display": "100"}, "missing_lines": [], "excluded_lines": [], "start_line": 818}, "App._on_speed_change": {"executed_lines": [822, 823, 824, 825, 826, 828, 829, 830], "summary": {"covered_lines": 8, "num_statements": 8, "percent_covered": 100.0, "percent_covered_display": "100", "missing_lines": 0, "excluded_lines": 0, "percent_statements_covered": 100.0, "percent_statements_covered_display": "100"}, "missing_lines": [], "excluded_lines": [], "start_line": 821}, "App._update_animation_controls_state": {"executed_lines": [833, 834, 835, 836, 837, 838, 839, 840, 841, 842, 845, 846], "summary": {"covered_lines": 12, "num_statements": 15, "percent_covered": 80.0, "percent_covered_display": "80", "missing_lines": 3, "excluded_lines": 0, "percent_statements_covered": 80.0, "percent_statements_covered_display": "80"}, "missing_lines": [843, 844, 848], "excluded_lines": [], "start_line": 832}, "App._run_conversion": {"executed_lines": [853, 854, 855, 856, 859, 860, 862, 863, 864, 866, 874, 875, 876], "summary": {"covered_lines": 13, "num_statements": 13, "percent_covered": 100.0, "percent_covered_display": "100", "missing_lines": 0, "excluded_lines": 0, "percent_statements_covered": 100.0, "percent_statements_covered_display": "100"}, "missing_lines": [], "excluded_lines": [], "start_line": 852}, "App._convert_a2": {"executed_lines": [880, 881, 882, 883, 884, 885, 886, 887, 889, 893, 894, 896, 898, 904], "summary": {"covered_lines": 14, "num_statements": 19, "percent_covered": 73.6842105263158, "percent_covered_display": "74", "missing_lines": 5, "excluded_lines": 0, "percent_statements_covered": 73.6842105263158, "percent_statements_covered_display": "74"}, "missing_lines": [890, 891, 905, 906, 907], "excluded_lines": [], "start_line": 878}, "App._convert_resize": {"executed_lines": [914, 915, 916, 921, 923, 924, 926, 928, 929], "summary": {"covered_lines": 9, "num_statements": 15, "percent_covered": 60.0, "percent_covered_display": "60", "missing_lines": 6, "excluded_lines": 0, "percent_statements_covered": 60.0, "percent_statements_covered_display": "60"}, "missing_lines": [917, 918, 919, 930, 931, 932], "excluded_lines": [], "start_line": 909}, "App._on_convert_success_resize": {"executed_lines": [936, 937, 938, 939, 940, 941], "summary": {"covered_lines": 6, "num_statements": 6, "percent_covered": 100.0, "percent_covered_display": "100", "missing_lines": 0, "excluded_lines": 0, "percent_statements_covered": 100.0, "percent_statements_covered_display": "100"}, "missing_lines": [], "excluded_lines": [], "start_line": 934}, "App._convert_a3": {"executed_lines": [945, 946, 947, 948, 950, 953, 954, 955, 956, 957, 960, 965, 970, 977, 978, 979, 980, 982, 983, 984, 985], "summary": {"covered_lines": 21, "num_statements": 21, "percent_covered": 100.0, "percent_covered_display": "100", "missing_lines": 0, "excluded_lines": 0, "percent_statements_covered": 100.0, "percent_statements_covered_display": "100"}, "missing_lines": [], "excluded_lines": [], "start_line": 943}, "App._convert_a4": {"executed_lines": [989, 990, 991, 992, 995, 996, 997, 998, 999, 1002, 1005, 1014, 1024, 1031, 1032, 1033, 1034, 1036], "summary": {"covered_lines": 18, "num_statements": 21, "percent_covered": 85.71428571428571, "percent_covered_display": "86", "missing_lines": 3, "excluded_lines": 0, "percent_statements_covered": 85.71428571428571, "percent_statements_covered_display": "86"}, "missing_lines": [1037, 1038, 1039], "excluded_lines": [], "start_line": 987}, "App._convert_a1": {"executed_lines": [], "summary": {"covered_lines": 0, "num_statements": 1, "percent_covered": 0.0, "percent_covered_display": "0", "missing_lines": 1, "excluded_lines": 0, "percent_statements_covered": 0.0, "percent_statements_covered_display": "0"}, "missing_lines": [1043], "excluded_lines": [], "start_line": 1041}, "App._apply_recolor": {"executed_lines": [1047, 1048, 1049, 1050, 1051, 1052, 1053, 1054, 1055, 1058, 1059, 1060, 1061], "summary": {"covered_lines": 13, "num_statements": 13, "percent_covered": 100.0, "percent_covered_display": "100", "missing_lines": 0, "excluded_lines": 0, "percent_statements_covered": 100.0, "percent_statements_covered_display": "100"}, "missing_lines": [], "excluded_lines": [], "start_line": 1045}, "App._on_convert_success_a2": {"executed_lines": [1068, 1069, 1070, 1071, 1072, 1074, 1075, 1076, 1077, 1078], "summary": {"covered_lines": 10, "num_statements": 10, "percent_covered": 100.0, "percent_covered_display": "100", "missing_lines": 0, "excluded_lines": 0, "percent_statements_covered": 100.0, "percent_statements_covered_display": "100"}, "missing_lines": [], "excluded_lines": [], "start_line": 1065}, "App._on_convert_success_a4": {"executed_lines": [1087, 1088, 1089, 1090, 1091, 1092, 1094, 1095, 1096, 1097], "summary": {"covered_lines": 10, "num_statements": 10, "percent_covered": 100.0, "percent_covered_display": "100", "missing_lines": 0, "excluded_lines": 0, "percent_statements_covered": 100.0, "percent_statements_covered_display": "100"}, "missing_lines": [], "excluded_lines": [], "start_line": 1080}, "App._on_canvas_mode_change": {"executed_lines": [], "summary": {"covered_lines": 0, "num_statements": 26, "percent_covered": 0.0, "percent_covered_display": "0", "missing_lines": 26, "excluded_lines": 0, "percent_statements_covered": 0.0, "percent_statements_covered_display": "0"}, "missing_lines": [1103, 1104, 1105, 1106, 1107, 1108, 1109, 1110, 1111, 1115, 1116, 1117, 1118, 1119, 1122, 1123, 1124, 1125, 1126, 1127, 1129, 1130, 1131, 1132, 1133, 1134], "excluded_lines": [], "start_line": 1101}, "App._on_convert_success_a3": {"executed_lines": [1143, 1144, 1145, 1146, 1147, 1148, 1150, 1151, 1152, 1153, 1154], "summary": {"covered_lines": 11, "num_statements": 11, "percent_covered": 100.0, "percent_covered_display": "100", "missing_lines": 0, "excluded_lines": 0, "percent_statements_covered": 100.0, "percent_statements_covered_display": "100"}, "missing_lines": [], "excluded_lines": [], "start_line": 1136}, "App._on_convert_success_single": {"executed_lines": [1161, 1162, 1163, 1164, 1165, 1166], "summary": {"covered_lines": 6, "num_statements": 6, "percent_covered": 100.0, "percent_covered_display": "100", "missing_lines": 0, "excluded_lines": 0, "percent_statements_covered": 100.0, "percent_statements_covered_display": "100"}, "missing_lines": [], "excluded_lines": [], "start_line": 1158}, "App._on_convert_error": {"executed_lines": [1169, 1170], "summary": {"covered_lines": 2, "num_statements": 2, "percent_covered": 100.0, "percent_covered_display": "100", "missing_lines": 0, "excluded_lines": 0, "percent_statements_covered": 100.0, "percent_statements_covered_display": "100"}, "missing_lines": [], "excluded_lines": [], "start_line": 1168}, "App._on_recolor_state_change": {"executed_lines": [1176], "summary": {"covered_lines": 1, "num_statements": 1, "percent_covered": 100.0, "percent_covered_display": "100", "missing_lines": 0, "excluded_lines": 0, "percent_statements_covered": 100.0, "percent_statements_covered_display": "100"}, "missing_lines": [], "excluded_lines": [], "start_line": 1174}, "App._on_recolor_preview_ready": {"executed_lines": [1180], "summary": {"covered_lines": 1, "num_statements": 1, "percent_covered": 100.0, "percent_covered_display": "100", "missing_lines": 0, "excluded_lines": 0, "percent_statements_covered": 100.0, "percent_statements_covered_display": "100"}, "missing_lines": [], "excluded_lines": [], "start_line": 1178}, "App._export": {"executed_lines": [1185, 1186, 1188, 1189, 1191, 1193, 1194, 1195, 1196, 1197, 1198, 1199, 1200], "summary": {"covered_lines": 13, "num_statements": 14, "percent_covered": 92.85714285714286, "percent_covered_display": "93", "missing_lines": 1, "excluded_lines": 0, "percent_statements_covered": 92.85714285714286, "percent_statements_covered_display": "93"}, "missing_lines": [1202], "excluded_lines": [], "start_line": 1184}, "App._export_standard": {"executed_lines": [1206, 1207, 1208, 1209, 1210, 1211, 1212, 1214, 1216, 1221, 1229, 1230, 1231, 1234, 1235, 1236, 1237, 1238, 1239, 1242, 1244, 1245, 1246, 1248, 1249, 1250], "summary": {"covered_lines": 26, "num_statements": 28, "percent_covered": 92.85714285714286, "percent_covered_display": "93", "missing_lines": 2, "excluded_lines": 0, "percent_statements_covered": 92.85714285714286, "percent_statements_covered_display": "93"}, "missing_lines": [1251, 1252], "excluded_lines": [], "start_line": 1204}, "App._export_a3": {"executed_lines": [], "summary": {"covered_lines": 0, "num_statements": 29, "percent_covered": 0.0, "percent_covered_display": "0", "missing_lines": 29, "excluded_lines": 0, "percent_statements_covered": 0.0, "percent_statements_covered_display": "0"}, "missing_lines": [1260, 1261, 1262, 1263, 1265, 1266, 1267, 1268, 1271, 1272, 1273, 1274, 1277, 1279, 1280, 1281, 1284, 1285, 1286, 1287, 1290, 1292, 1293, 1294, 1296, 1297, 1298, 1299, 1300], "excluded_lines": [], "start_line": 1254}, "App._export_a4": {"executed_lines": [1309, 1310, 1311, 1312, 1316, 1317, 1318, 1319, 1323, 1324, 1325, 1330, 1331, 1332, 1336, 1337, 1343, 1344, 1345, 1347, 1348, 1350, 1351], "summary": {"covered_lines": 23, "num_statements": 27, "percent_covered": 85.18518518518519, "percent_covered_display": "85", "missing_lines": 4, "excluded_lines": 0, "percent_statements_covered": 85.18518518518519, "percent_statements_covered_display": "85"}, "missing_lines": [1328, 1338, 1341, 1349], "excluded_lines": [], "start_line": 1303}, "App._export_recolor": {"executed_lines": [1355, 1356, 1357, 1358, 1359, 1360, 1361, 1362, 1363], "summary": {"covered_lines": 9, "num_statements": 11, "percent_covered": 81.81818181818181, "percent_covered_display": "82", "missing_lines": 2, "excluded_lines": 0, "percent_statements_covered": 81.81818181818181, "percent_statements_covered_display": "82"}, "missing_lines": [1364, 1365], "excluded_lines": [], "start_line": 1353}, "App._export_resize": {"executed_lines": [1369, 1370, 1373, 1374, 1375, 1376, 1377], "summary": {"covered_lines": 7, "num_statements": 11, "percent_covered": 63.63636363636363, "percent_covered_display": "64", "missing_lines": 4, "excluded_lines": 0, "percent_statements_covered": 63.63636363636363, "percent_statements_covered_display": "64"}, "missing_lines": [1371, 1372, 1378, 1379], "excluded_lines": [], "start_line": 1367}, "App._pick_output_dir": {"executed_lines": [], "summary": {"covered_lines": 0, "num_statements": 4, "percent_covered": 0.0, "percent_covered_display": "0", "missing_lines": 4, 
[...]
72, 373, 374, 377, 384, 385, 386, 387, 388, 393, 396, 399, 400, 405, 408, 409, 414, 415, 419, 427, 436, 437, 438, 439, 441, 442, 443, 446, 447, 448, 449, 451, 454, 459, 460, 461, 464, 465, 466, 467, 469, 472, 474, 479, 480, 481, 484, 485, 486, 487, 489, 494, 497, 498, 499, 501, 504, 505, 507, 508, 509, 512, 517, 518, 526, 527, 529, 530, 534, 535, 538, 541, 547, 550, 554, 555, 556, 557, 558, 563, 564, 565, 567, 571, 577, 578, 583, 584, 585, 588, 589, 591, 595, 597, 601, 603, 607, 609, 611, 612, 615, 617, 621, 624, 730, 733, 736, 737, 738, 739, 741, 742, 743, 744, 745, 747, 748, 749, 750, 752, 755, 756, 757, 764, 766, 767, 777, 786, 787, 789, 792, 793, 794, 795, 796, 797, 798, 799, 800, 803, 804, 807, 808, 809, 810, 811, 812, 815, 816, 819, 822, 823, 824, 825, 826, 828, 829, 830, 833, 834, 835, 836, 837, 838, 839, 840, 841, 842, 845, 846, 853, 854, 855, 856, 859, 860, 862, 863, 864, 866, 874, 875, 876, 880, 881, 882, 883, 884, 885, 886, 887, 889, 893, 894, 896, 898, 904, 914, 915, 916, 921, 923, 924, 926, 928, 929, 936, 937, 938, 939, 940, 941, 945, 946, 947, 948, 950, 953, 954, 955, 956, 957, 960, 965, 970, 977, 978, 979, 980, 982, 983, 984, 985, 989, 990, 991, 992, 995, 996, 997, 998, 999, 1002, 1005, 1014, 1024, 1031, 1032, 1033, 1034, 1036, 1047, 1048, 1049, 1050, 1051, 1052, 1053, 1054, 1055, 1058, 1059, 1060, 1061, 1068, 1069, 1070, 1071, 1072, 1074, 1075, 1076, 1077, 1078, 1087, 1088, 1089, 1090, 1091, 1092, 1094, 1095, 1096, 1097, 1143, 1144, 1145, 1146, 1147, 1148, 1150, 1151, 1152, 1153, 1154, 1161, 1162, 1163, 1164, 1165, 1166, 1169, 1170, 1176, 1180, 1185, 1186, 1188, 1189, 1191, 1193, 1194, 1195, 1196, 1197, 1198, 1199, 1200, 1206, 1207, 1208, 1209, 1210, 1211, 1212, 1214, 1216, 1221, 1229, 1230, 1231, 1234, 1235, 1236, 1237, 1238, 1239, 1242, 1244, 1245, 1246, 1248, 1249, 1250, 1309, 1310, 1311, 1312, 1316, 1317, 1318, 1319, 1323, 1324, 1325, 1330, 1331, 1332, 1336, 1337, 1343, 1344, 1345, 1347, 1348, 1350, 1351, 1355, 1356, 1357, 1358, 1359, 1360, 1361, 1362, 1363, 1369, 1370, 1373, 1374, 1375, 1376, 1377, 1393, 1394, 1395, 1396, 1398, 1399, 1400, 1401, 1407, 1408, 1409, 1413, 1417, 1418, 1419, 1420, 1423, 1424, 1425, 1428, 1429, 1430, 1431, 1432, 1433, 1434, 1436, 1437, 1438, 1439, 1442, 1444, 1472, 1475, 1477, 1478, 1479, 1480, 1485, 1486, 1489, 1490, 1491, 1492, 1493, 1494, 1495, 1499, 1500, 1502, 1503, 1504, 1511, 1512, 1514, 1515, 1520, 1521, 1522, 1523, 1524, 1525, 1526, 1527, 1528, 1530, 1531, 1532, 1533, 1536, 1537, 1538, 1539, 1540, 1555, 1556, 1557, 1560, 1562, 1563, 1564, 1565, 1566, 1567, 1574, 1575, 1576, 1587, 1592, 1593, 1594, 1595, 1596, 1597, 1600, 1610, 1611, 1612, 1615, 1616, 1617, 1618, 1621, 1622, 1623, 1624, 1625, 1626, 1628, 1629, 1630, 1631, 1637, 1639, 1648, 1649, 1650, 1651, 1652, 1653, 1654, 1655, 1663, 1664, 1665, 1666, 1667, 1668, 1669, 1674], "summary": {"covered_lines": 601, "num_statements": 802, "percent_covered": 74.93765586034912, "percent_covered_display": "75", "missing_lines": 201, "excluded_lines": 0, "percent_statements_covered": 74.93765586034912, "percent_statements_covered_display": "75"}, "missing_lines": [204, 205, 206, 207, 208, 217, 629, 633, 634, 636, 637, 638, 639, 643, 645, 648, 649, 650, 651, 652, 653, 655, 658, 659, 660, 661, 662, 663, 664, 665, 668, 669, 670, 671, 672, 673, 676, 685, 686, 687, 688, 689, 690, 691, 692, 695, 696, 698, 699, 700, 701, 704, 705, 711, 712, 713, 714, 715, 719, 720, 721, 722, 723, 758, 759, 760, 761, 762, 778, 779, 780, 781, 782, 783, 843, 844, 848, 890, 891, 905, 906, 907, 917, 918, 919, 930, 931, 932, 1037, 1038, 1039, 1043, 1103, 1104, 1105, 1106, 1107, 1108, 1109, 1110, 1111, 1115, 1116, 1117, 1118, 1119, 1122, 1123, 1124, 1125, 1126, 1127, 1129, 1130, 1131, 1132, 1133, 1134, 1202, 1251, 1252, 1260, 1261, 1262, 1263, 1265, 1266, 1267, 1268, 1271, 1272, 1273, 1274, 1277, 1279, 1280, 1281, 1284, 1285, 1286, 1287, 1290, 1292, 1293, 1294, 1296, 1297, 1298, 1299, 1300, 1328, 1338, 1341, 1349, 1364, 1365, 1371, 1372, 1378, 1379, 1382, 1383, 1384, 1385, 1403, 1421, 1440, 1443, 1449, 1450, 1453, 1454, 1455, 1456, 1460, 1461, 1464, 1465, 1473, 1501, 1543, 1544, 1545, 1546, 1547, 1548, 1549, 1550, 1561, 1577, 1578, 1579, 1583, 1632, 1633, 1634, 1635, 1656, 1661, 1662, 1680], "excluded_lines": [], "start_line": 163}, "": {"executed_lines": [15, 17, 18, 19, 20, 21, 22, 23, 24, 25, 26, 28, 29, 30, 31, 32, 33, 34, 35, 36, 37, 38, 42, 43, 45, 47, 49, 59, 67, 77, 96, 99, 107, 115, 117, 118, 120, 121, 123, 124, 125, 126, 127, 128, 129, 130, 132, 139, 146, 147, 149, 150, 152, 163, 164, 201, 212, 223, 240, 248, 260, 308, 325, 344, 357, 370, 382, 417, 425, 435, 445, 463, 483, 532, 552, 562, 582, 628, 709, 717, 725, 806, 818, 821, 832, 852, 878, 909, 934, 943, 987, 1041, 1045, 1065, 1080, 1101, 1136, 1158, 1168, 1174, 1178, 1184, 1204, 1254, 1303, 1353, 1367, 1381, 1389, 1405, 1416, 1427, 1448, 1458, 1467, 1484, 1488, 1497, 1498, 1506, 1507, 1519, 1535, 1542, 1554, 1559, 1571, 1591, 1599, 1614, 1620, 1679], "summary": {"covered_lines": 132, "num_statements": 132, "percent_covered": 100.0, "percent_covered_display": "100", "missing_lines": 0, "excluded_lines": 0, "percent_statements_covered": 100.0, "percent_statements_covered_display": "100"}, "missing_lines": [], "excluded_lines": [], "start_line": 1}}}, "src/asset_convertor/gui/recolor_panel.py": {"executed_lines": [17, 19, 20, 21, 22, 23, 25, 26, 27, 34, 35, 41, 42, 43, 46, 48, 51, 63, 70, 71, 72, 73, 74, 75, 77, 78, 80, 81, 82, 85, 86, 92, 93, 94, 95, 97, 103, 107, 109, 113, 114, 116, 117, 118, 122, 123, 125, 127, 128, 129, 130, 132, 133, 134, 135, 137, 139, 141, 142, 144, 145, 146, 153, 155, 156, 160, 162, 168, 169, 170, 171, 173, 178, 179, 180, 181, 182, 184, 188, 189, 190, 193, 198, 201, 202, 203, 205, 206, 207, 208, 210, 212, 213, 214, 216, 217, 219, 222, 223, 226, 229, 235, 236, 237, 238, 239, 241, 247, 248, 249, 251, 255, 258, 259, 260, 262, 264, 265, 268, 272, 275, 278, 283, 284, 290, 291, 293, 295, 297, 300, 302, 303, 304, 310, 315, 316, 317, 318, 319, 320, 321, 322, 323, 324, 325, 327, 328, 329, 331, 333, 334, 335, 339, 340, 341, 343, 345, 346, 347, 348, 349, 350, 351, 352, 353, 359, 361, 362, 363, 364, 365, 366, 372, 374, 375, 376, 378, 401], "summary": {"covered_lines": 178, "num_statements": 202, "percent_covered": 88.11881188118812, "percent_covered_display": "88", "missing_lines": 24, "excluded_lines": 0, "percent_statements_covered": 88.11881188118812, "percent_statements_covered_display": "88"}, "missing_lines": [256, 305, 306, 307, 308, 380, 381, 382, 383, 384, 385, 387, 388, 389, 390, 391, 392, 393, 394, 395, 396, 397, 399, 405], "excluded_lines": [], "functions": {"_rgb_hex": {"executed_lines": [48], "summary": {"covered_lines": 1, "num_statements": 1, "percent_covered": 100.0, "percent_covered_display": "100", "missing_lines": 0, "excluded_lines": 0, "percent_statements_covered": 100.0, "percent_statements_covered_display": "100"}, "missing_lines": [], "excluded_lines": [], "start_line": 46}, "RecolorPanel.__init__": {"executed_lines": [70, 71, 72, 73, 74, 75, 77, 78, 80, 81, 82, 85, 86], "summary": {"covered_lines": 13, "num_statements": 13, "percent_covered": 100.0, "percent_covered_display": "100", "missing_lines": 0, "excluded_lines": 0, "percent_statements_covered": 100.0, "percent_statements_covered_display": "100"}, "missing_lines": [], "excluded_lines": [], "start_line": 63}, "RecolorPanel._build_palette_section": {"executed_lines": [93, 94, 95, 97, 103, 107, 109, 113, 114, 116, 117, 118, 122, 123], "summary": {"covered_lines": 14, "num_statements": 14, "percent_covered": 100.0, "percent_covered_display": "100", "missing_lines": 0, "excluded_lines": 0, "percent_statements_covered": 100.0, "percent_statements_covered_display": "100"}, "missing_lines": [], "excluded_lines": [], "start_line": 92}, "RecolorPanel._extract_and_show_palette": {"executed_lines": [127, 128, 129, 130, 132, 133, 134, 135, 137], "summary": {"covered_lines": 9, "num_statements": 9, "percent_covered": 100.0, "percent_covered_display": "100", "missing_lines": 0, "excluded_lines": 0, "percent_statements_covered": 100.0, "percent_statements_covered_display": "100"}, "missing_lines": [], "excluded_lines": [], "start_line": 125}, "RecolorPanel._rebuild_swatches": {"executed_lines": [141, 142, 144, 145, 146, 153, 155, 156], "summary": {"covered_lines": 8, "num_statements": 8, "percent_covered": 100.0, "percent_covered_display": "100", "missing_lines": 0, "excluded_lines": 0, "percent_statements_covered": 100.0, "percent_statements_covered_display": "100"}, "missing_lines": [], "excluded_lines": [], "start_line": 139}, "RecolorPanel._on_source_swatch_click": {"executed_lines": [162], "summary": {"covered_lines": 1, "num_statements": 1, "percent_covered": 100.0, "percent_covered_display": "100", "missing_lines": 0, "excluded_lines": 0, "percent_statements_covered": 100.0, "percent_statements_covered_display": "100"}, "missing_lines": [], "excluded_lines": [], "start_line": 160}, "RecolorPanel._build_presets_section": {"executed_lines": [169, 170, 171, 173, 178, 179, 180, 181, 182], "summary": {"covered_lines": 9, "num_statements": 9, "percent_covered": 100.0, "percent_covered_display": "100", "missing_lines": 0, "excluded_lines": 0, "percent_statements_covered": 100.0, "percent_statements_covered_display": "100"}, "missing_lines": [], "excluded_lines": [], "start_line": 168}, "RecolorPanel._build_preset_chip": {"executed_lines": [188, 189, 190, 193, 198, 201, 202, 203, 205, 206, 207, 208], "summary": {"covered_lines": 12, "num_statements": 12, "percent_covered": 100.0, "percent_covered_display": "100", "missing_lines": 0, "excluded_lines": 0, "percent_statements_covered": 100.0, "percent_statements_covered_display": "100"}, "missing_lines": [], "excluded_lines": [], "start_line": 184}, "RecolorPanel._on_preset_click": {"executed_lines": [212, 213, 214, 216, 217, 219, 222, 223, 226, 229], "summary": {"covered_lines": 10, "num_statements": 10, "percent_covered": 100.0, "percent_covered_display": "100", "missing_lines": 0, "excluded_lines": 0, "percent_statements_covered": 100.0, "percent_statements_covered_display": "100"}, "missing_lines": [], "excluded_lines": [], "start_line": 210}, "RecolorPanel._build_remap_section": {"executed_lines": [236, 237, 238, 239, 241, 247, 248, 249], "summary": {"covered_lines": 8, "num_statements": 8, "percent_covered": 100.0, "percent_covered_display": "100", "missing_lines": 0, "excluded_lines": 0, "percent_statements_covered": 100.0, "percent_statements_covered_display": "100"}, "missing_lines": [], "excluded_lines": [], "start_line": 235}, "RecolorPanel._rebuild_remap_rows": {"executed_lines": [255, 258, 259, 260], "summary": {"covered_lines": 4, "num_statements": 5, "percent_covered": 80.0, "percent_covered_display": "80", "missing_lines": 1, "excluded_lines": 0, "percent_statements_covered": 80.0, "percent_statements_covered_display": "80"}, "missing_lines": [256], "excluded_lines": [], "start_line": 251}, "RecolorPanel._build_remap_row": {"executed_lines": [264, 265, 268, 272, 275, 278, 283, 284, 290, 291, 293, 295, 297], "summary": {"covered_lines": 13, "num_statements": 13, "percent_covered": 100.0, "percent_covered_display": "100", "missing_lines": 0, "excluded_lines": 0, "percent_statements_covered": 100.0, "percent_statements_covered_display": "100"}, "missing_lines": [], "excluded_lines": [], "start_line": 262}, "RecolorPanel._open_color_picker": {"executed_lines": [302, 303, 304], "summary": {"covered_lines": 3, "num_statements": 7, "percent_covered": 42.857142857142854, "percent_covered_display": "43", "missing_lines": 4, "excluded_lines": 0, "percent_statements_covered": 42.857142857142854, "percent_statements_covered_display": "43"}, "missing_lines": [305, 306, 307, 308], "excluded_lines": [], "start_line": 300}, "RecolorPanel._on_hex_commit": {"executed_lines": [315, 316, 317, 318, 319, 320, 321, 322, 323, 324, 325, 327, 328, 329], "summary": {"covered_lines": 14, "num_statements": 14, "percent_covered": 100.0, "percent_covered_display": "100", "missing_lines": 0, "excluded_lines": 0, "percent_statements_covered": 100.0, "percent_statements_covered_display": "100"}, "missing_lines": [], "excluded_lines": [], "start_line": 310}, "RecolorPanel._flash_entry_error": {"executed_lines": [333, 334, 335, 339, 340, 341], "summary": {"covered_lines": 6, "num_statements": 6, "percent_covered": 100.0, "percent_covered_display": "100", "missing_lines": 0, "excluded_lines": 0, "percent_statements_covered": 100.0, "percent_statements_covered_display": "100"}, "missing_lines": [], "excluded_lines": [], "start_line": 331}, "RecolorPanel._update_remap_entry": {"executed_lines": [345, 346, 347, 348, 349, 350, 351, 352, 353], "summary": {"covered_lines": 9, "num_statements": 9, "percent_covered": 100.0, "percent_covered_display": "100", "missing_lines": 0, "excluded_lines": 0, "percent_statements_covered": 100.0, "percent_statements_covered_display": "100"}, "missing_lines": [], "excluded_lines": [], "start_line": 343}, "RecolorPanel.update_state": {"executed_lines": [361, 362, 363, 364, 365, 366], "summary": {"covered_lines": 6, "num_statements": 6, "percent_covered": 100.0, "percent_covered_display": "100", "missing_lines": 0, "excluded_lines": 0, "percent_statements_covered": 100.0, "percent_statements_covered_display": "100"}, "missing_lines": [], "excluded_lines": [], "start_line": 359}, "RecolorPanel._schedule_preview_refresh": {"executed_lines": [374, 375, 376], "summary": {"covered_lines": 3, "num_statements": 3, "percent_covered": 100.0, "percent_covered_display": "100", "missing_lines": 0, "excluded_lines": 0, "percent_statements_covered": 100.0, "percent_statements_covered_display": "100"}, "missing_lines": [], "excluded_lines": [], "start_line": 372}, "RecolorPanel._refresh_preview": {"executed_lines": [], "summary": {"covered_lines": 0, "num_statements": 8, "percent_covered": 0.0, "percent_covered_display": "0", "missing_lines": 8, "excluded_lines": 0, "percent_statements_covered": 0.0, "percent_statements_covered_display": "0"}, "missing_lines": [380, 381, 382, 383, 384, 385, 387, 399], "excluded_lines": [], "start_line": 378}, "RecolorPanel._refresh_preview._worker": {"executed_lines": [], "summary": {"covered_lines": 0, "num_statements": 10, "percent_covered": 0.0, "percent_covered_display": "0", "missing_lines": 10, "excluded_lines": 0, "percent_statements_covered": 0.0, "percent_statements_covered_display": "0"}, "missing_lines": [388, 389, 390, 391, 392, 393, 394, 395, 396, 397], "excluded_lines": [], "start_line": 387}, "RecolorPanel._on_preview_update_error": {"executed_lines": [], "summary": {"covered_lines": 0, "num_statements": 1, "percent_covered": 0.0, "percent_covered_display": "0", "missing_lines": 1, "excluded_lines": 0, "percent_statements_covered": 0.0, "percent_statements_covered_display": "0"}, "missing_lines": [405], "excluded_lines": [], "start_line": 401}, "": {"executed_lines": [17, 19, 20, 21, 22, 23, 25, 26, 27, 34, 35, 41, 42, 43, 46, 51, 63, 92, 125, 139, 160, 168, 184, 210, 235, 251, 262, 300, 310, 331, 343, 359, 372, 378, 401], "summary": {"covered_lines": 35, "num_statements": 35, "percent_covered": 100.0, "percent_covered_display": "100", "missing_lines": 0, "excluded_lines": 0, "percent_statements_covered": 100.0, "percent_statements_covered_display": "100"}, "missing_lines": [], "excluded_lines": [], "start_line": 1}}, "classes": {"RecolorPanel": {"executed_lines": [70, 71, 72, 73, 74, 75, 77, 78, 80, 81, 82, 85, 86, 93, 94, 95, 97, 103, 107, 109, 113, 114, 116, 117, 118, 122, 123, 127, 128, 129, 130, 132, 133, 134, 135, 137, 141, 142, 144, 145, 146, 153, 155, 156, 162, 169, 170, 171, 173, 178, 179, 180, 181, 182, 188, 189, 190, 193, 198, 201, 202, 203, 205, 206, 207, 208, 212, 213, 214, 216, 217, 219, 222, 223, 226, 229, 236, 237, 238, 239, 241, 247, 248, 249, 255, 258, 259, 260, 264, 265, 268, 272, 275, 278, 283, 284, 290, 291, 293, 295, 297, 302, 303, 304, 315, 316, 317, 318, 319, 320, 321, 322, 323, 324, 325, 327, 328, 329, 333, 334, 335, 339, 340, 341, 345, 346, 347, 348, 349, 350, 351, 352, 353, 361, 362, 363, 364, 365, 366, 374, 375, 376], "summary": {"covered_lines": 142, "num_statements": 166, "percent_covered": 85.5421686746988, "percent_covered_display": "86", "missing_lines": 24, "excluded_lines": 0, "percent_statements_covered": 85.5421686746988, "percent_statements_covered_display": "86"}, "missing_lines": [256, 305, 306, 307, 308, 380, 381, 382, 383, 384, 385, 387, 388, 389, 390, 391, 392, 393, 394, 395, 396, 397, 399, 405], "excluded_lines": [], "start_line": 51}, "": {"executed_lines": [17, 19, 20, 21, 22, 23, 25, 26, 27, 34, 35, 41, 42, 43, 46, 48, 51, 63, 92, 125, 139, 160, 168, 184, 210, 235, 251, 262, 300, 310, 331, 343, 359, 372, 378, 401], "summary": {"covered_lines": 36, "num_statements": 36, "percent_covered": 100.0, "percent_covered_display": "100", "missing_lines": 0, "excluded_lines": 0, "percent_statements_covered": 100.0, "percent_statements_covered_display": "100"}, "missing_lines": [], "excluded_lines": [], "start_line": 1}}}, "src/asset_convertor/gui/state.py": {"executed_lines": [12, 14, 15, 16, 18, 19, 25, 26, 29, 31, 38, 39, 42, 43, 45, 46, 48, 49, 51, 52, 55, 56, 65, 66, 68, 69, 72, 73, 75, 76, 79, 80, 82, 83, 85, 86, 89, 90, 92, 93, 95, 96, 99, 100, 102, 103, 106, 107, 110, 111], "summary": {"covered_lines": 50, "num_statements": 50, "percent_covered": 100.0, "percent_covered_display": "100", "missing_lines": 0, "excluded_lines": 0, "percent_statements_covered": 100.0, "percent_statements_covered_display": "100"}, "missing_lines": [], "excluded_lines": [], "functions": {"_default_output_dir": {"executed_lines": [31], "summary": {"covered_lines": 1, "num_statements": 1, "percent_covered": 100.0, "percent_covered_display": "100", "missing_lines": 0, "excluded_lines": 0, "percent_statements_covered": 100.0, "percent_statements_covered_display": "100"}, "missing_lines": [], "excluded_lines": [], "start_line": 29}, "": {"executed_lines": [12, 14, 15, 16, 18, 19, 25, 26, 29, 38, 39, 42, 43, 45, 46, 48, 49, 51, 52, 55, 56, 65, 66, 68, 69, 72, 73, 75, 76, 79, 80, 82, 83, 85, 86, 89, 90, 92, 93, 95, 96, 99, 100, 102, 103, 106, 107, 110, 111], "summary": {"covered_lines": 49, "num_statements": 49, "percent_covered": 100.0, "percent_covered_display": "100", "missing_lines": 0, "excluded_lines": 0, "percent_statements_covered": 100.0, "percent_statements_covered_display": "100"}, "missing_lines": [], "excluded_lines": [], "start_line": 1}}, "classes": {"RecolorState": {"executed_lines": [], "summary": {"covered_lines": 0, "num_statements": 0, "percent_covered": 100.0, "percent_covered_display": "100", "missing_lines": 0, "excluded_lines": 0, "percent_statements_covered": 100.0, "percent_statements_covered_display": "100"}, "missing_lines": [], "excluded_lines": [], "start_line": 39}, "AppState": {"executed_lines": [], "summary": {"covered_lines": 0, "num_statements": 0, "percent_covered": 100.0, "percent_covered_display": "100", "missing_lines": 0, "excluded_lines": 0, "percent_statements_covered": 100.0, "percent_statements_covered_display": "100"}, "missing_lines": [], "excluded_lines": [], "start_line": 56}, "": {"executed_lines": [12, 14, 15, 16, 18, 19, 25, 26, 29, 31, 38, 39, 42, 43, 45, 46, 48, 49, 51, 52, 55, 56, 65, 66, 68, 69, 72, 73, 75, 76, 79, 80, 82, 83, 85, 86, 89, 90, 92, 93, 95, 96, 99, 100, 102, 103, 106, 107, 110, 111], "summary": {"covered_lines": 50, "num_statements": 50, "percent_covered": 100.0, "percent_covered_display": "100", "missing_lines": 0, "excluded_lines": 0, "percent_statements_covered": 100.0, "percent_statements_covered_display": "100"}, "missing_lines": [], "excluded_lines": [], "start_line": 1}}}}, "totals": {"covered_lines": 1722, "num_statements": 1982, "percent_covered": 86.88193743693239, "percent_covered_display": "87", "missing_lines": 260, "excluded_lines": 0, "percent_statements_covered": 86.88193743693239, "percent_statements_covered_display": "87"}}